#
# There is insufficient memory for the Java Runtime Environment to continue.
# Native memory allocation (malloc) failed to allocate 1756016 bytes for Chunk::new
# Possible reasons:
#   The system is out of physical RAM or swap space
#   The process is running with CompressedOops enabled, and the Java Heap may be blocking the growth of the native heap
# Possible solutions:
#   Reduce memory load on the system
#   Increase physical memory or swap space
#   Check if swap backing store is full
#   Decrease Java heap size (-Xmx/-Xms)
#   Decrease number of Java threads
#   Decrease Java thread stack sizes (-Xss)
#   Set larger code cache with -XX:ReservedCodeCacheSize=
#   JVM is running with Unscaled Compressed Oops mode in which the Java heap is
#     placed in the first 4GB address space. The Java Heap base address is the
#     maximum limit for the native heap growth. Please use -XX:HeapBaseMinAddress
#     to set the Java Heap base and to place the Java Heap above 4GB virtual address.
# This output file may be truncated or incomplete.
#
#  Out of Memory Error (./src/hotspot/share/memory/arena.cpp:197), pid=3472, tid=16888
#
# JRE version: OpenJDK Runtime Environment (11.0.11+9) (build 11.0.11+9-b60-7590822)
# Java VM: OpenJDK 64-Bit Server VM (11.0.11+9-b60-7590822, mixed mode, tiered, compressed oops, g1 gc, windows-amd64)
# No core dump will be written. Minidumps are not enabled by default on client versions of Windows
#

---------------  S U M M A R Y ------------

Command Line: --add-opens=java.base/java.util=ALL-UNNAMED --add-opens=java.base/java.lang=ALL-UNNAMED --add-opens=java.base/java.lang.invoke=ALL-UNNAMED --add-opens=java.base/java.util=ALL-UNNAMED --add-opens=java.prefs/java.util.prefs=ALL-UNNAMED --add-opens=java.prefs/java.util.prefs=ALL-UNNAMED --add-opens=java.base/java.nio.charset=ALL-UNNAMED --add-opens=java.base/java.net=ALL-UNNAMED --add-opens=java.base/java.util.concurrent.atomic=ALL-UNNAMED -Xmx2048m -Dfile.encoding=UTF-8 -Duser.country=RU -Duser.language=ru -Duser.variant org.gradle.launcher.daemon.bootstrap.GradleDaemon 7.2

Host: Intel(R) Core(TM) i3-7020U CPU @ 2.30GHz, 4 cores, 7G,  Windows 10 , 64 bit Build 19041 (10.0.19041.1566)
Time: Mon Apr 11 21:29:35 2022 RTZ 2 (зима) elapsed time: 10.292515 seconds (0d 0h 0m 10s)

---------------  T H R E A D  ---------------

Current thread (0x000001c36a070800):  JavaThread "C2 CompilerThread1" daemon [_thread_in_native, id=16888, stack(0x00000039ce400000,0x00000039ce500000)]


Current CompileTask:
C2:  10292 2996       4       jdk.internal.loader.URLClassPath::getResource (74 bytes)

Stack: [0x00000039ce400000,0x00000039ce500000]
Native frames: (J=compiled Java code, j=interpreted, Vv=VM code, C=native code)
V  [jvm.dll+0x5f214a]
V  [jvm.dll+0x726fb5]
V  [jvm.dll+0x7285cd]
V  [jvm.dll+0x728c83]
V  [jvm.dll+0x243278]
V  [jvm.dll+0xbc53c]
V  [jvm.dll+0xbca3c]
V  [jvm.dll+0x353e3b]
V  [jvm.dll+0x19875c]
V  [jvm.dll+0x1fc2ee]
V  [jvm.dll+0x1fb3d4]
V  [jvm.dll+0x183d6c]
V  [jvm.dll+0x209a57]
V  [jvm.dll+0x2082a1]
V  [jvm.dll+0x6ef58f]
V  [jvm.dll+0x6e80b5]
V  [jvm.dll+0x5f1036]
C  [ucrtbase.dll+0x21bb2]
C  [KERNEL32.DLL+0x17034]
C  [ntdll.dll+0x52651]


---------------  P R O C E S S  ---------------

Threads class SMR info:
_java_thread_list=0x000001c3692ac610, length=35, elements={
0x000001c34bfcd800, 0x000001c365baf800, 0x000001c365bb3000, 0x000001c365bce000,
0x000001c365bcf000, 0x000001c365bd0000, 0x000001c365be1800, 0x000001c365be2800,
0x000001c365be4800, 0x000001c3666b1000, 0x000001c368a56000, 0x000001c36870b800,
0x000001c3670a3800, 0x000001c368a7f000, 0x000001c367ecc000, 0x000001c3687dc800,
0x000001c36892b800, 0x000001c368cfd000, 0x000001c367a7a000, 0x000001c36a41f800,
0x000001c36a41a000, 0x000001c36a41e000, 0x000001c36a41b800, 0x000001c36a41a800,
0x000001c36a41c800, 0x000001c36a41d000, 0x000001c36a420800, 0x000001c36a41f000,
0x000001c368c42800, 0x000001c368c41800, 0x000001c368c40000, 0x000001c368c3c800,
0x000001c368c3f000, 0x000001c368c40800, 0x000001c36a070800
}

Java Threads: ( => current thread )
  0x000001c34bfcd800 JavaThread "main" [_thread_blocked, id=11068, stack(0x00000039cb800000,0x00000039cb900000)]
  0x000001c365baf800 JavaThread "Reference Handler" daemon [_thread_blocked, id=1240, stack(0x00000039cbf00000,0x00000039cc000000)]
  0x000001c365bb3000 JavaThread "Finalizer" daemon [_thread_blocked, id=14572, stack(0x00000039cc000000,0x00000039cc100000)]
  0x000001c365bce000 JavaThread "Signal Dispatcher" daemon [_thread_blocked, id=13736, stack(0x00000039cc100000,0x00000039cc200000)]
  0x000001c365bcf000 JavaThread "Attach Listener" daemon [_thread_blocked, id=15388, stack(0x00000039cc200000,0x00000039cc300000)]
  0x000001c365bd0000 JavaThread "Service Thread" daemon [_thread_blocked, id=12420, stack(0x00000039cc300000,0x00000039cc400000)]
  0x000001c365be1800 JavaThread "C2 CompilerThread0" daemon [_thread_in_native, id=13776, stack(0x00000039cc400000,0x00000039cc500000)]
  0x000001c365be2800 JavaThread "C1 CompilerThread0" daemon [_thread_in_native, id=12716, stack(0x00000039cc500000,0x00000039cc600000)]
  0x000001c365be4800 JavaThread "Sweeper thread" daemon [_thread_blocked, id=15368, stack(0x00000039cc600000,0x00000039cc700000)]
  0x000001c3666b1000 JavaThread "Common-Cleaner" daemon [_thread_blocked, id=7048, stack(0x00000039cc700000,0x00000039cc800000)]
  0x000001c368a56000 JavaThread "Daemon health stats" [_thread_blocked, id=7016, stack(0x00000039ccc00000,0x00000039ccd00000)]
  0x000001c36870b800 JavaThread "Incoming local TCP Connector on port 60649" [_thread_in_native, id=8736, stack(0x00000039cc900000,0x00000039cca00000)]
  0x000001c3670a3800 JavaThread "Daemon periodic checks" [_thread_blocked, id=8972, stack(0x00000039ccd00000,0x00000039cce00000)]
  0x000001c368a7f000 JavaThread "Daemon" [_thread_blocked, id=244, stack(0x00000039cce00000,0x00000039ccf00000)]
  0x000001c367ecc000 JavaThread "Handler for socket connection from /127.0.0.1:60649 to /127.0.0.1:60650" [_thread_in_native, id=13152, stack(0x00000039ccf00000,0x00000039cd000000)]
  0x000001c3687dc800 JavaThread "Cancel handler" [_thread_blocked, id=14704, stack(0x00000039cd000000,0x00000039cd100000)]
  0x000001c36892b800 JavaThread "Daemon worker" [_thread_in_Java, id=14840, stack(0x00000039cd100000,0x00000039cd200000)]
  0x000001c368cfd000 JavaThread "Asynchronous log dispatcher for DefaultDaemonConnection: socket connection from /127.0.0.1:60649 to /127.0.0.1:60650" [_thread_blocked, id=14276, stack(0x00000039cd200000,0x00000039cd300000)]
  0x000001c367a7a000 JavaThread "Stdin handler" [_thread_blocked, id=3320, stack(0x00000039cd300000,0x00000039cd400000)]
  0x000001c36a41f800 JavaThread "Daemon client event forwarder" [_thread_blocked, id=2284, stack(0x00000039cd400000,0x00000039cd500000)]
  0x000001c36a41a000 JavaThread "Cache worker for journal cache (C:\Users\1290743\.gradle\caches\journal-1)" [_thread_blocked, id=11800, stack(0x00000039cd600000,0x00000039cd700000)]
  0x000001c36a41e000 JavaThread "File lock request listener" [_thread_in_native, id=17256, stack(0x00000039cd700000,0x00000039cd800000)]
  0x000001c36a41b800 JavaThread "Cache worker for file hash cache (C:\Users\1290743\.gradle\caches\7.2\fileHashes)" [_thread_blocked, id=1124, stack(0x00000039cd800000,0x00000039cd900000)]
  0x000001c36a41a800 JavaThread "Cache worker for file hash cache (C:\Users\1290743\Desktop\Kalkulator\.gradle\7.2\fileHashes)" [_thread_blocked, id=15524, stack(0x00000039cd900000,0x00000039cda00000)]
  0x000001c36a41c800 JavaThread "File watcher server" daemon [_thread_in_native, id=15948, stack(0x00000039cdb00000,0x00000039cdc00000)]
  0x000001c36a41d000 JavaThread "File watcher consumer" daemon [_thread_blocked, id=4868, stack(0x00000039cdc00000,0x00000039cdd00000)]
  0x000001c36a420800 JavaThread "jar transforms" [_thread_blocked, id=8620, stack(0x00000039cdd00000,0x00000039cde00000)]
  0x000001c36a41f000 JavaThread "jar transforms Thread 2" [_thread_blocked, id=8772, stack(0x00000039cde00000,0x00000039cdf00000)]
  0x000001c368c42800 JavaThread "jar transforms Thread 3" [_thread_blocked, id=5368, stack(0x00000039cdf00000,0x00000039ce000000)]
  0x000001c368c41800 JavaThread "jar transforms Thread 4" [_thread_blocked, id=11492, stack(0x00000039ce000000,0x00000039ce100000)]
  0x000001c368c40000 JavaThread "Cache worker for checksums cache (C:\Users\1290743\Desktop\Kalkulator\.gradle\checksums)" [_thread_blocked, id=15052, stack(0x00000039cda00000,0x00000039cdb00000)]
  0x000001c368c3c800 JavaThread "Cache worker for cache directory md-supplier (C:\Users\1290743\.gradle\caches\7.2\md-supplier)" [_thread_blocked, id=4524, stack(0x00000039ce100000,0x00000039ce200000)]
  0x000001c368c3f000 JavaThread "Cache worker for cache directory md-rule (C:\Users\1290743\.gradle\caches\7.2\md-rule)" [_thread_blocked, id=11656, stack(0x00000039ce200000,0x00000039ce300000)]
  0x000001c368c40800 JavaThread "Cache worker for execution history cache (C:\Users\1290743\.gradle\caches\7.2\executionHistory)" [_thread_blocked, id=1860, stack(0x00000039ce300000,0x00000039ce400000)]
=>0x000001c36a070800 JavaThread "C2 CompilerThread1" daemon [_thread_in_native, id=16888, stack(0x00000039ce400000,0x00000039ce500000)]

Other Threads:
  0x000001c365bad000 VMThread "VM Thread" [stack: 0x00000039cbe00000,0x00000039cbf00000] [id=3480]
  0x000001c3666c6000 WatcherThread [stack: 0x00000039cc800000,0x00000039cc900000] [id=16516]
  0x000001c34bfe7000 GCTaskThread "GC Thread#0" [stack: 0x00000039cb900000,0x00000039cba00000] [id=8896]
  0x000001c366ba1800 GCTaskThread "GC Thread#1" [stack: 0x00000039cca00000,0x00000039ccb00000] [id=15092]
  0x000001c366c05000 GCTaskThread "GC Thread#2" [stack: 0x00000039ccb00000,0x00000039ccc00000] [id=1788]
  0x000001c367899000 GCTaskThread "GC Thread#3" [stack: 0x00000039cd500000,0x00000039cd600000] [id=13536]
  0x000001c34c017000 ConcurrentGCThread "G1 Main Marker" [stack: 0x00000039cba00000,0x00000039cbb00000] [id=11820]
  0x000001c34c019000 ConcurrentGCThread "G1 Conc#0" [stack: 0x00000039cbb00000,0x00000039cbc00000] [id=6376]
  0x000001c34c0aa800 ConcurrentGCThread "G1 Refine#0" [stack: 0x00000039cbc00000,0x00000039cbd00000] [id=3500]
  0x000001c34c0ab800 ConcurrentGCThread "G1 Young RemSet Sampling" [stack: 0x00000039cbd00000,0x00000039cbe00000] [id=5580]

Threads with active compile tasks:
C2 CompilerThread0  10454 3339       4       jdk.internal.jimage.ImageStringsReader::charsFromByteBuffer (186 bytes)
C1 CompilerThread0  10455 3346       3       jdk.internal.jimage.ImageReader$SharedImageReader::makeDirectories (54 bytes)
C2 CompilerThread1  10455 2996       4       jdk.internal.loader.URLClassPath::getResource (74 bytes)

VM state:not at safepoint (normal execution)

VM Mutex/Monitor currently owned by a thread:  ([mutex/lock_event])
[0x000001c34bfc9f20] Compile_lock - owner thread: 0x000001c365be2800
[0x000001c34bfc8e40] MethodCompileQueue_lock - owner thread: 0x000001c365be2800

Heap address: 0x0000000080000000, size: 2048 MB, Compressed Oops mode: 32-bit
Narrow klass base: 0x0000000000000000, Narrow klass shift: 3
Compressed class space size: 1073741824 Address: 0x0000000100000000

Heap:
 garbage-first heap   total 157696K, used 46675K [0x0000000080000000, 0x0000000100000000)
  region size 1024K, 23 young (23552K), 9 survivors (9216K)
 Metaspace       used 38068K, capacity 39114K, committed 39168K, reserved 1083392K
  class space    used 4949K, capacity 5357K, committed 5376K, reserved 1048576K
Heap Regions: E=young(eden), S=young(survivor), O=old, HS=humongous(starts), HC=humongous(continues), CS=collection set, F=free, A=archive, TAMS=top-at-mark-start (previous, next)
|   0|0x0000000080000000, 0x0000000080100000, 0x0000000080100000|100%| O|  |TAMS 0x0000000080100000, 0x0000000080000000| Untracked 
|   1|0x0000000080100000, 0x0000000080200000, 0x0000000080200000|100%| O|  |TAMS 0x0000000080200000, 0x0000000080100000| Untracked 
|   2|0x0000000080200000, 0x0000000080300000, 0x0000000080300000|100%| O|  |TAMS 0x0000000080300000, 0x0000000080200000| Untracked 
|   3|0x0000000080300000, 0x0000000080400000, 0x0000000080400000|100%|HS|  |TAMS 0x0000000080400000, 0x0000000080300000| Complete 
|   4|0x0000000080400000, 0x0000000080500000, 0x0000000080500000|100%|HC|  |TAMS 0x0000000080500000, 0x0000000080400000| Complete 
|   5|0x0000000080500000, 0x0000000080600000, 0x0000000080600000|100%|HC|  |TAMS 0x0000000080600000, 0x0000000080500000| Complete 
|   6|0x0000000080600000, 0x0000000080700000, 0x0000000080700000|100%| O|  |TAMS 0x0000000080700000, 0x0000000080600000| Untracked 
|   7|0x0000000080700000, 0x0000000080800000, 0x0000000080800000|100%| O|  |TAMS 0x0000000080800000, 0x0000000080700000| Untracked 
|   8|0x0000000080800000, 0x0000000080900000, 0x0000000080900000|100%| O|  |TAMS 0x0000000080900000, 0x0000000080800000| Untracked 
|   9|0x0000000080900000, 0x0000000080a00000, 0x0000000080a00000|100%| O|  |TAMS 0x0000000080a00000, 0x0000000080900000| Untracked 
|  10|0x0000000080a00000, 0x0000000080b00000, 0x0000000080b00000|100%| O|  |TAMS 0x0000000080b00000, 0x0000000080a00000| Untracked 
|  11|0x0000000080b00000, 0x0000000080c00000, 0x0000000080c00000|100%| O|  |TAMS 0x0000000080c00000, 0x0000000080b00000| Untracked 
|  12|0x0000000080c00000, 0x0000000080d00000, 0x0000000080d00000|100%| O|  |TAMS 0x0000000080d00000, 0x0000000080c00000| Untracked 
|  13|0x0000000080d00000, 0x0000000080e00000, 0x0000000080e00000|100%| O|  |TAMS 0x0000000080e00000, 0x0000000080d00000| Untracked 
|  14|0x0000000080e00000, 0x0000000080f00000, 0x0000000080f00000|100%|HS|  |TAMS 0x0000000080f00000, 0x0000000080e00000| Complete 
|  15|0x0000000080f00000, 0x0000000081000000, 0x0000000081000000|100%|HC|  |TAMS 0x0000000081000000, 0x0000000080f00000| Complete 
|  16|0x0000000081000000, 0x0000000081100000, 0x0000000081100000|100%|HS|  |TAMS 0x0000000081100000, 0x0000000081000000| Complete 
|  17|0x0000000081100000, 0x0000000081200000, 0x0000000081200000|100%|HC|  |TAMS 0x0000000081200000, 0x0000000081100000| Complete 
|  18|0x0000000081200000, 0x0000000081300000, 0x0000000081300000|100%|HC|  |TAMS 0x0000000081300000, 0x0000000081200000| Complete 
|  19|0x0000000081300000, 0x0000000081400000, 0x0000000081400000|100%|HS|  |TAMS 0x0000000081400000, 0x0000000081300000| Complete 
|  20|0x0000000081400000, 0x0000000081500000, 0x0000000081500000|100%|HC|  |TAMS 0x0000000081500000, 0x0000000081400000| Complete 
|  21|0x0000000081500000, 0x0000000081600000, 0x0000000081600000|100%|HC|  |TAMS 0x0000000081600000, 0x0000000081500000| Complete 
|  22|0x0000000081600000, 0x0000000081700000, 0x0000000081700000|100%|HC|  |TAMS 0x0000000081700000, 0x0000000081600000| Complete 
|  23|0x0000000081700000, 0x0000000081800000, 0x0000000081800000|100%| O|  |TAMS 0x0000000081800000, 0x0000000081700000| Untracked 
|  24|0x0000000081800000, 0x000000008189f600, 0x0000000081900000| 62%| O|  |TAMS 0x000000008189f600, 0x0000000081800000| Untracked 
|  25|0x0000000081900000, 0x0000000081900000, 0x0000000081a00000|  0%| F|  |TAMS 0x0000000081900000, 0x0000000081900000| Untracked 
|  26|0x0000000081a00000, 0x0000000081a00000, 0x0000000081b00000|  0%| F|  |TAMS 0x0000000081a00000, 0x0000000081a00000| Untracked 
|  27|0x0000000081b00000, 0x0000000081b00000, 0x0000000081c00000|  0%| F|  |TAMS 0x0000000081b00000, 0x0000000081b00000| Untracked 
|  28|0x0000000081c00000, 0x0000000081c00000, 0x0000000081d00000|  0%| F|  |TAMS 0x0000000081c00000, 0x0000000081c00000| Untracked 
|  29|0x0000000081d00000, 0x0000000081d00000, 0x0000000081e00000|  0%| F|  |TAMS 0x0000000081d00000, 0x0000000081d00000| Untracked 
|  30|0x0000000081e00000, 0x0000000081e00000, 0x0000000081f00000|  0%| F|  |TAMS 0x0000000081e00000, 0x0000000081e00000| Untracked 
|  31|0x0000000081f00000, 0x0000000081f00000, 0x0000000082000000|  0%| F|  |TAMS 0x0000000081f00000, 0x0000000081f00000| Untracked 
|  32|0x0000000082000000, 0x0000000082000000, 0x0000000082100000|  0%| F|  |TAMS 0x0000000082000000, 0x0000000082000000| Untracked 
|  33|0x0000000082100000, 0x0000000082100000, 0x0000000082200000|  0%| F|  |TAMS 0x0000000082100000, 0x0000000082100000| Untracked 
|  34|0x0000000082200000, 0x0000000082200000, 0x0000000082300000|  0%| F|  |TAMS 0x0000000082200000, 0x0000000082200000| Untracked 
|  35|0x0000000082300000, 0x0000000082300000, 0x0000000082400000|  0%| F|  |TAMS 0x0000000082300000, 0x0000000082300000| Untracked 
|  36|0x0000000082400000, 0x0000000082400000, 0x0000000082500000|  0%| F|  |TAMS 0x0000000082400000, 0x0000000082400000| Untracked 
|  37|0x0000000082500000, 0x0000000082500000, 0x0000000082600000|  0%| F|  |TAMS 0x0000000082500000, 0x0000000082500000| Untracked 
|  38|0x0000000082600000, 0x0000000082600000, 0x0000000082700000|  0%| F|  |TAMS 0x0000000082600000, 0x0000000082600000| Untracked 
|  39|0x0000000082700000, 0x0000000082700000, 0x0000000082800000|  0%| F|  |TAMS 0x0000000082700000, 0x0000000082700000| Untracked 
|  40|0x0000000082800000, 0x0000000082800000, 0x0000000082900000|  0%| F|  |TAMS 0x0000000082800000, 0x0000000082800000| Untracked 
|  41|0x0000000082900000, 0x0000000082900000, 0x0000000082a00000|  0%| F|  |TAMS 0x0000000082900000, 0x0000000082900000| Untracked 
|  42|0x0000000082a00000, 0x0000000082a00000, 0x0000000082b00000|  0%| F|  |TAMS 0x0000000082a00000, 0x0000000082a00000| Untracked 
|  43|0x0000000082b00000, 0x0000000082b00000, 0x0000000082c00000|  0%| F|  |TAMS 0x0000000082b00000, 0x0000000082b00000| Untracked 
|  44|0x0000000082c00000, 0x0000000082c00000, 0x0000000082d00000|  0%| F|  |TAMS 0x0000000082c00000, 0x0000000082c00000| Untracked 
|  45|0x0000000082d00000, 0x0000000082d00000, 0x0000000082e00000|  0%| F|  |TAMS 0x0000000082d00000, 0x0000000082d00000| Untracked 
|  46|0x0000000082e00000, 0x0000000082e00000, 0x0000000082f00000|  0%| F|  |TAMS 0x0000000082e00000, 0x0000000082e00000| Untracked 
|  47|0x0000000082f00000, 0x0000000082f00000, 0x0000000083000000|  0%| F|  |TAMS 0x0000000082f00000, 0x0000000082f00000| Untracked 
|  48|0x0000000083000000, 0x0000000083000000, 0x0000000083100000|  0%| F|  |TAMS 0x0000000083000000, 0x0000000083000000| Untracked 
|  49|0x0000000083100000, 0x0000000083100000, 0x0000000083200000|  0%| F|  |TAMS 0x0000000083100000, 0x0000000083100000| Untracked 
|  50|0x0000000083200000, 0x0000000083200000, 0x0000000083300000|  0%| F|  |TAMS 0x0000000083200000, 0x0000000083200000| Untracked 
|  51|0x0000000083300000, 0x0000000083300000, 0x0000000083400000|  0%| F|  |TAMS 0x0000000083300000, 0x0000000083300000| Untracked 
|  52|0x0000000083400000, 0x0000000083400000, 0x0000000083500000|  0%| F|  |TAMS 0x0000000083400000, 0x0000000083400000| Untracked 
|  53|0x0000000083500000, 0x0000000083500000, 0x0000000083600000|  0%| F|  |TAMS 0x0000000083500000, 0x0000000083500000| Untracked 
|  54|0x0000000083600000, 0x0000000083600000, 0x0000000083700000|  0%| F|  |TAMS 0x0000000083600000, 0x0000000083600000| Untracked 
|  55|0x0000000083700000, 0x0000000083700000, 0x0000000083800000|  0%| F|  |TAMS 0x0000000083700000, 0x0000000083700000| Untracked 
|  56|0x0000000083800000, 0x0000000083800000, 0x0000000083900000|  0%| F|  |TAMS 0x0000000083800000, 0x0000000083800000| Untracked 
|  57|0x0000000083900000, 0x0000000083900000, 0x0000000083a00000|  0%| F|  |TAMS 0x0000000083900000, 0x0000000083900000| Untracked 
|  58|0x0000000083a00000, 0x0000000083a00000, 0x0000000083b00000|  0%| F|  |TAMS 0x0000000083a00000, 0x0000000083a00000| Untracked 
|  59|0x0000000083b00000, 0x0000000083b00000, 0x0000000083c00000|  0%| F|  |TAMS 0x0000000083b00000, 0x0000000083b00000| Untracked 
|  60|0x0000000083c00000, 0x0000000083c00000, 0x0000000083d00000|  0%| F|  |TAMS 0x0000000083c00000, 0x0000000083c00000| Untracked 
|  61|0x0000000083d00000, 0x0000000083d00000, 0x0000000083e00000|  0%| F|  |TAMS 0x0000000083d00000, 0x0000000083d00000| Untracked 
|  62|0x0000000083e00000, 0x0000000083e00000, 0x0000000083f00000|  0%| F|  |TAMS 0x0000000083e00000, 0x0000000083e00000| Untracked 
|  63|0x0000000083f00000, 0x0000000083f00000, 0x0000000084000000|  0%| F|  |TAMS 0x0000000083f00000, 0x0000000083f00000| Untracked 
|  64|0x0000000084000000, 0x0000000084000000, 0x0000000084100000|  0%| F|  |TAMS 0x0000000084000000, 0x0000000084000000| Untracked 
|  65|0x0000000084100000, 0x0000000084100000, 0x0000000084200000|  0%| F|  |TAMS 0x0000000084100000, 0x0000000084100000| Untracked 
|  66|0x0000000084200000, 0x0000000084200000, 0x0000000084300000|  0%| F|  |TAMS 0x0000000084200000, 0x0000000084200000| Untracked 
|  67|0x0000000084300000, 0x0000000084300000, 0x0000000084400000|  0%| F|  |TAMS 0x0000000084300000, 0x0000000084300000| Untracked 
|  68|0x0000000084400000, 0x0000000084400000, 0x0000000084500000|  0%| F|  |TAMS 0x0000000084400000, 0x0000000084400000| Untracked 
|  69|0x0000000084500000, 0x0000000084500000, 0x0000000084600000|  0%| F|  |TAMS 0x0000000084500000, 0x0000000084500000| Untracked 
|  70|0x0000000084600000, 0x0000000084600000, 0x0000000084700000|  0%| F|  |TAMS 0x0000000084600000, 0x0000000084600000| Untracked 
|  71|0x0000000084700000, 0x0000000084700000, 0x0000000084800000|  0%| F|  |TAMS 0x0000000084700000, 0x0000000084700000| Untracked 
|  72|0x0000000084800000, 0x0000000084800000, 0x0000000084900000|  0%| F|  |TAMS 0x0000000084800000, 0x0000000084800000| Untracked 
|  73|0x0000000084900000, 0x00000000849f56e0, 0x0000000084a00000| 95%| S|CS|TAMS 0x0000000084900000, 0x0000000084900000| Complete 
|  74|0x0000000084a00000, 0x0000000084b00000, 0x0000000084b00000|100%| S|CS|TAMS 0x0000000084a00000, 0x0000000084a00000| Complete 
|  75|0x0000000084b00000, 0x0000000084c00000, 0x0000000084c00000|100%| S|CS|TAMS 0x0000000084b00000, 0x0000000084b00000| Complete 
|  76|0x0000000084c00000, 0x0000000084d00000, 0x0000000084d00000|100%| S|CS|TAMS 0x0000000084c00000, 0x0000000084c00000| Complete 
|  77|0x0000000084d00000, 0x0000000084e00000, 0x0000000084e00000|100%| S|CS|TAMS 0x0000000084d00000, 0x0000000084d00000| Complete 
|  78|0x0000000084e00000, 0x0000000084f00000, 0x0000000084f00000|100%| S|CS|TAMS 0x0000000084e00000, 0x0000000084e00000| Complete 
|  79|0x0000000084f00000, 0x0000000085000000, 0x0000000085000000|100%| S|CS|TAMS 0x0000000084f00000, 0x0000000084f00000| Complete 
|  80|0x0000000085000000, 0x0000000085100000, 0x0000000085100000|100%| S|CS|TAMS 0x0000000085000000, 0x0000000085000000| Complete 
|  81|0x0000000085100000, 0x0000000085200000, 0x0000000085200000|100%| S|CS|TAMS 0x0000000085100000, 0x0000000085100000| Complete 
|  82|0x0000000085200000, 0x0000000085200000, 0x0000000085300000|  0%| F|  |TAMS 0x0000000085200000, 0x0000000085200000| Untracked 
|  83|0x0000000085300000, 0x0000000085300000, 0x0000000085400000|  0%| F|  |TAMS 0x0000000085300000, 0x0000000085300000| Untracked 
|  84|0x0000000085400000, 0x0000000085400000, 0x0000000085500000|  0%| F|  |TAMS 0x0000000085400000, 0x0000000085400000| Untracked 
|  85|0x0000000085500000, 0x0000000085500000, 0x0000000085600000|  0%| F|  |TAMS 0x0000000085500000, 0x0000000085500000| Untracked 
|  86|0x0000000085600000, 0x0000000085600000, 0x0000000085700000|  0%| F|  |TAMS 0x0000000085600000, 0x0000000085600000| Untracked 
|  87|0x0000000085700000, 0x0000000085700000, 0x0000000085800000|  0%| F|  |TAMS 0x0000000085700000, 0x0000000085700000| Untracked 
|  88|0x0000000085800000, 0x0000000085800000, 0x0000000085900000|  0%| F|  |TAMS 0x0000000085800000, 0x0000000085800000| Untracked 
|  89|0x0000000085900000, 0x0000000085900000, 0x0000000085a00000|  0%| F|  |TAMS 0x0000000085900000, 0x0000000085900000| Untracked 
|  90|0x0000000085a00000, 0x0000000085a00000, 0x0000000085b00000|  0%| F|  |TAMS 0x0000000085a00000, 0x0000000085a00000| Untracked 
|  91|0x0000000085b00000, 0x0000000085b00000, 0x0000000085c00000|  0%| F|  |TAMS 0x0000000085b00000, 0x0000000085b00000| Untracked 
|  92|0x0000000085c00000, 0x0000000085c00000, 0x0000000085d00000|  0%| F|  |TAMS 0x0000000085c00000, 0x0000000085c00000| Untracked 
|  93|0x0000000085d00000, 0x0000000085d00000, 0x0000000085e00000|  0%| F|  |TAMS 0x0000000085d00000, 0x0000000085d00000| Untracked 
|  94|0x0000000085e00000, 0x0000000085e00000, 0x0000000085f00000|  0%| F|  |TAMS 0x0000000085e00000, 0x0000000085e00000| Untracked 
|  95|0x0000000085f00000, 0x0000000085f00000, 0x0000000086000000|  0%| F|  |TAMS 0x0000000085f00000, 0x0000000085f00000| Untracked 
|  96|0x0000000086000000, 0x0000000086000000, 0x0000000086100000|  0%| F|  |TAMS 0x0000000086000000, 0x0000000086000000| Untracked 
|  97|0x0000000086100000, 0x0000000086100000, 0x0000000086200000|  0%| F|  |TAMS 0x0000000086100000, 0x0000000086100000| Untracked 
|  98|0x0000000086200000, 0x0000000086200000, 0x0000000086300000|  0%| F|  |TAMS 0x0000000086200000, 0x0000000086200000| Untracked 
|  99|0x0000000086300000, 0x0000000086300000, 0x0000000086400000|  0%| F|  |TAMS 0x0000000086300000, 0x0000000086300000| Untracked 
| 100|0x0000000086400000, 0x0000000086400000, 0x0000000086500000|  0%| F|  |TAMS 0x0000000086400000, 0x0000000086400000| Untracked 
| 101|0x0000000086500000, 0x0000000086500000, 0x0000000086600000|  0%| F|  |TAMS 0x0000000086500000, 0x0000000086500000| Untracked 
| 102|0x0000000086600000, 0x0000000086600000, 0x0000000086700000|  0%| F|  |TAMS 0x0000000086600000, 0x0000000086600000| Untracked 
| 103|0x0000000086700000, 0x0000000086700000, 0x0000000086800000|  0%| F|  |TAMS 0x0000000086700000, 0x0000000086700000| Untracked 
| 104|0x0000000086800000, 0x0000000086800000, 0x0000000086900000|  0%| F|  |TAMS 0x0000000086800000, 0x0000000086800000| Untracked 
| 105|0x0000000086900000, 0x0000000086900000, 0x0000000086a00000|  0%| F|  |TAMS 0x0000000086900000, 0x0000000086900000| Untracked 
| 106|0x0000000086a00000, 0x0000000086a00000, 0x0000000086b00000|  0%| F|  |TAMS 0x0000000086a00000, 0x0000000086a00000| Untracked 
| 107|0x0000000086b00000, 0x0000000086b00000, 0x0000000086c00000|  0%| F|  |TAMS 0x0000000086b00000, 0x0000000086b00000| Untracked 
| 108|0x0000000086c00000, 0x0000000086c00000, 0x0000000086d00000|  0%| F|  |TAMS 0x0000000086c00000, 0x0000000086c00000| Untracked 
| 109|0x0000000086d00000, 0x0000000086d00000, 0x0000000086e00000|  0%| F|  |TAMS 0x0000000086d00000, 0x0000000086d00000| Untracked 
| 110|0x0000000086e00000, 0x0000000086e00000, 0x0000000086f00000|  0%| F|  |TAMS 0x0000000086e00000, 0x0000000086e00000| Untracked 
| 111|0x0000000086f00000, 0x0000000086f00000, 0x0000000087000000|  0%| F|  |TAMS 0x0000000086f00000, 0x0000000086f00000| Untracked 
| 112|0x0000000087000000, 0x0000000087000000, 0x0000000087100000|  0%| F|  |TAMS 0x0000000087000000, 0x0000000087000000| Untracked 
| 113|0x0000000087100000, 0x0000000087100000, 0x0000000087200000|  0%| F|  |TAMS 0x0000000087100000, 0x0000000087100000| Untracked 
| 114|0x0000000087200000, 0x0000000087200000, 0x0000000087300000|  0%| F|  |TAMS 0x0000000087200000, 0x0000000087200000| Untracked 
| 115|0x0000000087300000, 0x0000000087300000, 0x0000000087400000|  0%| F|  |TAMS 0x0000000087300000, 0x0000000087300000| Untracked 
| 116|0x0000000087400000, 0x0000000087400000, 0x0000000087500000|  0%| F|  |TAMS 0x0000000087400000, 0x0000000087400000| Untracked 
| 117|0x0000000087500000, 0x0000000087500000, 0x0000000087600000|  0%| F|  |TAMS 0x0000000087500000, 0x0000000087500000| Untracked 
| 118|0x0000000087600000, 0x0000000087600000, 0x0000000087700000|  0%| F|  |TAMS 0x0000000087600000, 0x0000000087600000| Untracked 
| 119|0x0000000087700000, 0x0000000087700000, 0x0000000087800000|  0%| F|  |TAMS 0x0000000087700000, 0x0000000087700000| Untracked 
| 120|0x0000000087800000, 0x0000000087800000, 0x0000000087900000|  0%| F|  |TAMS 0x0000000087800000, 0x0000000087800000| Untracked 
| 121|0x0000000087900000, 0x0000000087900000, 0x0000000087a00000|  0%| F|  |TAMS 0x0000000087900000, 0x0000000087900000| Untracked 
| 122|0x0000000087a00000, 0x0000000087a00000, 0x0000000087b00000|  0%| F|  |TAMS 0x0000000087a00000, 0x0000000087a00000| Untracked 
| 123|0x0000000087b00000, 0x0000000087b00000, 0x0000000087c00000|  0%| F|  |TAMS 0x0000000087b00000, 0x0000000087b00000| Untracked 
| 124|0x0000000087c00000, 0x0000000087c00000, 0x0000000087d00000|  0%| F|  |TAMS 0x0000000087c00000, 0x0000000087c00000| Untracked 
| 125|0x0000000087d00000, 0x0000000087d00000, 0x0000000087e00000|  0%| F|  |TAMS 0x0000000087d00000, 0x0000000087d00000| Untracked 
| 126|0x0000000087e00000, 0x0000000087e00000, 0x0000000087f00000|  0%| F|  |TAMS 0x0000000087e00000, 0x0000000087e00000| Untracked 
| 127|0x0000000087f00000, 0x0000000087f00000, 0x0000000088000000|  0%| F|  |TAMS 0x0000000087f00000, 0x0000000087f00000| Untracked 
| 128|0x0000000088000000, 0x0000000088000000, 0x0000000088100000|  0%| F|  |TAMS 0x0000000088000000, 0x0000000088000000| Untracked 
| 129|0x0000000088100000, 0x0000000088100000, 0x0000000088200000|  0%| F|  |TAMS 0x0000000088100000, 0x0000000088100000| Untracked 
| 130|0x0000000088200000, 0x0000000088200000, 0x0000000088300000|  0%| F|  |TAMS 0x0000000088200000, 0x0000000088200000| Untracked 
| 131|0x0000000088300000, 0x0000000088300000, 0x0000000088400000|  0%| F|  |TAMS 0x0000000088300000, 0x0000000088300000| Untracked 
| 132|0x0000000088400000, 0x0000000088400000, 0x0000000088500000|  0%| F|  |TAMS 0x0000000088400000, 0x0000000088400000| Untracked 
| 133|0x0000000088500000, 0x0000000088500000, 0x0000000088600000|  0%| F|  |TAMS 0x0000000088500000, 0x0000000088500000| Untracked 
| 134|0x0000000088600000, 0x0000000088600000, 0x0000000088700000|  0%| F|  |TAMS 0x0000000088600000, 0x0000000088600000| Untracked 
| 135|0x0000000088700000, 0x0000000088700000, 0x0000000088800000|  0%| F|  |TAMS 0x0000000088700000, 0x0000000088700000| Untracked 
| 136|0x0000000088800000, 0x0000000088800000, 0x0000000088900000|  0%| F|  |TAMS 0x0000000088800000, 0x0000000088800000| Untracked 
| 137|0x0000000088900000, 0x0000000088900000, 0x0000000088a00000|  0%| F|  |TAMS 0x0000000088900000, 0x0000000088900000| Untracked 
| 138|0x0000000088a00000, 0x0000000088a00000, 0x0000000088b00000|  0%| F|  |TAMS 0x0000000088a00000, 0x0000000088a00000| Untracked 
| 139|0x0000000088b00000, 0x0000000088b00000, 0x0000000088c00000|  0%| F|  |TAMS 0x0000000088b00000, 0x0000000088b00000| Untracked 
| 140|0x0000000088c00000, 0x0000000088d00000, 0x0000000088d00000|100%| E|  |TAMS 0x0000000088c00000, 0x0000000088c00000| Complete 
| 141|0x0000000088d00000, 0x0000000088e00000, 0x0000000088e00000|100%| E|CS|TAMS 0x0000000088d00000, 0x0000000088d00000| Complete 
| 142|0x0000000088e00000, 0x0000000088f00000, 0x0000000088f00000|100%| E|CS|TAMS 0x0000000088e00000, 0x0000000088e00000| Complete 
| 143|0x0000000088f00000, 0x0000000089000000, 0x0000000089000000|100%| E|CS|TAMS 0x0000000088f00000, 0x0000000088f00000| Complete 
| 144|0x0000000089000000, 0x0000000089100000, 0x0000000089100000|100%| E|CS|TAMS 0x0000000089000000, 0x0000000089000000| Complete 
| 145|0x0000000089100000, 0x0000000089200000, 0x0000000089200000|100%| E|  |TAMS 0x0000000089100000, 0x0000000089100000| Complete 
| 146|0x0000000089200000, 0x0000000089300000, 0x0000000089300000|100%| E|CS|TAMS 0x0000000089200000, 0x0000000089200000| Complete 
| 147|0x0000000089300000, 0x0000000089400000, 0x0000000089400000|100%| E|CS|TAMS 0x0000000089300000, 0x0000000089300000| Complete 
| 148|0x0000000089400000, 0x0000000089500000, 0x0000000089500000|100%| E|CS|TAMS 0x0000000089400000, 0x0000000089400000| Complete 
| 149|0x0000000089500000, 0x0000000089600000, 0x0000000089600000|100%| E|CS|TAMS 0x0000000089500000, 0x0000000089500000| Complete 
| 150|0x0000000089600000, 0x0000000089700000, 0x0000000089700000|100%| E|CS|TAMS 0x0000000089600000, 0x0000000089600000| Complete 
| 151|0x0000000089700000, 0x0000000089800000, 0x0000000089800000|100%| E|CS|TAMS 0x0000000089700000, 0x0000000089700000| Complete 
| 152|0x0000000089800000, 0x0000000089900000, 0x0000000089900000|100%| E|CS|TAMS 0x0000000089800000, 0x0000000089800000| Complete 
| 153|0x0000000089900000, 0x0000000089a00000, 0x0000000089a00000|100%| E|CS|TAMS 0x0000000089900000, 0x0000000089900000| Complete 

Card table byte_map: [0x000001c35eed0000,0x000001c35f2d0000] _byte_map_base: 0x000001c35ead0000

Marking Bits (Prev, Next): (CMBitMap*) 0x000001c34c00df28, (CMBitMap*) 0x000001c34c00df60
 Prev Bits: [0x000001c35f6d0000, 0x000001c3616d0000)
 Next Bits: [0x000001c3616d0000, 0x000001c3636d0000)

Polling page: 0x000001c349ea0000

Metaspace:

Usage:
  Non-class:     32.97 MB capacity,    32.35 MB ( 98%) used,   534.70 KB (  2%) free+waste,    92.69 KB ( <1%) overhead. 
      Class:      5.23 MB capacity,     4.83 MB ( 92%) used,   362.41 KB (  7%) free+waste,    45.56 KB ( <1%) overhead. 
       Both:     38.20 MB capacity,    37.19 MB ( 97%) used,   897.11 KB (  2%) free+waste,   138.25 KB ( <1%) overhead. 

Virtual space:
  Non-class space:       34.00 MB reserved,      33.00 MB ( 97%) committed 
      Class space:        1.00 GB reserved,       5.25 MB ( <1%) committed 
             Both:        1.03 GB reserved,      38.25 MB (  4%) committed 

Chunk freelists:
   Non-Class:  35.00 KB
       Class:  0 bytes
        Both:  35.00 KB

MaxMetaspaceSize: 17179869184.00 GB
CompressedClassSpaceSize: 1.00 GB

CodeHeap 'non-profiled nmethods': size=120064Kb used=1611Kb max_used=1611Kb free=118452Kb
 bounds [0x000001c357590000, 0x000001c357800000, 0x000001c35ead0000]
CodeHeap 'profiled nmethods': size=120000Kb used=6949Kb max_used=6949Kb free=113051Kb
 bounds [0x000001c350060000, 0x000001c350730000, 0x000001c357590000]
CodeHeap 'non-nmethods': size=5696Kb used=1511Kb max_used=1535Kb free=4185Kb
 bounds [0x000001c34fad0000, 0x000001c34fd40000, 0x000001c350060000]
 total_blobs=3978 nmethods=3357 adapters=532
 compilation: enabled
              stopped_count=0, restarted_count=0
 full_count=0

Compilation events (20 events):
Event: 10.186 Thread 0x000001c365be2800 3144       3       java.lang.CharacterDataLatin1::isUpperCase (20 bytes)
Event: 10.186 Thread 0x000001c365be2800 nmethod 3144 0x000001c3506cde90 code [0x000001c3506ce060, 0x000001c3506ce258]
Event: 10.186 Thread 0x000001c365be2800 3145       3       java.lang.CharacterDataLatin1::isOtherUppercase (18 bytes)
Event: 10.187 Thread 0x000001c365be2800 nmethod 3145 0x000001c3506ce390 code [0x000001c3506ce560, 0x000001c3506ce758]
Event: 10.187 Thread 0x000001c365be2800 3146       3       java.lang.CharacterDataLatin1::getPropertiesEx (11 bytes)
Event: 10.187 Thread 0x000001c365be2800 nmethod 3146 0x000001c3506ce890 code [0x000001c3506cea40, 0x000001c3506ceb78]
Event: 10.187 Thread 0x000001c365be2800 3147       3       org.codehaus.groovy.util.SingleKeyHashMap::getOrPut (137 bytes)
Event: 10.188 Thread 0x000001c365be2800 nmethod 3147 0x000001c3506cec90 code [0x000001c3506ceee0, 0x000001c3506cfa48]
Event: 10.188 Thread 0x000001c365be2800 3142       1       groovy.lang.MetaProperty::getName (5 bytes)
Event: 10.188 Thread 0x000001c365be2800 nmethod 3142 0x000001c35770cb90 code [0x000001c35770cd40, 0x000001c35770cdf8]
Event: 10.190 Thread 0x000001c365be2800 3148       1       java.util.logging.Logger::getName (5 bytes)
Event: 10.191 Thread 0x000001c365be2800 nmethod 3148 0x000001c35770ce90 code [0x000001c35770d040, 0x000001c35770d0f8]
Event: 10.191 Thread 0x000001c365be2800 3149       3       java.lang.invoke.StringConcatFactory$MethodHandleInlineCopyStrategy::newArray (16 bytes)
Event: 10.191 Thread 0x000001c365be2800 nmethod 3149 0x000001c3506cfd90 code [0x000001c3506cff60, 0x000001c3506d0168]
Event: 10.191 Thread 0x000001c365be2800 3150       3       jdk.internal.misc.Unsafe::allocateUninitializedArray (52 bytes)
Event: 10.191 Thread 0x000001c365be2800 nmethod 3150 0x000001c3506d0210 code [0x000001c3506d0420, 0x000001c3506d0878]
Event: 10.191 Thread 0x000001c365be2800 3151       3       jdk.internal.misc.Unsafe::allocateUninitializedArray0 (90 bytes)
Event: 10.192 Thread 0x000001c365be2800 nmethod 3151 0x000001c3506d0a10 code [0x000001c3506d0c00, 0x000001c3506d1458]
Event: 10.249 Thread 0x000001c365be2800 3153       3       java.util.concurrent.TimeUnit::toNanos (45 bytes)
Event: 10.249 Thread 0x000001c365be2800 nmethod 3153 0x000001c3506d1590 code [0x000001c3506d1740, 0x000001c3506d1958]

GC Heap History (14 events):
Event: 0.686 GC heap before
{Heap before GC invocations=0 (full 0):
 garbage-first heap   total 131072K, used 19456K [0x0000000080000000, 0x0000000100000000)
  region size 1024K, 14 young (14336K), 0 survivors (0K)
 Metaspace       used 6746K, capacity 6937K, committed 7168K, reserved 1056768K
  class space    used 584K, capacity 650K, committed 768K, reserved 1048576K
}
Event: 0.692 GC heap after
{Heap after GC invocations=1 (full 0):
 garbage-first heap   total 131072K, used 7978K [0x0000000080000000, 0x0000000100000000)
  region size 1024K, 2 young (2048K), 2 survivors (2048K)
 Metaspace       used 6746K, capacity 6937K, committed 7168K, reserved 1056768K
  class space    used 584K, capacity 650K, committed 768K, reserved 1048576K
}
Event: 1.274 GC heap before
{Heap before GC invocations=1 (full 0):
 garbage-first heap   total 131072K, used 20266K [0x0000000080000000, 0x0000000100000000)
  region size 1024K, 14 young (14336K), 2 survivors (2048K)
 Metaspace       used 10274K, capacity 10565K, committed 10624K, reserved 1058816K
  class space    used 1073K, capacity 1139K, committed 1152K, reserved 1048576K
}
Event: 1.278 GC heap after
{Heap after GC invocations=2 (full 0):
 garbage-first heap   total 131072K, used 9423K [0x0000000080000000, 0x0000000100000000)
  region size 1024K, 2 young (2048K), 2 survivors (2048K)
 Metaspace       used 10274K, capacity 10565K, committed 10624K, reserved 1058816K
  class space    used 1073K, capacity 1139K, committed 1152K, reserved 1048576K
}
Event: 1.969 GC heap before
{Heap before GC invocations=2 (full 0):
 garbage-first heap   total 131072K, used 45263K [0x0000000080000000, 0x0000000100000000)
  region size 1024K, 37 young (37888K), 2 survivors (2048K)
 Metaspace       used 11296K, capacity 11520K, committed 11776K, reserved 1060864K
  class space    used 1178K, capacity 1244K, committed 1280K, reserved 1048576K
}
Event: 1.975 GC heap after
{Heap after GC invocations=3 (full 0):
 garbage-first heap   total 131072K, used 13510K [0x0000000080000000, 0x0000000100000000)
  region size 1024K, 5 young (5120K), 5 survivors (5120K)
 Metaspace       used 11296K, capacity 11520K, committed 11776K, reserved 1060864K
  class space    used 1178K, capacity 1244K, committed 1280K, reserved 1048576K
}
Event: 4.804 GC heap before
{Heap before GC invocations=3 (full 0):
 garbage-first heap   total 131072K, used 61638K [0x0000000080000000, 0x0000000100000000)
  region size 1024K, 52 young (53248K), 5 survivors (5120K)
 Metaspace       used 19456K, capacity 19929K, committed 20224K, reserved 1067008K
  class space    used 2350K, capacity 2467K, committed 2560K, reserved 1048576K
}
Event: 4.814 GC heap after
{Heap after GC invocations=4 (full 0):
 garbage-first heap   total 131072K, used 16373K [0x0000000080000000, 0x0000000100000000)
  region size 1024K, 3 young (3072K), 3 survivors (3072K)
 Metaspace       used 19456K, capacity 19929K, committed 20224K, reserved 1067008K
  class space    used 2350K, capacity 2467K, committed 2560K, reserved 1048576K
}
Event: 5.150 GC heap before
{Heap before GC invocations=4 (full 0):
 garbage-first heap   total 131072K, used 28661K [0x0000000080000000, 0x0000000100000000)
  region size 1024K, 16 young (16384K), 3 survivors (3072K)
 Metaspace       used 20713K, capacity 21194K, committed 21296K, reserved 1069056K
  class space    used 2533K, capacity 2676K, committed 2688K, reserved 1048576K
}
Event: 5.158 GC heap after
{Heap after GC invocations=5 (full 0):
 garbage-first heap   total 157696K, used 16661K [0x0000000080000000, 0x0000000100000000)
  region size 1024K, 4 young (4096K), 4 survivors (4096K)
 Metaspace       used 20713K, capacity 21194K, committed 21296K, reserved 1069056K
  class space    used 2533K, capacity 2676K, committed 2688K, reserved 1048576K
}
Event: 6.755 GC heap before
{Heap before GC invocations=6 (full 0):
 garbage-first heap   total 157696K, used 74005K [0x0000000080000000, 0x0000000100000000)
  region size 1024K, 59 young (60416K), 4 survivors (4096K)
 Metaspace       used 26674K, capacity 27361K, committed 27648K, reserved 1073152K
  class space    used 3491K, capacity 3717K, committed 3840K, reserved 1048576K
}
Event: 6.766 GC heap after
{Heap after GC invocations=7 (full 0):
 garbage-first heap   total 157696K, used 21415K [0x0000000080000000, 0x0000000100000000)
  region size 1024K, 6 young (6144K), 6 survivors (6144K)
 Metaspace       used 26674K, capacity 27361K, committed 27648K, reserved 1073152K
  class space    used 3491K, capacity 3717K, committed 3840K, reserved 1048576K
}
Event: 9.975 GC heap before
{Heap before GC invocations=7 (full 0):
 garbage-first heap   total 157696K, used 95143K [0x0000000080000000, 0x0000000100000000)
  region size 1024K, 72 young (73728K), 6 survivors (6144K)
 Metaspace       used 35019K, capacity 35922K, committed 35968K, reserved 1081344K
  class space    used 4582K, capacity 4953K, committed 4992K, reserved 1048576K
}
Event: 9.991 GC heap after
{Heap after GC invocations=8 (full 0):
 garbage-first heap   total 157696K, used 34387K [0x0000000080000000, 0x0000000100000000)
  region size 1024K, 9 young (9216K), 9 survivors (9216K)
 Metaspace       used 35019K, capacity 35922K, committed 35968K, reserved 1081344K
  class space    used 4582K, capacity 4953K, committed 4992K, reserved 1048576K
}

Deoptimization events (20 events):
Event: 9.584 Thread 0x000001c36892b800 Uncommon trap: trap_request=0xffffffc6 fr.pc=0x000001c3576b9314 relative=0x0000000000000514
Event: 9.584 Thread 0x000001c36892b800 Uncommon trap: reason=bimorphic_or_optimized_type_check action=maybe_recompile pc=0x000001c3576b9314 method=java.io.BufferedInputStream.read([BII)I @ 101 c2
Event: 9.584 Thread 0x000001c36892b800 DEOPT PACKING pc=0x000001c3576b9314 sp=0x00000039cd1f8280
Event: 9.584 Thread 0x000001c36892b800 DEOPT UNPACKING pc=0x000001c34faf662f sp=0x00000039cd1f8238 mode 2
Event: 9.862 Thread 0x000001c36892b800 Uncommon trap: trap_request=0xffffffcc fr.pc=0x000001c3576ecec0 relative=0x0000000000001120
Event: 9.862 Thread 0x000001c36892b800 Uncommon trap: reason=intrinsic_or_type_checked_inlining action=make_not_entrant pc=0x000001c3576ecec0 method=java.util.ArrayList.toArray([Ljava/lang/Object;)[Ljava/lang/Object; @ 36 c2
Event: 9.863 Thread 0x000001c36892b800 DEOPT PACKING pc=0x000001c3576ecec0 sp=0x00000039cd1f5f10
Event: 9.863 Thread 0x000001c36892b800 DEOPT UNPACKING pc=0x000001c34faf662f sp=0x00000039cd1f5e70 mode 2
Event: 10.137 Thread 0x000001c36892b800 Uncommon trap: trap_request=0xffffff4d fr.pc=0x000001c3576e5a30 relative=0x0000000000000290
Event: 10.137 Thread 0x000001c36892b800 Uncommon trap: reason=unstable_if action=reinterpret pc=0x000001c3576e5a30 method=jdk.internal.org.objectweb.asm.Type.getArgumentsAndReturnSizes(Ljava/lang/String;)I @ 136 c2
Event: 10.137 Thread 0x000001c36892b800 DEOPT PACKING pc=0x000001c3576e5a30 sp=0x00000039cd1f5160
Event: 10.137 Thread 0x000001c36892b800 DEOPT UNPACKING pc=0x000001c34faf662f sp=0x00000039cd1f50f8 mode 2
Event: 10.142 Thread 0x000001c36892b800 Uncommon trap: trap_request=0xffffff4d fr.pc=0x000001c3576dd850 relative=0x0000000000000350
Event: 10.142 Thread 0x000001c36892b800 Uncommon trap: reason=unstable_if action=reinterpret pc=0x000001c3576dd850 method=jdk.internal.org.objectweb.asm.Type.getArgumentsAndReturnSizes(Ljava/lang/String;)I @ 130 c2
Event: 10.142 Thread 0x000001c36892b800 DEOPT PACKING pc=0x000001c3576dd850 sp=0x00000039cd1f5150
Event: 10.142 Thread 0x000001c36892b800 DEOPT UNPACKING pc=0x000001c34faf662f sp=0x00000039cd1f50f8 mode 2
Event: 10.157 Thread 0x000001c36892b800 Uncommon trap: trap_request=0xffffff5c fr.pc=0x000001c357627718 relative=0x0000000000000e58
Event: 10.157 Thread 0x000001c36892b800 Uncommon trap: reason=speculate_null_assert action=make_not_entrant pc=0x000001c357627718 method=jdk.internal.loader.URLClassPath$JarLoader.getResource(Ljava/lang/String;ZLjava/util/Set;)Ljdk/internal/loader/Resource; @ 17 c2
Event: 10.157 Thread 0x000001c36892b800 DEOPT PACKING pc=0x000001c357627718 sp=0x00000039cd1f3fd0
Event: 10.157 Thread 0x000001c36892b800 DEOPT UNPACKING pc=0x000001c34faf662f sp=0x00000039cd1f3f78 mode 2

Classes redefined (0 events):
No events

Internal exceptions (20 events):
Event: 8.995 Thread 0x000001c36892b800 Exception <a 'java/lang/NoSuchMethodError'{0x0000000087465418}: 'java.lang.Object java.lang.invoke.Invokers$Holder.linkToTargetMethod(java.lang.Object, java.lang.Object, java.lang.Object, java.lang.Object, java.lang.Object, java.lang.Object, java.lang.Object, java.lang.Object)'> (0x0000000087465418) thrown at [./src/hotspot/share/interpreter/linkResolver.cpp, line 773]
Event: 8.999 Thread 0x000001c36892b800 Exception <a 'java/lang/NoSuchMethodError'{0x0000000087499fe8}: 'java.lang.Object java.lang.invoke.DirectMethodHandle$Holder.invokeVirtual(java.lang.Object, java.lang.Object, java.lang.Object)'> (0x0000000087499fe8) thrown at [./src/hotspot/share/interpreter/linkResolver.cpp, line 773]
Event: 9.032 Thread 0x000001c36892b800 Exception <a 'java/lang/NoSuchMethodError'{0x000000008736d918}: 'java.lang.Object java.lang.invoke.Invokers$Holder.linkToTargetMethod(java.lang.Object, java.lang.Object, java.lang.Object, java.lang.Object, java.lang.Object, java.lang.Object, java.lang.Object)'> (0x000000008736d918) thrown at [./src/hotspot/share/interpreter/linkResolver.cpp, line 773]
Event: 9.036 Thread 0x000001c36892b800 Exception <a 'java/lang/IncompatibleClassChangeError'{0x00000000873acd90}: Found class java.lang.Object, but interface was expected> (0x00000000873acd90) thrown at [./src/hotspot/share/interpreter/linkResolver.cpp, line 839]
Event: 9.096 Thread 0x000001c36892b800 Exception <a 'java/lang/NoSuchMethodError'{0x0000000086f3ca48}: 'int java.lang.invoke.DirectMethodHandle$Holder.invokeVirtual(java.lang.Object, java.lang.Object)'> (0x0000000086f3ca48) thrown at [./src/hotspot/share/interpreter/linkResolver.cpp, line 773]
Event: 9.340 Thread 0x000001c36892b800 Exception <a 'java/lang/NoSuchMethodError'{0x000000008641aec0}: 'int java.lang.invoke.DirectMethodHandle$Holder.invokeStatic(java.lang.Object, java.lang.Object, java.lang.Object, java.lang.Object, java.lang.Object)'> (0x000000008641aec0) thrown at [./src/hotspot/share/interpreter/linkResolver.cpp, line 773]
Event: 9.516 Thread 0x000001c36892b800 Exception <a 'java/lang/NoSuchMethodError'{0x0000000086217ea0}: 'void java.lang.invoke.DirectMethodHandle$Holder.invokeStaticInit(java.lang.Object, java.lang.Object, java.lang.Object, java.lang.Object)'> (0x0000000086217ea0) thrown at [./src/hotspot/share/interpreter/linkResolver.cpp, line 773]
Event: 9.687 Thread 0x000001c36892b800 Exception <a 'java/lang/NoSuchMethodError'{0x000000008584bf60}: 'void java.lang.invoke.DirectMethodHandle$Holder.invokeStaticInit(java.lang.Object, java.lang.Object, java.lang.Object)'> (0x000000008584bf60) thrown at [./src/hotspot/share/interpreter/linkResolver.cpp, line 773]
Event: 9.693 Thread 0x000001c36892b800 Exception <a 'java/lang/NoSuchMethodError'{0x0000000085871790}: 'void java.lang.invoke.DirectMethodHandle$Holder.invokeStaticInit(java.lang.Object, java.lang.Object, java.lang.Object, java.lang.Object, java.lang.Object)'> (0x0000000085871790) thrown at [./src/hotspot/share/interpreter/linkResolver.cpp, line 773]
Event: 9.751 Thread 0x000001c36892b800 Exception <a 'java/lang/NoSuchMethodError'{0x00000000858e8a50}: 'int java.lang.invoke.DirectMethodHandle$Holder.invokeStaticInit(java.lang.Object, java.lang.Object, java.lang.Object, java.lang.Object)'> (0x00000000858e8a50) thrown at [./src/hotspot/share/interpreter/linkResolver.cpp, line 773]
Event: 10.143 Thread 0x000001c36892b800 Exception <a 'java/lang/NoSuchMethodError'{0x00000000896747d8}: 'java.lang.Object java.lang.invoke.DirectMethodHandle$Holder.invokeStatic(java.lang.Object, java.lang.Object, java.lang.Object, java.lang.Object, java.lang.Object, java.lang.Object, java.lang.Object, java.lang.Object, java.lang.Object, java.lang.Object, java.lang.Object, int)'> (0x00000000896747d8) thrown at [./src/hotspot/share/interpreter/linkResolver.cpp, line 773]
Event: 10.148 Thread 0x000001c36892b800 Exception <a 'java/lang/NoSuchMethodError'{0x0000000089693690}: 'java.lang.Object java.lang.invoke.DirectMethodHandle$Holder.invokeStatic(java.lang.Object, java.lang.Object, java.lang.Object, java.lang.Object, java.lang.Object, java.lang.Object, java.lang.Object, java.lang.Object, java.lang.Object, java.lang.Object, java.lang.Object, int, int)'> (0x0000000089693690) thrown at [./src/hotspot/share/interpreter/linkResolver.cpp, line 773]
Event: 10.151 Thread 0x000001c36892b800 Exception <a 'java/lang/NoSuchMethodError'{0x00000000896b3168}: 'java.lang.Object java.lang.invoke.DirectMethodHandle$Holder.invokeStatic(java.lang.Object, java.lang.Object, java.lang.Object, java.lang.Object, java.lang.Object, java.lang.Object, java.lang.Object, java.lang.Object, java.lang.Object, java.lang.Object, java.lang.Object, int, int, java.lang.Object)'> (0x00000000896b3168) thrown at [./src/hotspot/share/interpreter/linkResolver.cpp, line 773]
Event: 10.155 Thread 0x000001c36892b800 Exception <a 'java/lang/NoSuchMethodError'{0x00000000896d4508}: 'java.lang.Object java.lang.invoke.DirectMethodHandle$Holder.invokeStatic(java.lang.Object, java.lang.Object, java.lang.Object, java.lang.Object, java.lang.Object, java.lang.Object, java.lang.Object, java.lang.Object, java.lang.Object, java.lang.Object, java.lang.Object, int, int, java.lang.Object, java.lang.Object)'> (0x00000000896d4508) thrown at [./src/hotspot/share/interpreter/linkResolver.cpp, line 773]
Event: 10.159 Thread 0x000001c36892b800 Exception <a 'java/lang/ClassNotFoundException'{0x0000000089505c40}: groovy/lang/ExpandoMetaClassBeanInfo> (0x0000000089505c40) thrown at [./src/hotspot/share/classfile/systemDictionary.cpp, line 231]
Event: 10.161 Thread 0x000001c36892b800 Exception <a 'java/lang/ClassNotFoundException'{0x0000000089527188}: groovy/lang/MetaClassImplBeanInfo> (0x0000000089527188) thrown at [./src/hotspot/share/classfile/systemDictionary.cpp, line 231]
Event: 10.162 Thread 0x000001c36892b800 Exception <a 'java/lang/ClassNotFoundException'{0x0000000089530da0}: java/lang/ObjectBeanInfo> (0x0000000089530da0) thrown at [./src/hotspot/share/classfile/systemDictionary.cpp, line 231]
Event: 10.163 Thread 0x000001c36892b800 Exception <a 'java/lang/ClassNotFoundException'{0x000000008953cdf8}: java/lang/ObjectCustomizer> (0x000000008953cdf8) thrown at [./src/hotspot/share/classfile/systemDictionary.cpp, line 231]
Event: 10.171 Thread 0x000001c36892b800 Exception <a 'java/lang/ClassNotFoundException'{0x0000000089565090}: groovy/lang/MetaClassImplCustomizer> (0x0000000089565090) thrown at [./src/hotspot/share/classfile/systemDictionary.cpp, line 231]
Event: 10.176 Thread 0x000001c36892b800 Exception <a 'java/lang/ClassNotFoundException'{0x00000000895a6238}: groovy/lang/ExpandoMetaClassCustomizer> (0x00000000895a6238) thrown at [./src/hotspot/share/classfile/systemDictionary.cpp, line 231]

Events (20 events):
Event: 10.221 loading class java/lang/invoke/VarHandleLongs$FieldInstanceReadOnly done
Event: 10.221 loading class java/lang/invoke/VarHandleLongs$FieldInstanceReadWrite done
Event: 10.221 loading class java/util/concurrent/locks/StampedLock$WNode
Event: 10.222 loading class java/util/concurrent/locks/StampedLock$WNode done
Event: 10.223 loading class org/codehaus/groovy/runtime/memoize/CommonCache
Event: 10.223 loading class org/codehaus/groovy/runtime/memoize/CommonCache done
Event: 10.224 loading class groovy/lang/GroovyClassLoader$1
Event: 10.224 loading class groovy/lang/GroovyClassLoader$1 done
Event: 10.225 loading class org/codehaus/groovy/control/CompilerConfiguration
Event: 10.225 loading class org/codehaus/groovy/control/CompilerConfiguration done
Event: 10.226 loading class org/codehaus/groovy/control/CompilerConfiguration$1
Event: 10.226 loading class org/codehaus/groovy/control/CompilerConfiguration$1 done
Event: 10.227 loading class org/codehaus/groovy/control/ConfigurationException
Event: 10.227 loading class org/codehaus/groovy/control/ConfigurationException done
Event: 10.227 loading class org/codehaus/groovy/GroovyExceptionInterface
Event: 10.227 loading class org/codehaus/groovy/GroovyExceptionInterface done
Event: 10.228 loading class org/codehaus/groovy/control/io/NullWriter
Event: 10.228 loading class org/codehaus/groovy/control/io/NullWriter done
Event: 10.228 loading class org/apache/groovy/util/Maps
Event: 10.228 loading class org/apache/groovy/util/Maps done


Dynamic libraries:
0x00007ff727820000 - 0x00007ff72782a000 	C:\Program Files\Android\Android Studio\jre\bin\java.exe
0x00007ff88e1f0000 - 0x00007ff88e3e5000 	C:\WINDOWS\SYSTEM32\ntdll.dll
0x00007ff88c700000 - 0x00007ff88c7be000 	C:\WINDOWS\System32\KERNEL32.DLL
0x00007ff88bca0000 - 0x00007ff88bf68000 	C:\WINDOWS\System32\KERNELBASE.dll
0x00007ff88bf70000 - 0x00007ff88c070000 	C:\WINDOWS\System32\ucrtbase.dll
0x00007ff87ee00000 - 0x00007ff87ee19000 	C:\Program Files\Android\Android Studio\jre\bin\jli.dll
0x00007ff88ded0000 - 0x00007ff88e070000 	C:\WINDOWS\System32\USER32.dll
0x00007ff88b8e0000 - 0x00007ff88b902000 	C:\WINDOWS\System32\win32u.dll
0x00007ff878b10000 - 0x00007ff878daa000 	C:\WINDOWS\WinSxS\amd64_microsoft.windows.common-controls_6595b64144ccf1df_6.0.19041.1110_none_60b5254171f9507e\COMCTL32.dll
0x00007ff88c460000 - 0x00007ff88c48b000 	C:\WINDOWS\System32\GDI32.dll
0x00007ff88d690000 - 0x00007ff88d72e000 	C:\WINDOWS\System32\msvcrt.dll
0x00007ff88c110000 - 0x00007ff88c21b000 	C:\WINDOWS\System32\gdi32full.dll
0x00007ff88b910000 - 0x00007ff88b9ad000 	C:\WINDOWS\System32\msvcp_win.dll
0x00007ff87ea90000 - 0x00007ff87eaa7000 	C:\Program Files\Android\Android Studio\jre\bin\VCRUNTIME140.dll
0x00007ff88d950000 - 0x00007ff88d980000 	C:\WINDOWS\System32\IMM32.DLL
0x00007ff85d270000 - 0x00007ff85d30d000 	C:\Program Files\Android\Android Studio\jre\bin\msvcp140.dll
0x00007ff84bb10000 - 0x00007ff84c5e5000 	C:\Program Files\Android\Android Studio\jre\bin\server\jvm.dll
0x00007ff88c3b0000 - 0x00007ff88c45e000 	C:\WINDOWS\System32\ADVAPI32.dll
0x00007ff88c490000 - 0x00007ff88c52c000 	C:\WINDOWS\System32\sechost.dll
0x00007ff88d810000 - 0x00007ff88d935000 	C:\WINDOWS\System32\RPCRT4.dll
0x00007ff88ddf0000 - 0x00007ff88ddf8000 	C:\WINDOWS\System32\PSAPI.DLL
0x00007ff873c00000 - 0x00007ff873c09000 	C:\WINDOWS\SYSTEM32\WSOCK32.dll
0x00007ff873900000 - 0x00007ff873927000 	C:\WINDOWS\SYSTEM32\WINMM.dll
0x00007ff883d30000 - 0x00007ff883d3a000 	C:\WINDOWS\SYSTEM32\VERSION.dll
0x00007ff88e0f0000 - 0x00007ff88e15b000 	C:\WINDOWS\System32\WS2_32.dll
0x00007ff889500000 - 0x00007ff889512000 	C:\WINDOWS\SYSTEM32\kernel.appcore.dll
0x00007ff8857f0000 - 0x00007ff885801000 	C:\Program Files\Android\Android Studio\jre\bin\verify.dll
0x00007ff88b300000 - 0x00007ff88b4e4000 	C:\WINDOWS\SYSTEM32\DBGHELP.DLL
0x00007ff88a830000 - 0x00007ff88a85c000 	C:\WINDOWS\SYSTEM32\dbgcore.DLL
0x00007ff88b9b0000 - 0x00007ff88ba32000 	C:\WINDOWS\System32\bcryptPrimitives.dll
0x00007ff880690000 - 0x00007ff8806b9000 	C:\Program Files\Android\Android Studio\jre\bin\java.dll
0x00007ff888250000 - 0x00007ff88825b000 	C:\Program Files\Android\Android Studio\jre\bin\jimage.dll
0x00007ff881780000 - 0x00007ff881798000 	C:\Program Files\Android\Android Studio\jre\bin\zip.dll
0x00007ff88c9d0000 - 0x00007ff88d114000 	C:\WINDOWS\System32\SHELL32.dll
0x00007ff889670000 - 0x00007ff889e04000 	C:\WINDOWS\SYSTEM32\windows.storage.dll
0x00007ff88d120000 - 0x00007ff88d474000 	C:\WINDOWS\System32\combase.dll
0x00007ff88afc0000 - 0x00007ff88afec000 	C:\WINDOWS\SYSTEM32\Wldp.dll
0x00007ff88d570000 - 0x00007ff88d61d000 	C:\WINDOWS\System32\SHCORE.dll
0x00007ff88c7c0000 - 0x00007ff88c815000 	C:\WINDOWS\System32\shlwapi.dll
0x00007ff88b820000 - 0x00007ff88b83f000 	C:\WINDOWS\SYSTEM32\profapi.dll
0x00007ff880670000 - 0x00007ff88068a000 	C:\Program Files\Android\Android Studio\jre\bin\net.dll
0x00007ff8786e0000 - 0x00007ff8787e9000 	C:\WINDOWS\SYSTEM32\WINHTTP.dll
0x00007ff88ad40000 - 0x00007ff88adaa000 	C:\WINDOWS\system32\mswsock.dll
0x00007ff880650000 - 0x00007ff880664000 	C:\Program Files\Android\Android Studio\jre\bin\nio.dll
0x00007ff883d60000 - 0x00007ff883d87000 	C:\Users\1290743\.gradle\native\e1d6ef7f7dcc3fd88c89a11ec53ec762bb8ba0a96d01ffa2cd45eb1d1d8dd5c5\windows-amd64\native-platform.dll
0x00007ff85a400000 - 0x00007ff85a544000 	C:\Users\1290743\.gradle\native\5664cfc778a61ccfe75a443a1ab52a65af34e5dc3c78e0209fed803814484fcb\windows-amd64\native-platform-file-events.dll
0x00007ff887ac0000 - 0x00007ff887aca000 	C:\Program Files\Android\Android Studio\jre\bin\management.dll
0x00007ff8856d0000 - 0x00007ff8856dd000 	C:\Program Files\Android\Android Studio\jre\bin\management_ext.dll
0x00007ff88b660000 - 0x00007ff88b678000 	C:\WINDOWS\SYSTEM32\CRYPTSP.dll
0x00007ff88a5f0000 - 0x00007ff88a624000 	C:\WINDOWS\system32\rsaenh.dll
0x00007ff88c070000 - 0x00007ff88c097000 	C:\WINDOWS\System32\bcrypt.dll
0x00007ff88b7e0000 - 0x00007ff88b80e000 	C:\WINDOWS\SYSTEM32\USERENV.dll
0x00007ff88af30000 - 0x00007ff88af3c000 	C:\WINDOWS\SYSTEM32\CRYPTBASE.dll
0x00007ff88aa30000 - 0x00007ff88aa6b000 	C:\WINDOWS\SYSTEM32\IPHLPAPI.DLL
0x00007ff88d940000 - 0x00007ff88d948000 	C:\WINDOWS\System32\NSI.dll
0x00007ff87f580000 - 0x00007ff87f597000 	C:\WINDOWS\SYSTEM32\dhcpcsvc6.DLL
0x00007ff8811b0000 - 0x00007ff8811cd000 	C:\WINDOWS\SYSTEM32\dhcpcsvc.DLL
0x00007ff88aa70000 - 0x00007ff88ab3a000 	C:\WINDOWS\SYSTEM32\DNSAPI.dll

dbghelp: loaded successfully - version: 4.0.5 - missing functions: none
symbol engine: initialized successfully - sym options: 0x614 - pdb path: .;C:\Program Files\Android\Android Studio\jre\bin;C:\WINDOWS\SYSTEM32;C:\WINDOWS\WinSxS\amd64_microsoft.windows.common-controls_6595b64144ccf1df_6.0.19041.1110_none_60b5254171f9507e;C:\Program Files\Android\Android Studio\jre\bin\server;C:\Users\1290743\.gradle\native\e1d6ef7f7dcc3fd88c89a11ec53ec762bb8ba0a96d01ffa2cd45eb1d1d8dd5c5\windows-amd64;C:\Users\1290743\.gradle\native\5664cfc778a61ccfe75a443a1ab52a65af34e5dc3c78e0209fed803814484fcb\windows-amd64

VM Arguments:
jvm_args: --add-opens=java.base/java.util=ALL-UNNAMED --add-opens=java.base/java.lang=ALL-UNNAMED --add-opens=java.base/java.lang.invoke=ALL-UNNAMED --add-opens=java.base/java.util=ALL-UNNAMED --add-opens=java.prefs/java.util.prefs=ALL-UNNAMED --add-opens=java.prefs/java.util.prefs=ALL-UNNAMED --add-opens=java.base/java.nio.charset=ALL-UNNAMED --add-opens=java.base/java.net=ALL-UNNAMED --add-opens=java.base/java.util.concurrent.atomic=ALL-UNNAMED -Xmx2048m -Dfile.encoding=UTF-8 -Duser.country=RU -Duser.language=ru -Duser.variant 
java_command: org.gradle.launcher.daemon.bootstrap.GradleDaemon 7.2
java_class_path (initial): C:\Users\1290743\.gradle\wrapper\dists\gradle-7.2-bin\2dnblmf4td7x66yl1d74lt32g\gradle-7.2\lib\gradle-launcher-7.2.jar
Launcher Type: SUN_STANDARD

[Global flags]
     intx CICompilerCount                          = 3                                         {product} {ergonomic}
     uint ConcGCThreads                            = 1                                         {product} {ergonomic}
     uint G1ConcRefinementThreads                  = 4                                         {product} {ergonomic}
   size_t G1HeapRegionSize                         = 1048576                                   {product} {ergonomic}
    uintx GCDrainStackTargetSize                   = 64                                        {product} {ergonomic}
   size_t InitialHeapSize                          = 134217728                                 {product} {ergonomic}
   size_t MarkStackSize                            = 4194304                                   {product} {ergonomic}
   size_t MaxHeapSize                              = 2147483648                                {product} {command line}
   size_t MaxNewSize                               = 1287651328                                {product} {ergonomic}
   size_t MinHeapDeltaBytes                        = 1048576                                   {product} {ergonomic}
    uintx NonNMethodCodeHeapSize                   = 5830732                                {pd product} {ergonomic}
    uintx NonProfiledCodeHeapSize                  = 122913754                              {pd product} {ergonomic}
    uintx ProfiledCodeHeapSize                     = 122913754                              {pd product} {ergonomic}
    uintx ReservedCodeCacheSize                    = 251658240                              {pd product} {ergonomic}
     bool SegmentedCodeCache                       = true                                      {product} {ergonomic}
     bool UseCompressedClassPointers               = true                                 {lp64_product} {ergonomic}
     bool UseCompressedOops                        = true                                 {lp64_product} {ergonomic}
     bool UseG1GC                                  = true                                      {product} {ergonomic}
     bool UseLargePagesIndividualAllocation        = false                                  {pd product} {ergonomic}

Logging:
Log output configuration:
 #0: stdout all=warning uptime,level,tags
 #1: stderr all=off uptime,level,tags

Environment Variables:
PATH=C:\Program Files\Common Files\Oracle\Java\javapath;C:\ProgramData\Oracle\Java\javapath;C:\Windows\system32;C:\Windows;C:\Windows\System32\Wbem;C:\Windows\System32\WindowsPowerShell\v1.0\;C:\Windows\System32\OpenSSH\;C:\Program Files (x86)\NVIDIA Corporation\PhysX\Common;C:\Program Files\dotnet\;C:\Program Files\NVIDIA Corporation\NVIDIA NvDLISR;C:\WINDOWS\system32;C:\WINDOWS;C:\WINDOWS\System32\Wbem;C:\WINDOWS\System32\WindowsPowerShell\v1.0\;C:\WINDOWS\System32\OpenSSH\;C:\Program Files (x86)\Microsoft SQL Server\150\DTS\Binn\;C:\Program Files\Azure Data Studio\bin;C:\Program Files\Microsoft SQL Server\Client SDK\ODBC\170\Tools\Binn\;C:\Program Files (x86)\Microsoft SQL Server\150\Tools\Binn\;C:\Program Files\Microsoft SQL Server\150\Tools\Binn\;C:\Program Files\Microsoft SQL Server\150\DTS\Binn\;C:\Program Files\Microsoft SQL Server\130\Tools\Binn\;C:\Program Files\Git\cmd;C:\Users\1290743\AppData\Local\Microsoft\WindowsApps;;C:\Users\1290743\AppData\Local\Programs\Microsoft VS Code\bin;C:\Users\1290743\.dotnet\tools;C:\Program Files\Azure Data Studio\bin
USERNAME=1290743
OS=Windows_NT
PROCESSOR_IDENTIFIER=Intel64 Family 6 Model 142 Stepping 10, GenuineIntel



---------------  S Y S T E M  ---------------

OS: Windows 10 , 64 bit Build 19041 (10.0.19041.1566)
OS uptime: 14 days 23:20 hours

CPU:total 4 (initial active 4) (2 cores per cpu, 2 threads per core) family 6 model 142 stepping 10 microcode 0xea, cmov, cx8, fxsr, mmx, sse, sse2, sse3, ssse3, sse4.1, sse4.2, popcnt, avx, avx2, aes, clmul, erms, 3dnowpref, lzcnt, ht, tsc, tscinvbit, bmi1, bmi2, adx, fma

Memory: 4k page, system-wide physical 8101M (1033M free)
TotalPageFile size 10117M (AvailPageFile size 9M)
current process WorkingSet (physical memory assigned to process): 248M, peak: 251M
current process commit charge ("private bytes"): 325M, peak: 330M

vm_info: OpenJDK 64-Bit Server VM (11.0.11+9-b60-7590822) for windows-amd64 JRE (11.0.11+9-b60-7590822), built on Jul 29 2021 21:43:44 by "builder" with MS VC++ 14.0 (VS2015)

END.
