#
# There is insufficient memory for the Java Runtime Environment to continue.
# Native memory allocation (malloc) failed to allocate 1299856 bytes for Chunk::new
# Possible reasons:
#   The system is out of physical RAM or swap space
#   The process is running with CompressedOops enabled, and the Java Heap may be blocking the growth of the native heap
# Possible solutions:
#   Reduce memory load on the system
#   Increase physical memory or swap space
#   Check if swap backing store is full
#   Decrease Java heap size (-Xmx/-Xms)
#   Decrease number of Java threads
#   Decrease Java thread stack sizes (-Xss)
#   Set larger code cache with -XX:ReservedCodeCacheSize=
#   JVM is running with Unscaled Compressed Oops mode in which the Java heap is
#     placed in the first 4GB address space. The Java Heap base address is the
#     maximum limit for the native heap growth. Please use -XX:HeapBaseMinAddress
#     to set the Java Heap base and to place the Java Heap above 4GB virtual address.
# This output file may be truncated or incomplete.
#
#  Out of Memory Error (./src/hotspot/share/memory/arena.cpp:197), pid=11572, tid=17372
#
# JRE version: OpenJDK Runtime Environment (11.0.11+9) (build 11.0.11+9-b60-7590822)
# Java VM: OpenJDK 64-Bit Server VM (11.0.11+9-b60-7590822, mixed mode, tiered, compressed oops, g1 gc, windows-amd64)
# No core dump will be written. Minidumps are not enabled by default on client versions of Windows
#

---------------  S U M M A R Y ------------

Command Line: --add-opens=java.base/java.util=ALL-UNNAMED --add-opens=java.base/java.lang=ALL-UNNAMED --add-opens=java.base/java.lang.invoke=ALL-UNNAMED --add-opens=java.base/java.util=ALL-UNNAMED --add-opens=java.prefs/java.util.prefs=ALL-UNNAMED --add-opens=java.prefs/java.util.prefs=ALL-UNNAMED --add-opens=java.base/java.nio.charset=ALL-UNNAMED --add-opens=java.base/java.net=ALL-UNNAMED --add-opens=java.base/java.util.concurrent.atomic=ALL-UNNAMED -Xmx2048m -Dfile.encoding=UTF-8 -Duser.country=RU -Duser.language=ru -Duser.variant org.gradle.launcher.daemon.bootstrap.GradleDaemon 7.2

Host: Intel(R) Core(TM) i3-7020U CPU @ 2.30GHz, 4 cores, 7G,  Windows 10 , 64 bit Build 19041 (10.0.19041.1566)
Time: Mon Apr 11 21:31:13 2022 RTZ 2 (зима) elapsed time: 6.524188 seconds (0d 0h 0m 6s)

---------------  T H R E A D  ---------------

Current thread (0x00000140d1488800):  JavaThread "C2 CompilerThread0" daemon [_thread_in_native, id=17372, stack(0x00000018d7500000,0x00000018d7600000)]


Current CompileTask:
C2:   6524 2493       4       java.net.URLClassLoader$1::run (5 bytes)

Stack: [0x00000018d7500000,0x00000018d7600000]
Native frames: (J=compiled Java code, j=interpreted, Vv=VM code, C=native code)
V  [jvm.dll+0x5f214a]
V  [jvm.dll+0x726fb5]
V  [jvm.dll+0x7285cd]
V  [jvm.dll+0x728c83]
V  [jvm.dll+0x243278]
V  [jvm.dll+0xbc53c]
V  [jvm.dll+0xbca3c]
V  [jvm.dll+0x353e3b]
V  [jvm.dll+0x19875c]
V  [jvm.dll+0x1fc2ee]
V  [jvm.dll+0x1fb3d4]
V  [jvm.dll+0x183d6c]
V  [jvm.dll+0x209a57]
V  [jvm.dll+0x2082a1]
V  [jvm.dll+0x6ef58f]
V  [jvm.dll+0x6e80b5]
V  [jvm.dll+0x5f1036]
C  [ucrtbase.dll+0x21bb2]
C  [KERNEL32.DLL+0x17034]
C  [ntdll.dll+0x52651]


---------------  P R O C E S S  ---------------

Threads class SMR info:
_java_thread_list=0x00000140d1ea5190, length=34, elements={
0x00000140b590d800, 0x00000140d1462000, 0x00000140d1465800, 0x00000140d1481800,
0x00000140d1482800, 0x00000140d1483800, 0x00000140d1488800, 0x00000140d1495000,
0x00000140d149e800, 0x00000140d1f75800, 0x00000140d4847800, 0x00000140d21b9000,
0x00000140d33f0000, 0x00000140d2e16000, 0x00000140d32ee800, 0x00000140d4c89000,
0x00000140d416f000, 0x00000140d360e800, 0x00000140d4823800, 0x00000140d4162800,
0x00000140d4163800, 0x00000140d4160800, 0x00000140d4162000, 0x00000140d4b32000,
0x00000140d4165000, 0x00000140d4164800, 0x00000140d4166000, 0x00000140d4167000,
0x00000140d4161000, 0x00000140d2805800, 0x00000140d2804800, 0x00000140d2806000,
0x00000140d2807000, 0x00000140d2807800
}

Java Threads: ( => current thread )
  0x00000140b590d800 JavaThread "main" [_thread_blocked, id=8468, stack(0x00000018d6900000,0x00000018d6a00000)]
  0x00000140d1462000 JavaThread "Reference Handler" daemon [_thread_blocked, id=11828, stack(0x00000018d7000000,0x00000018d7100000)]
  0x00000140d1465800 JavaThread "Finalizer" daemon [_thread_blocked, id=1184, stack(0x00000018d7100000,0x00000018d7200000)]
  0x00000140d1481800 JavaThread "Signal Dispatcher" daemon [_thread_blocked, id=1948, stack(0x00000018d7200000,0x00000018d7300000)]
  0x00000140d1482800 JavaThread "Attach Listener" daemon [_thread_blocked, id=9084, stack(0x00000018d7300000,0x00000018d7400000)]
  0x00000140d1483800 JavaThread "Service Thread" daemon [_thread_blocked, id=14992, stack(0x00000018d7400000,0x00000018d7500000)]
=>0x00000140d1488800 JavaThread "C2 CompilerThread0" daemon [_thread_in_native, id=17372, stack(0x00000018d7500000,0x00000018d7600000)]
  0x00000140d1495000 JavaThread "C1 CompilerThread0" daemon [_thread_blocked, id=7476, stack(0x00000018d7600000,0x00000018d7700000)]
  0x00000140d149e800 JavaThread "Sweeper thread" daemon [_thread_blocked, id=9600, stack(0x00000018d7700000,0x00000018d7800000)]
  0x00000140d1f75800 JavaThread "Common-Cleaner" daemon [_thread_blocked, id=5476, stack(0x00000018d7800000,0x00000018d7900000)]
  0x00000140d4847800 JavaThread "Daemon health stats" [_thread_blocked, id=13764, stack(0x00000018d7d00000,0x00000018d7e00000)]
  0x00000140d21b9000 JavaThread "Incoming local TCP Connector on port 60689" [_thread_in_native, id=324, stack(0x00000018d7a00000,0x00000018d7b00000)]
  0x00000140d33f0000 JavaThread "Daemon periodic checks" [_thread_blocked, id=11668, stack(0x00000018d7e00000,0x00000018d7f00000)]
  0x00000140d2e16000 JavaThread "Daemon" [_thread_blocked, id=9972, stack(0x00000018d7f00000,0x00000018d8000000)]
  0x00000140d32ee800 JavaThread "Handler for socket connection from /127.0.0.1:60689 to /127.0.0.1:60690" [_thread_in_native, id=376, stack(0x00000018d8000000,0x00000018d8100000)]
  0x00000140d4c89000 JavaThread "Cancel handler" [_thread_blocked, id=13500, stack(0x00000018d8100000,0x00000018d8200000)]
  0x00000140d416f000 JavaThread "Daemon worker" [_thread_in_vm, id=9160, stack(0x00000018d8200000,0x00000018d8300000)]
  0x00000140d360e800 JavaThread "Asynchronous log dispatcher for DefaultDaemonConnection: socket connection from /127.0.0.1:60689 to /127.0.0.1:60690" [_thread_blocked, id=9656, stack(0x00000018d8400000,0x00000018d8500000)]
  0x00000140d4823800 JavaThread "Stdin handler" [_thread_blocked, id=8912, stack(0x00000018d8500000,0x00000018d8600000)]
  0x00000140d4162800 JavaThread "Daemon client event forwarder" [_thread_blocked, id=4412, stack(0x00000018d8600000,0x00000018d8700000)]
  0x00000140d4163800 JavaThread "Cache worker for journal cache (C:\Users\1290743\.gradle\caches\journal-1)" [_thread_blocked, id=5868, stack(0x00000018d8700000,0x00000018d8800000)]
  0x00000140d4160800 JavaThread "File lock request listener" [_thread_in_native, id=5952, stack(0x00000018d8800000,0x00000018d8900000)]
  0x00000140d4162000 JavaThread "Cache worker for file hash cache (C:\Users\1290743\.gradle\caches\7.2\fileHashes)" [_thread_blocked, id=12632, stack(0x00000018d8900000,0x00000018d8a00000)]
  0x00000140d4b32000 JavaThread "C2 CompilerThread1" daemon [_thread_in_native, id=11344, stack(0x00000018d8a00000,0x00000018d8b00000)]
  0x00000140d4165000 JavaThread "Cache worker for file hash cache (C:\Users\1290743\Desktop\Kalkulator\.gradle\7.2\fileHashes)" [_thread_blocked, id=12812, stack(0x00000018d8b00000,0x00000018d8c00000)]
  0x00000140d4164800 JavaThread "File watcher server" daemon [_thread_in_native, id=13392, stack(0x00000018d8c00000,0x00000018d8d00000)]
  0x00000140d4166000 JavaThread "File watcher consumer" daemon [_thread_blocked, id=12900, stack(0x00000018d8d00000,0x00000018d8e00000)]
  0x00000140d4167000 JavaThread "jar transforms" [_thread_blocked, id=8752, stack(0x00000018d8e00000,0x00000018d8f00000)]
  0x00000140d4161000 JavaThread "jar transforms Thread 2" [_thread_blocked, id=12408, stack(0x00000018d8f00000,0x00000018d9000000)]
  0x00000140d2805800 JavaThread "jar transforms Thread 3" [_thread_blocked, id=2148, stack(0x00000018d9000000,0x00000018d9100000)]
  0x00000140d2804800 JavaThread "jar transforms Thread 4" [_thread_blocked, id=10468, stack(0x00000018d9100000,0x00000018d9200000)]
  0x00000140d2806000 JavaThread "Cache worker for checksums cache (C:\Users\1290743\Desktop\Kalkulator\.gradle\checksums)" [_thread_blocked, id=16724, stack(0x00000018d9200000,0x00000018d9300000)]
  0x00000140d2807000 JavaThread "Cache worker for cache directory md-supplier (C:\Users\1290743\.gradle\caches\7.2\md-supplier)" [_thread_blocked, id=9368, stack(0x00000018d9300000,0x00000018d9400000)]
  0x00000140d2807800 JavaThread "Cache worker for cache directory md-rule (C:\Users\1290743\.gradle\caches\7.2\md-rule)" [_thread_blocked, id=17072, stack(0x00000018d9400000,0x00000018d9500000)]

Other Threads:
  0x00000140d145c000 VMThread "VM Thread" [stack: 0x00000018d6f00000,0x00000018d7000000] [id=12668]
  0x00000140d1f7f000 WatcherThread [stack: 0x00000018d7900000,0x00000018d7a00000] [id=9488]
  0x00000140b5928000 GCTaskThread "GC Thread#0" [stack: 0x00000018d6a00000,0x00000018d6b00000] [id=8576]
  0x00000140d2bfd000 GCTaskThread "GC Thread#1" [stack: 0x00000018d7b00000,0x00000018d7c00000] [id=16896]
  0x00000140d2439000 GCTaskThread "GC Thread#2" [stack: 0x00000018d7c00000,0x00000018d7d00000] [id=14936]
  0x00000140d416f800 GCTaskThread "GC Thread#3" [stack: 0x00000018d8300000,0x00000018d8400000] [id=11936]
  0x00000140b5957800 ConcurrentGCThread "G1 Main Marker" [stack: 0x00000018d6b00000,0x00000018d6c00000] [id=4352]
  0x00000140b595a000 ConcurrentGCThread "G1 Conc#0" [stack: 0x00000018d6c00000,0x00000018d6d00000] [id=11876]
  0x00000140b59ec800 ConcurrentGCThread "G1 Refine#0" [stack: 0x00000018d6d00000,0x00000018d6e00000] [id=6912]
  0x00000140b59ed800 ConcurrentGCThread "G1 Young RemSet Sampling" [stack: 0x00000018d6e00000,0x00000018d6f00000] [id=16824]

Threads with active compile tasks:
C2 CompilerThread0   6565 2493       4       java.net.URLClassLoader$1::run (5 bytes)
C2 CompilerThread1   6565 2494   !   4       java.net.URLClassLoader$1::run (63 bytes)

VM state:not at safepoint (normal execution)

VM Mutex/Monitor currently owned by a thread: None

Heap address: 0x0000000080000000, size: 2048 MB, Compressed Oops mode: 32-bit
Narrow klass base: 0x0000000000000000, Narrow klass shift: 3
Compressed class space size: 1073741824 Address: 0x0000000100000000

Heap:
 garbage-first heap   total 157696K, used 59092K [0x0000000080000000, 0x0000000100000000)
  region size 1024K, 35 young (35840K), 6 survivors (6144K)
 Metaspace       used 29310K, capacity 30075K, committed 30332K, reserved 1075200K
  class space    used 3895K, capacity 4172K, committed 4300K, reserved 1048576K
Heap Regions: E=young(eden), S=young(survivor), O=old, HS=humongous(starts), HC=humongous(continues), CS=collection set, F=free, A=archive, TAMS=top-at-mark-start (previous, next)
|   0|0x0000000080000000, 0x0000000080100000, 0x0000000080100000|100%| O|  |TAMS 0x0000000080100000, 0x0000000080000000| Untracked 
|   1|0x0000000080100000, 0x0000000080200000, 0x0000000080200000|100%| O|  |TAMS 0x0000000080200000, 0x0000000080100000| Untracked 
|   2|0x0000000080200000, 0x0000000080300000, 0x0000000080300000|100%| O|  |TAMS 0x00000000802c5800, 0x0000000080200000| Untracked 
|   3|0x0000000080300000, 0x0000000080400000, 0x0000000080400000|100%|HS|  |TAMS 0x0000000080400000, 0x0000000080300000| Complete 
|   4|0x0000000080400000, 0x0000000080500000, 0x0000000080500000|100%|HC|  |TAMS 0x0000000080500000, 0x0000000080400000| Complete 
|   5|0x0000000080500000, 0x0000000080600000, 0x0000000080600000|100%|HC|  |TAMS 0x0000000080600000, 0x0000000080500000| Complete 
|   6|0x0000000080600000, 0x0000000080700000, 0x0000000080700000|100%| O|  |TAMS 0x0000000080700000, 0x0000000080600000| Untracked 
|   7|0x0000000080700000, 0x0000000080800000, 0x0000000080800000|100%| O|  |TAMS 0x0000000080800000, 0x0000000080700000| Untracked 
|   8|0x0000000080800000, 0x0000000080900000, 0x0000000080900000|100%| O|  |TAMS 0x0000000080900000, 0x0000000080800000| Untracked 
|   9|0x0000000080900000, 0x0000000080a00000, 0x0000000080a00000|100%| O|  |TAMS 0x0000000080a00000, 0x0000000080900000| Untracked 
|  10|0x0000000080a00000, 0x0000000080b00000, 0x0000000080b00000|100%| O|  |TAMS 0x0000000080b00000, 0x0000000080a00000| Untracked 
|  11|0x0000000080b00000, 0x0000000080c00000, 0x0000000080c00000|100%|HS|  |TAMS 0x0000000080b00000, 0x0000000080b00000| Complete 
|  12|0x0000000080c00000, 0x0000000080d00000, 0x0000000080d00000|100%|HC|  |TAMS 0x0000000080c00000, 0x0000000080c00000| Complete 
|  13|0x0000000080d00000, 0x0000000080e00000, 0x0000000080e00000|100%|HS|  |TAMS 0x0000000080d00000, 0x0000000080d00000| Complete 
|  14|0x0000000080e00000, 0x0000000080f00000, 0x0000000080f00000|100%|HC|  |TAMS 0x0000000080e00000, 0x0000000080e00000| Complete 
|  15|0x0000000080f00000, 0x0000000081000000, 0x0000000081000000|100%|HC|  |TAMS 0x0000000080f00000, 0x0000000080f00000| Complete 
|  16|0x0000000081000000, 0x0000000081100000, 0x0000000081100000|100%|HS|  |TAMS 0x0000000081000000, 0x0000000081000000| Complete 
|  17|0x0000000081100000, 0x0000000081200000, 0x0000000081200000|100%|HC|  |TAMS 0x0000000081100000, 0x0000000081100000| Complete 
|  18|0x0000000081200000, 0x0000000081300000, 0x0000000081300000|100%|HC|  |TAMS 0x0000000081200000, 0x0000000081200000| Complete 
|  19|0x0000000081300000, 0x0000000081400000, 0x0000000081400000|100%|HC|  |TAMS 0x0000000081300000, 0x0000000081300000| Complete 
|  20|0x0000000081400000, 0x0000000081500000, 0x0000000081500000|100%| O|  |TAMS 0x0000000081400000, 0x0000000081400000| Untracked 
|  21|0x0000000081500000, 0x0000000081600000, 0x0000000081600000|100%| O|  |TAMS 0x0000000081500000, 0x0000000081500000| Untracked 
|  22|0x0000000081600000, 0x0000000081700000, 0x0000000081700000|100%| O|  |TAMS 0x0000000081600000, 0x0000000081600000| Untracked 
|  23|0x0000000081700000, 0x0000000081800000, 0x0000000081800000|100%| O|  |TAMS 0x0000000081700000, 0x0000000081700000| Untracked 
|  24|0x0000000081800000, 0x00000000818ca600, 0x0000000081900000| 79%| O|  |TAMS 0x0000000081800000, 0x0000000081800000| Untracked 
|  25|0x0000000081900000, 0x0000000081900000, 0x0000000081a00000|  0%| F|  |TAMS 0x0000000081900000, 0x0000000081900000| Untracked 
|  26|0x0000000081a00000, 0x0000000081a00000, 0x0000000081b00000|  0%| F|  |TAMS 0x0000000081a00000, 0x0000000081a00000| Untracked 
|  27|0x0000000081b00000, 0x0000000081b00000, 0x0000000081c00000|  0%| F|  |TAMS 0x0000000081b00000, 0x0000000081b00000| Untracked 
|  28|0x0000000081c00000, 0x0000000081c00000, 0x0000000081d00000|  0%| F|  |TAMS 0x0000000081c00000, 0x0000000081c00000| Untracked 
|  29|0x0000000081d00000, 0x0000000081d00000, 0x0000000081e00000|  0%| F|  |TAMS 0x0000000081d00000, 0x0000000081d00000| Untracked 
|  30|0x0000000081e00000, 0x0000000081e00000, 0x0000000081f00000|  0%| F|  |TAMS 0x0000000081e00000, 0x0000000081e00000| Untracked 
|  31|0x0000000081f00000, 0x0000000081f00000, 0x0000000082000000|  0%| F|  |TAMS 0x0000000081f00000, 0x0000000081f00000| Untracked 
|  32|0x0000000082000000, 0x0000000082000000, 0x0000000082100000|  0%| F|  |TAMS 0x0000000082000000, 0x0000000082000000| Untracked 
|  33|0x0000000082100000, 0x0000000082100000, 0x0000000082200000|  0%| F|  |TAMS 0x0000000082100000, 0x0000000082100000| Untracked 
|  34|0x0000000082200000, 0x0000000082200000, 0x0000000082300000|  0%| F|  |TAMS 0x0000000082200000, 0x0000000082200000| Untracked 
|  35|0x0000000082300000, 0x0000000082300000, 0x0000000082400000|  0%| F|  |TAMS 0x0000000082300000, 0x0000000082300000| Untracked 
|  36|0x0000000082400000, 0x0000000082400000, 0x0000000082500000|  0%| F|  |TAMS 0x0000000082400000, 0x0000000082400000| Untracked 
|  37|0x0000000082500000, 0x0000000082500000, 0x0000000082600000|  0%| F|  |TAMS 0x0000000082500000, 0x0000000082500000| Untracked 
|  38|0x0000000082600000, 0x0000000082600000, 0x0000000082700000|  0%| F|  |TAMS 0x0000000082600000, 0x0000000082600000| Untracked 
|  39|0x0000000082700000, 0x0000000082700000, 0x0000000082800000|  0%| F|  |TAMS 0x0000000082700000, 0x0000000082700000| Untracked 
|  40|0x0000000082800000, 0x0000000082800000, 0x0000000082900000|  0%| F|  |TAMS 0x0000000082800000, 0x0000000082800000| Untracked 
|  41|0x0000000082900000, 0x0000000082900000, 0x0000000082a00000|  0%| F|  |TAMS 0x0000000082900000, 0x0000000082900000| Untracked 
|  42|0x0000000082a00000, 0x0000000082a00000, 0x0000000082b00000|  0%| F|  |TAMS 0x0000000082a00000, 0x0000000082a00000| Untracked 
|  43|0x0000000082b00000, 0x0000000082b00000, 0x0000000082c00000|  0%| F|  |TAMS 0x0000000082b00000, 0x0000000082b00000| Untracked 
|  44|0x0000000082c00000, 0x0000000082c00000, 0x0000000082d00000|  0%| F|  |TAMS 0x0000000082c00000, 0x0000000082c00000| Untracked 
|  45|0x0000000082d00000, 0x0000000082d00000, 0x0000000082e00000|  0%| F|  |TAMS 0x0000000082d00000, 0x0000000082d00000| Untracked 
|  46|0x0000000082e00000, 0x0000000082e00000, 0x0000000082f00000|  0%| F|  |TAMS 0x0000000082e00000, 0x0000000082e00000| Untracked 
|  47|0x0000000082f00000, 0x0000000082f00000, 0x0000000083000000|  0%| F|  |TAMS 0x0000000082f00000, 0x0000000082f00000| Untracked 
|  48|0x0000000083000000, 0x0000000083000000, 0x0000000083100000|  0%| F|  |TAMS 0x0000000083000000, 0x0000000083000000| Untracked 
|  49|0x0000000083100000, 0x0000000083100000, 0x0000000083200000|  0%| F|  |TAMS 0x0000000083100000, 0x0000000083100000| Untracked 
|  50|0x0000000083200000, 0x0000000083200000, 0x0000000083300000|  0%| F|  |TAMS 0x0000000083200000, 0x0000000083200000| Untracked 
|  51|0x0000000083300000, 0x0000000083300000, 0x0000000083400000|  0%| F|  |TAMS 0x0000000083300000, 0x0000000083300000| Untracked 
|  52|0x0000000083400000, 0x0000000083400000, 0x0000000083500000|  0%| F|  |TAMS 0x0000000083400000, 0x0000000083400000| Untracked 
|  53|0x0000000083500000, 0x0000000083500000, 0x0000000083600000|  0%| F|  |TAMS 0x0000000083500000, 0x0000000083500000| Untracked 
|  54|0x0000000083600000, 0x0000000083600000, 0x0000000083700000|  0%| F|  |TAMS 0x0000000083600000, 0x0000000083600000| Untracked 
|  55|0x0000000083700000, 0x0000000083700000, 0x0000000083800000|  0%| F|  |TAMS 0x0000000083700000, 0x0000000083700000| Untracked 
|  56|0x0000000083800000, 0x0000000083800000, 0x0000000083900000|  0%| F|  |TAMS 0x0000000083800000, 0x0000000083800000| Untracked 
|  57|0x0000000083900000, 0x0000000083900000, 0x0000000083a00000|  0%| F|  |TAMS 0x0000000083900000, 0x0000000083900000| Untracked 
|  58|0x0000000083a00000, 0x0000000083a00000, 0x0000000083b00000|  0%| F|  |TAMS 0x0000000083a00000, 0x0000000083a00000| Untracked 
|  59|0x0000000083b00000, 0x0000000083b00000, 0x0000000083c00000|  0%| F|  |TAMS 0x0000000083b00000, 0x0000000083b00000| Untracked 
|  60|0x0000000083c00000, 0x0000000083c00000, 0x0000000083d00000|  0%| F|  |TAMS 0x0000000083c00000, 0x0000000083c00000| Untracked 
|  61|0x0000000083d00000, 0x0000000083d00000, 0x0000000083e00000|  0%| F|  |TAMS 0x0000000083d00000, 0x0000000083d00000| Untracked 
|  62|0x0000000083e00000, 0x0000000083e00000, 0x0000000083f00000|  0%| F|  |TAMS 0x0000000083e00000, 0x0000000083e00000| Untracked 
|  63|0x0000000083f00000, 0x0000000083f00000, 0x0000000084000000|  0%| F|  |TAMS 0x0000000083f00000, 0x0000000083f00000| Untracked 
|  64|0x0000000084000000, 0x0000000084000000, 0x0000000084100000|  0%| F|  |TAMS 0x0000000084000000, 0x0000000084000000| Untracked 
|  65|0x0000000084100000, 0x0000000084100000, 0x0000000084200000|  0%| F|  |TAMS 0x0000000084100000, 0x0000000084100000| Untracked 
|  66|0x0000000084200000, 0x0000000084200000, 0x0000000084300000|  0%| F|  |TAMS 0x0000000084200000, 0x0000000084200000| Untracked 
|  67|0x0000000084300000, 0x0000000084300000, 0x0000000084400000|  0%| F|  |TAMS 0x0000000084300000, 0x0000000084300000| Untracked 
|  68|0x0000000084400000, 0x0000000084400000, 0x0000000084500000|  0%| F|  |TAMS 0x0000000084400000, 0x0000000084400000| Untracked 
|  69|0x0000000084500000, 0x0000000084500000, 0x0000000084600000|  0%| F|  |TAMS 0x0000000084500000, 0x0000000084500000| Untracked 
|  70|0x0000000084600000, 0x0000000084600000, 0x0000000084700000|  0%| F|  |TAMS 0x0000000084600000, 0x0000000084600000| Untracked 
|  71|0x0000000084700000, 0x0000000084700000, 0x0000000084800000|  0%| F|  |TAMS 0x0000000084700000, 0x0000000084700000| Untracked 
|  72|0x0000000084800000, 0x0000000084800000, 0x0000000084900000|  0%| F|  |TAMS 0x0000000084800000, 0x0000000084800000| Untracked 
|  73|0x0000000084900000, 0x0000000084900000, 0x0000000084a00000|  0%| F|  |TAMS 0x0000000084900000, 0x0000000084900000| Untracked 
|  74|0x0000000084a00000, 0x0000000084a00000, 0x0000000084b00000|  0%| F|  |TAMS 0x0000000084a00000, 0x0000000084a00000| Untracked 
|  75|0x0000000084b00000, 0x0000000084b00000, 0x0000000084c00000|  0%| F|  |TAMS 0x0000000084b00000, 0x0000000084b00000| Untracked 
|  76|0x0000000084c00000, 0x0000000084c00000, 0x0000000084d00000|  0%| F|  |TAMS 0x0000000084c00000, 0x0000000084c00000| Untracked 
|  77|0x0000000084d00000, 0x0000000084d00000, 0x0000000084e00000|  0%| F|  |TAMS 0x0000000084d00000, 0x0000000084d00000| Untracked 
|  78|0x0000000084e00000, 0x0000000084e00000, 0x0000000084f00000|  0%| F|  |TAMS 0x0000000084e00000, 0x0000000084e00000| Untracked 
|  79|0x0000000084f00000, 0x0000000084f00000, 0x0000000085000000|  0%| F|  |TAMS 0x0000000084f00000, 0x0000000084f00000| Untracked 
|  80|0x0000000085000000, 0x0000000085000000, 0x0000000085100000|  0%| F|  |TAMS 0x0000000085000000, 0x0000000085000000| Untracked 
|  81|0x0000000085100000, 0x00000000851eadf8, 0x0000000085200000| 91%| S|CS|TAMS 0x0000000085100000, 0x0000000085100000| Complete 
|  82|0x0000000085200000, 0x0000000085300000, 0x0000000085300000|100%| S|CS|TAMS 0x0000000085200000, 0x0000000085200000| Complete 
|  83|0x0000000085300000, 0x0000000085400000, 0x0000000085400000|100%| S|CS|TAMS 0x0000000085300000, 0x0000000085300000| Complete 
|  84|0x0000000085400000, 0x0000000085500000, 0x0000000085500000|100%| S|CS|TAMS 0x0000000085400000, 0x0000000085400000| Complete 
|  85|0x0000000085500000, 0x0000000085600000, 0x0000000085600000|100%| S|CS|TAMS 0x0000000085500000, 0x0000000085500000| Complete 
|  86|0x0000000085600000, 0x0000000085700000, 0x0000000085700000|100%| S|CS|TAMS 0x0000000085600000, 0x0000000085600000| Complete 
|  87|0x0000000085700000, 0x0000000085700000, 0x0000000085800000|  0%| F|  |TAMS 0x0000000085700000, 0x0000000085700000| Untracked 
|  88|0x0000000085800000, 0x0000000085800000, 0x0000000085900000|  0%| F|  |TAMS 0x0000000085800000, 0x0000000085800000| Untracked 
|  89|0x0000000085900000, 0x0000000085900000, 0x0000000085a00000|  0%| F|  |TAMS 0x0000000085900000, 0x0000000085900000| Untracked 
|  90|0x0000000085a00000, 0x0000000085a00000, 0x0000000085b00000|  0%| F|  |TAMS 0x0000000085a00000, 0x0000000085a00000| Untracked 
|  91|0x0000000085b00000, 0x0000000085b00000, 0x0000000085c00000|  0%| F|  |TAMS 0x0000000085b00000, 0x0000000085b00000| Untracked 
|  92|0x0000000085c00000, 0x0000000085c00000, 0x0000000085d00000|  0%| F|  |TAMS 0x0000000085c00000, 0x0000000085c00000| Untracked 
|  93|0x0000000085d00000, 0x0000000085d00000, 0x0000000085e00000|  0%| F|  |TAMS 0x0000000085d00000, 0x0000000085d00000| Untracked 
|  94|0x0000000085e00000, 0x0000000085e00000, 0x0000000085f00000|  0%| F|  |TAMS 0x0000000085e00000, 0x0000000085e00000| Untracked 
|  95|0x0000000085f00000, 0x0000000085f00000, 0x0000000086000000|  0%| F|  |TAMS 0x0000000085f00000, 0x0000000085f00000| Untracked 
|  96|0x0000000086000000, 0x0000000086000000, 0x0000000086100000|  0%| F|  |TAMS 0x0000000086000000, 0x0000000086000000| Untracked 
|  97|0x0000000086100000, 0x0000000086100000, 0x0000000086200000|  0%| F|  |TAMS 0x0000000086100000, 0x0000000086100000| Untracked 
|  98|0x0000000086200000, 0x0000000086200000, 0x0000000086300000|  0%| F|  |TAMS 0x0000000086200000, 0x0000000086200000| Untracked 
|  99|0x0000000086300000, 0x0000000086300000, 0x0000000086400000|  0%| F|  |TAMS 0x0000000086300000, 0x0000000086300000| Untracked 
| 100|0x0000000086400000, 0x0000000086400000, 0x0000000086500000|  0%| F|  |TAMS 0x0000000086400000, 0x0000000086400000| Untracked 
| 101|0x0000000086500000, 0x0000000086500000, 0x0000000086600000|  0%| F|  |TAMS 0x0000000086500000, 0x0000000086500000| Untracked 
| 102|0x0000000086600000, 0x0000000086600000, 0x0000000086700000|  0%| F|  |TAMS 0x0000000086600000, 0x0000000086600000| Untracked 
| 103|0x0000000086700000, 0x0000000086700000, 0x0000000086800000|  0%| F|  |TAMS 0x0000000086700000, 0x0000000086700000| Untracked 
| 104|0x0000000086800000, 0x0000000086800000, 0x0000000086900000|  0%| F|  |TAMS 0x0000000086800000, 0x0000000086800000| Untracked 
| 105|0x0000000086900000, 0x0000000086900000, 0x0000000086a00000|  0%| F|  |TAMS 0x0000000086900000, 0x0000000086900000| Untracked 
| 106|0x0000000086a00000, 0x0000000086a00000, 0x0000000086b00000|  0%| F|  |TAMS 0x0000000086a00000, 0x0000000086a00000| Untracked 
| 107|0x0000000086b00000, 0x0000000086b00000, 0x0000000086c00000|  0%| F|  |TAMS 0x0000000086b00000, 0x0000000086b00000| Untracked 
| 108|0x0000000086c00000, 0x0000000086c00000, 0x0000000086d00000|  0%| F|  |TAMS 0x0000000086c00000, 0x0000000086c00000| Untracked 
| 109|0x0000000086d00000, 0x0000000086d00000, 0x0000000086e00000|  0%| F|  |TAMS 0x0000000086d00000, 0x0000000086d00000| Untracked 
| 110|0x0000000086e00000, 0x0000000086e00000, 0x0000000086f00000|  0%| F|  |TAMS 0x0000000086e00000, 0x0000000086e00000| Untracked 
| 111|0x0000000086f00000, 0x0000000086f00000, 0x0000000087000000|  0%| F|  |TAMS 0x0000000086f00000, 0x0000000086f00000| Untracked 
| 112|0x0000000087000000, 0x0000000087000000, 0x0000000087100000|  0%| F|  |TAMS 0x0000000087000000, 0x0000000087000000| Untracked 
| 113|0x0000000087100000, 0x0000000087100000, 0x0000000087200000|  0%| F|  |TAMS 0x0000000087100000, 0x0000000087100000| Untracked 
| 114|0x0000000087200000, 0x0000000087200000, 0x0000000087300000|  0%| F|  |TAMS 0x0000000087200000, 0x0000000087200000| Untracked 
| 115|0x0000000087300000, 0x0000000087300000, 0x0000000087400000|  0%| F|  |TAMS 0x0000000087300000, 0x0000000087300000| Untracked 
| 116|0x0000000087400000, 0x0000000087400000, 0x0000000087500000|  0%| F|  |TAMS 0x0000000087400000, 0x0000000087400000| Untracked 
| 117|0x0000000087500000, 0x0000000087500000, 0x0000000087600000|  0%| F|  |TAMS 0x0000000087500000, 0x0000000087500000| Untracked 
| 118|0x0000000087600000, 0x0000000087600000, 0x0000000087700000|  0%| F|  |TAMS 0x0000000087600000, 0x0000000087600000| Untracked 
| 119|0x0000000087700000, 0x0000000087700000, 0x0000000087800000|  0%| F|  |TAMS 0x0000000087700000, 0x0000000087700000| Untracked 
| 120|0x0000000087800000, 0x0000000087800000, 0x0000000087900000|  0%| F|  |TAMS 0x0000000087800000, 0x0000000087800000| Untracked 
| 121|0x0000000087900000, 0x0000000087900000, 0x0000000087a00000|  0%| F|  |TAMS 0x0000000087900000, 0x0000000087900000| Untracked 
| 122|0x0000000087a00000, 0x0000000087a00000, 0x0000000087b00000|  0%| F|  |TAMS 0x0000000087a00000, 0x0000000087a00000| Untracked 
| 123|0x0000000087b00000, 0x0000000087b00000, 0x0000000087c00000|  0%| F|  |TAMS 0x0000000087b00000, 0x0000000087b00000| Untracked 
| 124|0x0000000087c00000, 0x0000000087c80800, 0x0000000087d00000| 50%| E|  |TAMS 0x0000000087c00000, 0x0000000087c00000| Complete 
| 125|0x0000000087d00000, 0x0000000087e00000, 0x0000000087e00000|100%| E|CS|TAMS 0x0000000087d00000, 0x0000000087d00000| Complete 
| 126|0x0000000087e00000, 0x0000000087f00000, 0x0000000087f00000|100%| E|CS|TAMS 0x0000000087e00000, 0x0000000087e00000| Complete 
| 127|0x0000000087f00000, 0x0000000088000000, 0x0000000088000000|100%| E|CS|TAMS 0x0000000087f00000, 0x0000000087f00000| Complete 
| 128|0x0000000088000000, 0x0000000088100000, 0x0000000088100000|100%| E|CS|TAMS 0x0000000088000000, 0x0000000088000000| Complete 
| 129|0x0000000088100000, 0x0000000088200000, 0x0000000088200000|100%| E|CS|TAMS 0x0000000088100000, 0x0000000088100000| Complete 
| 130|0x0000000088200000, 0x0000000088300000, 0x0000000088300000|100%| E|CS|TAMS 0x0000000088200000, 0x0000000088200000| Complete 
| 131|0x0000000088300000, 0x0000000088400000, 0x0000000088400000|100%| E|CS|TAMS 0x0000000088300000, 0x0000000088300000| Complete 
| 132|0x0000000088400000, 0x0000000088500000, 0x0000000088500000|100%| E|CS|TAMS 0x0000000088400000, 0x0000000088400000| Complete 
| 133|0x0000000088500000, 0x0000000088600000, 0x0000000088600000|100%| E|CS|TAMS 0x0000000088500000, 0x0000000088500000| Complete 
| 134|0x0000000088600000, 0x0000000088700000, 0x0000000088700000|100%| E|CS|TAMS 0x0000000088600000, 0x0000000088600000| Complete 
| 135|0x0000000088700000, 0x0000000088800000, 0x0000000088800000|100%| E|CS|TAMS 0x0000000088700000, 0x0000000088700000| Complete 
| 136|0x0000000088800000, 0x0000000088900000, 0x0000000088900000|100%| E|CS|TAMS 0x0000000088800000, 0x0000000088800000| Complete 
| 137|0x0000000088900000, 0x0000000088a00000, 0x0000000088a00000|100%| E|CS|TAMS 0x0000000088900000, 0x0000000088900000| Complete 
| 138|0x0000000088a00000, 0x0000000088b00000, 0x0000000088b00000|100%| E|CS|TAMS 0x0000000088a00000, 0x0000000088a00000| Complete 
| 139|0x0000000088b00000, 0x0000000088c00000, 0x0000000088c00000|100%| E|CS|TAMS 0x0000000088b00000, 0x0000000088b00000| Complete 
| 140|0x0000000088c00000, 0x0000000088d00000, 0x0000000088d00000|100%| E|CS|TAMS 0x0000000088c00000, 0x0000000088c00000| Complete 
| 141|0x0000000088d00000, 0x0000000088e00000, 0x0000000088e00000|100%| E|CS|TAMS 0x0000000088d00000, 0x0000000088d00000| Complete 
| 142|0x0000000088e00000, 0x0000000088f00000, 0x0000000088f00000|100%| E|CS|TAMS 0x0000000088e00000, 0x0000000088e00000| Complete 
| 143|0x0000000088f00000, 0x0000000089000000, 0x0000000089000000|100%| E|CS|TAMS 0x0000000088f00000, 0x0000000088f00000| Complete 
| 144|0x0000000089000000, 0x0000000089100000, 0x0000000089100000|100%| E|CS|TAMS 0x0000000089000000, 0x0000000089000000| Complete 
| 145|0x0000000089100000, 0x0000000089200000, 0x0000000089200000|100%| E|CS|TAMS 0x0000000089100000, 0x0000000089100000| Complete 
| 146|0x0000000089200000, 0x0000000089300000, 0x0000000089300000|100%| E|CS|TAMS 0x0000000089200000, 0x0000000089200000| Complete 
| 147|0x0000000089300000, 0x0000000089400000, 0x0000000089400000|100%| E|CS|TAMS 0x0000000089300000, 0x0000000089300000| Complete 
| 148|0x0000000089400000, 0x0000000089500000, 0x0000000089500000|100%| E|CS|TAMS 0x0000000089400000, 0x0000000089400000| Complete 
| 149|0x0000000089500000, 0x0000000089600000, 0x0000000089600000|100%| E|CS|TAMS 0x0000000089500000, 0x0000000089500000| Complete 
| 150|0x0000000089600000, 0x0000000089700000, 0x0000000089700000|100%| E|CS|TAMS 0x0000000089600000, 0x0000000089600000| Complete 
| 151|0x0000000089700000, 0x0000000089800000, 0x0000000089800000|100%| E|CS|TAMS 0x0000000089700000, 0x0000000089700000| Complete 
| 152|0x0000000089800000, 0x0000000089900000, 0x0000000089900000|100%| E|CS|TAMS 0x0000000089800000, 0x0000000089800000| Complete 
| 153|0x0000000089900000, 0x0000000089a00000, 0x0000000089a00000|100%| E|  |TAMS 0x0000000089900000, 0x0000000089900000| Complete 

Card table byte_map: [0x00000140ca620000,0x00000140caa20000] _byte_map_base: 0x00000140ca220000

Marking Bits (Prev, Next): (CMBitMap*) 0x00000140b594ea30, (CMBitMap*) 0x00000140b594e9f8
 Prev Bits: [0x00000140cce20000, 0x00000140cee20000)
 Next Bits: [0x00000140cae20000, 0x00000140cce20000)

Polling page: 0x00000140b59f0000

Metaspace:

Usage:
  Non-class:     25.36 MB capacity,    24.84 MB ( 98%) used,   459.06 KB (  2%) free+waste,    66.88 KB ( <1%) overhead. 
      Class:      4.07 MB capacity,     3.81 MB ( 94%) used,   235.89 KB (  6%) free+waste,    33.69 KB ( <1%) overhead. 
       Both:     29.43 MB capacity,    28.66 MB ( 97%) used,   694.95 KB (  2%) free+waste,   100.56 KB ( <1%) overhead. 

Virtual space:
  Non-class space:       26.00 MB reserved,      25.42 MB ( 98%) committed 
      Class space:        1.00 GB reserved,       4.20 MB ( <1%) committed 
             Both:        1.03 GB reserved,      29.62 MB (  3%) committed 

Chunk freelists:
   Non-Class:  1.00 KB
       Class:  19.00 KB
        Both:  19.00 KB

MaxMetaspaceSize: 17179869184.00 GB
CompressedClassSpaceSize: 1.00 GB

CodeHeap 'non-profiled nmethods': size=120064Kb used=1303Kb max_used=1303Kb free=118760Kb
 bounds [0x00000140c26c0000, 0x00000140c2930000, 0x00000140c9c00000]
CodeHeap 'profiled nmethods': size=120000Kb used=5656Kb max_used=5656Kb free=114343Kb
 bounds [0x00000140bb190000, 0x00000140bb720000, 0x00000140c26c0000]
CodeHeap 'non-nmethods': size=5696Kb used=1158Kb max_used=1192Kb free=4537Kb
 bounds [0x00000140bac00000, 0x00000140bae70000, 0x00000140bb190000]
 total_blobs=3149 nmethods=2644 adapters=416
 compilation: enabled
              stopped_count=0, restarted_count=0
 full_count=0

Compilation events (20 events):
Event: 6.477 Thread 0x00000140d1495000 nmethod 2597 0x00000140bb6fac90 code [0x00000140bb6fae40, 0x00000140bb6fb038]
Event: 6.477 Thread 0x00000140d1495000 2596       3       org.objectweb.asm.AnnotationWriter::putAnnotations (67 bytes)
Event: 6.478 Thread 0x00000140d1495000 nmethod 2596 0x00000140bb6fb190 code [0x00000140bb6fb3c0, 0x00000140bb6fb7f8]
Event: 6.478 Thread 0x00000140d1495000 2595       3       org.objectweb.asm.Attribute::computeAttributesSize (62 bytes)
Event: 6.478 Thread 0x00000140d1495000 nmethod 2595 0x00000140bb6fba90 code [0x00000140bb6fbc80, 0x00000140bb6fbfa8]
Event: 6.489 Thread 0x00000140d1495000 2598       3       java.lang.invoke.Invokers::checkExactType (17 bytes)
Event: 6.489 Thread 0x00000140d1495000 nmethod 2598 0x00000140bb6fc110 code [0x00000140bb6fc2c0, 0x00000140bb6fc4a8]
Event: 6.495 Thread 0x00000140d1495000 2599       3       java.lang.reflect.Field::copy (76 bytes)
Event: 6.496 Thread 0x00000140d1495000 nmethod 2599 0x00000140bb6fc590 code [0x00000140bb6fc780, 0x00000140bb6fcb78]
Event: 6.496 Thread 0x00000140d1495000 2600       3       java.lang.reflect.Field::<init> (44 bytes)
Event: 6.496 Thread 0x00000140d1495000 nmethod 2600 0x00000140bb6fcc90 code [0x00000140bb6fce60, 0x00000140bb6fd218]
Event: 6.496 Thread 0x00000140d1495000 2601       3       java.util.TreeMap::get (19 bytes)
Event: 6.497 Thread 0x00000140d1495000 nmethod 2601 0x00000140bb6fd310 code [0x00000140bb6fd4e0, 0x00000140bb6fd688]
Event: 6.497 Thread 0x00000140d1495000 2602       3       org.gradle.internal.reflect.MethodSet::shouldReplace (45 bytes)
Event: 6.498 Thread 0x00000140d1495000 nmethod 2602 0x00000140bb6fd790 code [0x00000140bb6fd980, 0x00000140bb6fdeb8]
Event: 6.498 Thread 0x00000140d1495000 2603       3       org.gradle.internal.reflect.MethodSet::getValues (13 bytes)
Event: 6.499 Thread 0x00000140d1495000 nmethod 2603 0x00000140bb6fe090 code [0x00000140bb6fe280, 0x00000140bb6fe6f8]
Event: 6.499 Thread 0x00000140d1495000 2604       3       java.util.Collections::unmodifiableCollection (9 bytes)
Event: 6.499 Thread 0x00000140d1495000 nmethod 2604 0x00000140bb6fe890 code [0x00000140bb6fea60, 0x00000140bb6feda8]
Event: 6.499 Thread 0x00000140d1495000 2605       3       com.google.common.reflect.TypeResolver$TypeVariableKey::<init> (16 bytes)

GC Heap History (12 events):
Event: 0.744 GC heap before
{Heap before GC invocations=0 (full 0):
 garbage-first heap   total 131072K, used 19456K [0x0000000080000000, 0x0000000100000000)
  region size 1024K, 14 young (14336K), 0 survivors (0K)
 Metaspace       used 6754K, capacity 6937K, committed 7168K, reserved 1056768K
  class space    used 584K, capacity 650K, committed 768K, reserved 1048576K
}
Event: 0.750 GC heap after
{Heap after GC invocations=1 (full 0):
 garbage-first heap   total 131072K, used 7605K [0x0000000080000000, 0x0000000100000000)
  region size 1024K, 2 young (2048K), 2 survivors (2048K)
 Metaspace       used 6754K, capacity 6937K, committed 7168K, reserved 1056768K
  class space    used 584K, capacity 650K, committed 768K, reserved 1048576K
}
Event: 1.075 GC heap before
{Heap before GC invocations=1 (full 0):
 garbage-first heap   total 131072K, used 14773K [0x0000000080000000, 0x0000000100000000)
  region size 1024K, 9 young (9216K), 2 survivors (2048K)
 Metaspace       used 9734K, capacity 9952K, committed 10112K, reserved 1058816K
  class space    used 987K, capacity 1041K, committed 1152K, reserved 1048576K
}
Event: 1.079 GC heap after
{Heap after GC invocations=2 (full 0):
 garbage-first heap   total 131072K, used 9326K [0x0000000080000000, 0x0000000100000000)
  region size 1024K, 2 young (2048K), 2 survivors (2048K)
 Metaspace       used 9734K, capacity 9952K, committed 10112K, reserved 1058816K
  class space    used 987K, capacity 1041K, committed 1152K, reserved 1048576K
}
Event: 1.762 GC heap before
{Heap before GC invocations=2 (full 0):
 garbage-first heap   total 131072K, used 31854K [0x0000000080000000, 0x0000000100000000)
  region size 1024K, 25 young (25600K), 2 survivors (2048K)
 Metaspace       used 11200K, capacity 11456K, committed 11520K, reserved 1058816K
  class space    used 1174K, capacity 1244K, committed 1280K, reserved 1048576K
}
Event: 1.768 GC heap after
{Heap after GC invocations=3 (full 0):
 garbage-first heap   total 131072K, used 10088K [0x0000000080000000, 0x0000000100000000)
  region size 1024K, 3 young (3072K), 3 survivors (3072K)
 Metaspace       used 11200K, capacity 11456K, committed 11520K, reserved 1058816K
  class space    used 1174K, capacity 1244K, committed 1280K, reserved 1048576K
}
Event: 4.338 GC heap before
{Heap before GC invocations=3 (full 0):
 garbage-first heap   total 131072K, used 56168K [0x0000000080000000, 0x0000000100000000)
  region size 1024K, 48 young (49152K), 3 survivors (3072K)
 Metaspace       used 17210K, capacity 17614K, committed 17792K, reserved 1064960K
  class space    used 1988K, capacity 2118K, committed 2176K, reserved 1048576K
}
Event: 4.348 GC heap after
{Heap after GC invocations=4 (full 0):
 garbage-first heap   total 131072K, used 15853K [0x0000000080000000, 0x0000000100000000)
  region size 1024K, 6 young (6144K), 6 survivors (6144K)
 Metaspace       used 17210K, capacity 17614K, committed 17792K, reserved 1064960K
  class space    used 1988K, capacity 2118K, committed 2176K, reserved 1048576K
}
Event: 4.772 GC heap before
{Heap before GC invocations=4 (full 0):
 garbage-first heap   total 131072K, used 46573K [0x0000000080000000, 0x0000000100000000)
  region size 1024K, 37 young (37888K), 6 survivors (6144K)
 Metaspace       used 20711K, capacity 21194K, committed 21296K, reserved 1069056K
  class space    used 2532K, capacity 2676K, committed 2688K, reserved 1048576K
}
Event: 4.782 GC heap after
{Heap after GC invocations=5 (full 0):
 garbage-first heap   total 157696K, used 17554K [0x0000000080000000, 0x0000000100000000)
  region size 1024K, 7 young (7168K), 7 survivors (7168K)
 Metaspace       used 20711K, capacity 21194K, committed 21296K, reserved 1069056K
  class space    used 2532K, capacity 2676K, committed 2688K, reserved 1048576K
}
Event: 5.882 GC heap before
{Heap before GC invocations=6 (full 0):
 garbage-first heap   total 157696K, used 87186K [0x0000000080000000, 0x0000000100000000)
  region size 1024K, 67 young (68608K), 7 survivors (7168K)
 Metaspace       used 26931K, capacity 27693K, committed 27772K, reserved 1073152K
  class space    used 3531K, capacity 3768K, committed 3788K, reserved 1048576K
}
Event: 5.894 GC heap after
{Heap after GC invocations=7 (full 0):
 garbage-first heap   total 157696K, used 31444K [0x0000000080000000, 0x0000000100000000)
  region size 1024K, 6 young (6144K), 6 survivors (6144K)
 Metaspace       used 26931K, capacity 27693K, committed 27772K, reserved 1073152K
  class space    used 3531K, capacity 3768K, committed 3788K, reserved 1048576K
}

Deoptimization events (20 events):
Event: 5.769 Thread 0x00000140d416f000 DEOPT PACKING pc=0x00000140c27bf9bc sp=0x00000018d82f8720
Event: 5.769 Thread 0x00000140d416f000 DEOPT UNPACKING pc=0x00000140bac2662f sp=0x00000018d82f8780 mode 2
Event: 5.769 Thread 0x00000140d416f000 Uncommon trap: trap_request=0xffffffc6 fr.pc=0x00000140c27bf9bc relative=0x000000000000347c
Event: 5.770 Thread 0x00000140d416f000 Uncommon trap: reason=bimorphic_or_optimized_type_check action=maybe_recompile pc=0x00000140c27bf9bc method=java.lang.ClassLoader.loadClass(Ljava/lang/String;Z)Ljava/lang/Class; @ 38 c2
Event: 5.770 Thread 0x00000140d416f000 DEOPT PACKING pc=0x00000140c27bf9bc sp=0x00000018d82f9dd0
Event: 5.770 Thread 0x00000140d416f000 DEOPT UNPACKING pc=0x00000140bac2662f sp=0x00000018d82f9e30 mode 2
Event: 5.783 Thread 0x00000140d416f000 DEOPT PACKING pc=0x00000140bb4c0a5a sp=0x00000018d82f5e40
Event: 5.783 Thread 0x00000140d416f000 DEOPT UNPACKING pc=0x00000140bac26dde sp=0x00000018d82f52c8 mode 0
Event: 5.789 Thread 0x00000140d416f000 Uncommon trap: trap_request=0xffffff4d fr.pc=0x00000140c2746e54 relative=0x0000000000001994
Event: 5.789 Thread 0x00000140d416f000 Uncommon trap: reason=unstable_if action=reinterpret pc=0x00000140c2746e54 method=java.util.zip.ZipFile$Source.initCEN(ILjava/util/zip/ZipCoder;)V @ 582 c2
Event: 5.789 Thread 0x00000140d416f000 DEOPT PACKING pc=0x00000140c2746e54 sp=0x00000018d82f5e80
Event: 5.789 Thread 0x00000140d416f000 DEOPT UNPACKING pc=0x00000140bac2662f sp=0x00000018d82f5e68 mode 2
Event: 5.854 Thread 0x00000140d416f000 DEOPT PACKING pc=0x00000140bb68442a sp=0x00000018d82f4d90
Event: 5.854 Thread 0x00000140d416f000 DEOPT UNPACKING pc=0x00000140bac26dde sp=0x00000018d82f4380 mode 0
Event: 5.902 Thread 0x00000140d416f000 DEOPT PACKING pc=0x00000140bb68442a sp=0x00000018d82f3da0
Event: 5.902 Thread 0x00000140d416f000 DEOPT UNPACKING pc=0x00000140bac26dde sp=0x00000018d82f3390 mode 0
Event: 6.420 Thread 0x00000140d416f000 Uncommon trap: trap_request=0xffffff4d fr.pc=0x00000140c2793bcc relative=0x000000000000020c
Event: 6.420 Thread 0x00000140d416f000 Uncommon trap: reason=unstable_if action=reinterpret pc=0x00000140c2793bcc method=java.util.HashMap.hash(Ljava/lang/Object;)I @ 1 c2
Event: 6.420 Thread 0x00000140d416f000 DEOPT PACKING pc=0x00000140c2793bcc sp=0x00000018d82f8ff0
Event: 6.420 Thread 0x00000140d416f000 DEOPT UNPACKING pc=0x00000140bac2662f sp=0x00000018d82f8f28 mode 2

Classes redefined (0 events):
No events

Internal exceptions (20 events):
Event: 5.881 Thread 0x00000140d416f000 Exception <a 'java/lang/NoSuchMethodError'{0x00000000857b5aa8}: <clinit>> (0x00000000857b5aa8) thrown at [./src/hotspot/share/prims/jni.cpp, line 1362]
Event: 5.913 Thread 0x00000140d416f000 Exception <a 'java/lang/NoSuchMethodError'{0x0000000089889728}: <clinit>> (0x0000000089889728) thrown at [./src/hotspot/share/prims/jni.cpp, line 1362]
Event: 5.914 Thread 0x00000140d416f000 Exception <a 'java/lang/NoSuchMethodError'{0x00000000898935e0}: <clinit>> (0x00000000898935e0) thrown at [./src/hotspot/share/prims/jni.cpp, line 1362]
Event: 5.915 Thread 0x00000140d416f000 Exception <a 'java/lang/NoSuchMethodError'{0x000000008989d650}: <clinit>> (0x000000008989d650) thrown at [./src/hotspot/share/prims/jni.cpp, line 1362]
Event: 5.916 Thread 0x00000140d416f000 Exception <a 'java/lang/NoSuchMethodError'{0x00000000898a7b18}: <clinit>> (0x00000000898a7b18) thrown at [./src/hotspot/share/prims/jni.cpp, line 1362]
Event: 5.938 Thread 0x00000140d416f000 Exception <a 'java/lang/NoSuchMethodError'{0x0000000089778038}: <clinit>> (0x0000000089778038) thrown at [./src/hotspot/share/prims/jni.cpp, line 1362]
Event: 5.939 Thread 0x00000140d416f000 Exception <a 'java/lang/NoSuchMethodError'{0x000000008977aa70}: <clinit>> (0x000000008977aa70) thrown at [./src/hotspot/share/prims/jni.cpp, line 1362]
Event: 5.939 Thread 0x00000140d416f000 Exception <a 'java/lang/NoSuchMethodError'{0x000000008977c078}: <clinit>> (0x000000008977c078) thrown at [./src/hotspot/share/prims/jni.cpp, line 1362]
Event: 5.939 Thread 0x00000140d416f000 Exception <a 'java/lang/NoSuchMethodError'{0x000000008977d610}: <clinit>> (0x000000008977d610) thrown at [./src/hotspot/share/prims/jni.cpp, line 1362]
Event: 5.940 Thread 0x00000140d416f000 Exception <a 'java/lang/NoSuchMethodError'{0x000000008977ed70}: <clinit>> (0x000000008977ed70) thrown at [./src/hotspot/share/prims/jni.cpp, line 1362]
Event: 5.940 Thread 0x00000140d416f000 Exception <a 'java/lang/NoSuchMethodError'{0x0000000089780408}: <clinit>> (0x0000000089780408) thrown at [./src/hotspot/share/prims/jni.cpp, line 1362]
Event: 5.940 Thread 0x00000140d416f000 Exception <a 'java/lang/NoSuchMethodError'{0x0000000089781c08}: <clinit>> (0x0000000089781c08) thrown at [./src/hotspot/share/prims/jni.cpp, line 1362]
Event: 6.156 Thread 0x00000140d416f000 Exception <a 'java/lang/NoSuchMethodError'{0x0000000088d5d4b8}: 'java.lang.Object java.lang.invoke.DirectMethodHandle$Holder.invokeSpecialIFC(java.lang.Object, java.lang.Object, java.lang.Object, java.lang.Object)'> (0x0000000088d5d4b8) thrown at [./src/hotspot/share/interpreter/linkResolver.cpp, line 773]
Event: 6.178 Thread 0x00000140d416f000 Exception <a 'java/lang/NoSuchMethodError'{0x0000000088c65348}: 'java.lang.Object java.lang.invoke.DirectMethodHandle$Holder.invokeSpecial(java.lang.Object, java.lang.Object, java.lang.Object, java.lang.Object, java.lang.Object, java.lang.Object, java.lang.Object, java.lang.Object, java.lang.Object, java.lang.Object, java.lang.Object, java.lang.Object, java.lang.Object)'> (0x0000000088c65348) thrown at [./src/hotspot/share/interpreter/linkResolver.cpp, line 773]
Event: 6.181 Thread 0x00000140d416f000 Exception <a 'java/lang/NoSuchMethodError'{0x0000000088c761a8}: 'java.lang.Object java.lang.invoke.DirectMethodHandle$Holder.invokeSpecial(java.lang.Object, java.lang.Object, java.lang.Object, java.lang.Object, java.lang.Object, java.lang.Object, java.lang.Object, java.lang.Object, java.lang.Object, java.lang.Object, java.lang.Object, java.lang.Object)'> (0x0000000088c761a8) thrown at [./src/hotspot/share/interpreter/linkResolver.cpp, line 773]
Event: 6.182 Thread 0x00000140d416f000 Exception <a 'java/lang/NoSuchMethodError'{0x0000000088c7b2d0}: 'java.lang.Object java.lang.invoke.Invokers$Holder.linkToTargetMethod(java.lang.Object, java.lang.Object, java.lang.Object, java.lang.Object, java.lang.Object, java.lang.Object, java.lang.Object, java.lang.Object, java.lang.Object, java.lang.Object, java.lang.Object)'> (0x0000000088c7b2d0) thrown at [./src/hotspot/share/interpreter/linkResolver.cpp, line 773]
Event: 6.227 Thread 0x00000140d416f000 Exception <a 'java/lang/NoSuchMethodError'{0x0000000088bbcb48}: 'java.lang.Object java.lang.invoke.DirectMethodHandle$Holder.invokeSpecial(java.lang.Object, java.lang.Object, java.lang.Object, java.lang.Object, java.lang.Object, java.lang.Object, java.lang.Object, java.lang.Object, java.lang.Object, java.lang.Object, java.lang.Object, java.lang.Object, java.lang.Object, java.lang.Object)'> (0x0000000088bbcb48) thrown at [./src/hotspot/share/interpreter/linkResolver.cpp, line 773]
Event: 6.243 Thread 0x00000140d416f000 Exception <a 'java/lang/NoSuchMethodError'{0x0000000088bce1c0}: 'java.lang.Object java.lang.invoke.Invokers$Holder.linkToTargetMethod(java.lang.Object, java.lang.Object, java.lang.Object, java.lang.Object, java.lang.Object, java.lang.Object, java.lang.Object, java.lang.Object, java.lang.Object, java.lang.Object, java.lang.Object, java.lang.Object)'> (0x0000000088bce1c0) thrown at [./src/hotspot/share/interpreter/linkResolver.cpp, line 773]
Event: 6.258 Thread 0x00000140d416f000 Exception <a 'java/lang/NoSuchMethodError'{0x0000000088a60100}: 'java.lang.Object java.lang.invoke.DirectMethodHandle$Holder.invokeStaticInit(java.lang.Object, java.lang.Object, java.lang.Object, java.lang.Object)'> (0x0000000088a60100) thrown at [./src/hotspot/share/interpreter/linkResolver.cpp, line 773]
Event: 6.420 Thread 0x00000140d416f000 Implicit null exception at 0x00000140c27939f5 to 0x00000140c2793bbc

Events (20 events):
Event: 6.490 loading class groovy/lang/Writable
Event: 6.490 loading class groovy/lang/Writable done
Event: 6.491 loading class groovy/lang/Buildable
Event: 6.491 loading class groovy/lang/Buildable done
Event: 6.491 loading class org/gradle/internal/instantiation/generator/Jsr330ConstructorSelector$CachedConstructor
Event: 6.491 loading class org/gradle/internal/instantiation/generator/Jsr330ConstructorSelector$CachedConstructor done
Event: 6.491 loading class org/gradle/internal/instantiation/generator/Jsr330ConstructorSelector$CachedConstructor
Event: 6.491 loading class org/gradle/internal/instantiation/generator/Jsr330ConstructorSelector$CachedConstructor done
Event: 6.492 loading class org/gradle/internal/instantiation/generator/Jsr330ConstructorSelector$CachedConstructor
Event: 6.492 loading class org/gradle/internal/instantiation/generator/Jsr330ConstructorSelector$CachedConstructor done
Event: 6.492 loading class org/gradle/internal/instantiation/generator/Jsr330ConstructorSelector
Event: 6.492 loading class org/gradle/internal/instantiation/generator/Jsr330ConstructorSelector done
Event: 6.493 loading class org/gradle/api/reflect/TypeOf
Event: 6.493 loading class org/gradle/api/reflect/TypeOf done
Event: 6.494 loading class org/gradle/api/internal/AbstractNamedDomainObjectContainer$1
Event: 6.494 loading class org/gradle/api/internal/AbstractNamedDomainObjectContainer$1 done
Event: 6.494 loading class org/gradle/internal/metaobject/ConfigureDelegate
Event: 6.494 loading class org/gradle/internal/metaobject/ConfigureDelegate done
Event: 6.494 loading class org/gradle/api/internal/NamedDomainObjectContainerConfigureDelegate
Event: 6.494 loading class org/gradle/api/internal/NamedDomainObjectContainerConfigureDelegate done


Dynamic libraries:
0x00007ff727820000 - 0x00007ff72782a000 	C:\Program Files\Android\Android Studio\jre\bin\java.exe
0x00007ff88e1f0000 - 0x00007ff88e3e5000 	C:\WINDOWS\SYSTEM32\ntdll.dll
0x00007ff88c700000 - 0x00007ff88c7be000 	C:\WINDOWS\System32\KERNEL32.DLL
0x00007ff88bca0000 - 0x00007ff88bf68000 	C:\WINDOWS\System32\KERNELBASE.dll
0x00007ff88bf70000 - 0x00007ff88c070000 	C:\WINDOWS\System32\ucrtbase.dll
0x00007ff87ee00000 - 0x00007ff87ee17000 	C:\Program Files\Android\Android Studio\jre\bin\VCRUNTIME140.dll
0x00007ff87eab0000 - 0x00007ff87eac9000 	C:\Program Files\Android\Android Studio\jre\bin\jli.dll
0x00007ff88ded0000 - 0x00007ff88e070000 	C:\WINDOWS\System32\USER32.dll
0x00007ff878b10000 - 0x00007ff878daa000 	C:\WINDOWS\WinSxS\amd64_microsoft.windows.common-controls_6595b64144ccf1df_6.0.19041.1110_none_60b5254171f9507e\COMCTL32.dll
0x00007ff88b8e0000 - 0x00007ff88b902000 	C:\WINDOWS\System32\win32u.dll
0x00007ff88d690000 - 0x00007ff88d72e000 	C:\WINDOWS\System32\msvcrt.dll
0x00007ff88c460000 - 0x00007ff88c48b000 	C:\WINDOWS\System32\GDI32.dll
0x00007ff88c110000 - 0x00007ff88c21b000 	C:\WINDOWS\System32\gdi32full.dll
0x00007ff88b910000 - 0x00007ff88b9ad000 	C:\WINDOWS\System32\msvcp_win.dll
0x00007ff88d950000 - 0x00007ff88d980000 	C:\WINDOWS\System32\IMM32.DLL
0x00007ff85afc0000 - 0x00007ff85b05d000 	C:\Program Files\Android\Android Studio\jre\bin\msvcp140.dll
0x00007ff84bb10000 - 0x00007ff84c5e5000 	C:\Program Files\Android\Android Studio\jre\bin\server\jvm.dll
0x00007ff88c3b0000 - 0x00007ff88c45e000 	C:\WINDOWS\System32\ADVAPI32.dll
0x00007ff88c490000 - 0x00007ff88c52c000 	C:\WINDOWS\System32\sechost.dll
0x00007ff88d810000 - 0x00007ff88d935000 	C:\WINDOWS\System32\RPCRT4.dll
0x00007ff88ddf0000 - 0x00007ff88ddf8000 	C:\WINDOWS\System32\PSAPI.DLL
0x00007ff873c00000 - 0x00007ff873c09000 	C:\WINDOWS\SYSTEM32\WSOCK32.dll
0x00007ff873900000 - 0x00007ff873927000 	C:\WINDOWS\SYSTEM32\WINMM.dll
0x00007ff88e0f0000 - 0x00007ff88e15b000 	C:\WINDOWS\System32\WS2_32.dll
0x00007ff883d30000 - 0x00007ff883d3a000 	C:\WINDOWS\SYSTEM32\VERSION.dll
0x00007ff889500000 - 0x00007ff889512000 	C:\WINDOWS\SYSTEM32\kernel.appcore.dll
0x00007ff8857f0000 - 0x00007ff885801000 	C:\Program Files\Android\Android Studio\jre\bin\verify.dll
0x00007ff88b300000 - 0x00007ff88b4e4000 	C:\WINDOWS\SYSTEM32\DBGHELP.DLL
0x00007ff88a830000 - 0x00007ff88a85c000 	C:\WINDOWS\SYSTEM32\dbgcore.DLL
0x00007ff88b9b0000 - 0x00007ff88ba32000 	C:\WINDOWS\System32\bcryptPrimitives.dll
0x00007ff880690000 - 0x00007ff8806b9000 	C:\Program Files\Android\Android Studio\jre\bin\java.dll
0x00007ff888250000 - 0x00007ff88825b000 	C:\Program Files\Android\Android Studio\jre\bin\jimage.dll
0x00007ff881780000 - 0x00007ff881798000 	C:\Program Files\Android\Android Studio\jre\bin\zip.dll
0x00007ff88c9d0000 - 0x00007ff88d114000 	C:\WINDOWS\System32\SHELL32.dll
0x00007ff889670000 - 0x00007ff889e04000 	C:\WINDOWS\SYSTEM32\windows.storage.dll
0x00007ff88d120000 - 0x00007ff88d474000 	C:\WINDOWS\System32\combase.dll
0x00007ff88afc0000 - 0x00007ff88afec000 	C:\WINDOWS\SYSTEM32\Wldp.dll
0x00007ff88d570000 - 0x00007ff88d61d000 	C:\WINDOWS\System32\SHCORE.dll
0x00007ff88c7c0000 - 0x00007ff88c815000 	C:\WINDOWS\System32\shlwapi.dll
0x00007ff88b820000 - 0x00007ff88b83f000 	C:\WINDOWS\SYSTEM32\profapi.dll
0x00007ff880670000 - 0x00007ff88068a000 	C:\Program Files\Android\Android Studio\jre\bin\net.dll
0x00007ff8786e0000 - 0x00007ff8787e9000 	C:\WINDOWS\SYSTEM32\WINHTTP.dll
0x00007ff88ad40000 - 0x00007ff88adaa000 	C:\WINDOWS\system32\mswsock.dll
0x00007ff880650000 - 0x00007ff880664000 	C:\Program Files\Android\Android Studio\jre\bin\nio.dll
0x00007ff883d60000 - 0x00007ff883d87000 	C:\Users\1290743\.gradle\native\e1d6ef7f7dcc3fd88c89a11ec53ec762bb8ba0a96d01ffa2cd45eb1d1d8dd5c5\windows-amd64\native-platform.dll
0x00007ff85a400000 - 0x00007ff85a544000 	C:\Users\1290743\.gradle\native\5664cfc778a61ccfe75a443a1ab52a65af34e5dc3c78e0209fed803814484fcb\windows-amd64\native-platform-file-events.dll
0x00007ff887ac0000 - 0x00007ff887aca000 	C:\Program Files\Android\Android Studio\jre\bin\management.dll
0x00007ff8856d0000 - 0x00007ff8856dd000 	C:\Program Files\Android\Android Studio\jre\bin\management_ext.dll
0x00007ff88b660000 - 0x00007ff88b678000 	C:\WINDOWS\SYSTEM32\CRYPTSP.dll
0x00007ff88a5f0000 - 0x00007ff88a624000 	C:\WINDOWS\system32\rsaenh.dll
0x00007ff88c070000 - 0x00007ff88c097000 	C:\WINDOWS\System32\bcrypt.dll
0x00007ff88b7e0000 - 0x00007ff88b80e000 	C:\WINDOWS\SYSTEM32\USERENV.dll
0x00007ff88af30000 - 0x00007ff88af3c000 	C:\WINDOWS\SYSTEM32\CRYPTBASE.dll
0x00007ff88aa30000 - 0x00007ff88aa6b000 	C:\WINDOWS\SYSTEM32\IPHLPAPI.DLL
0x00007ff88d940000 - 0x00007ff88d948000 	C:\WINDOWS\System32\NSI.dll
0x00007ff87f580000 - 0x00007ff87f597000 	C:\WINDOWS\SYSTEM32\dhcpcsvc6.DLL
0x00007ff8811b0000 - 0x00007ff8811cd000 	C:\WINDOWS\SYSTEM32\dhcpcsvc.DLL
0x00007ff88aa70000 - 0x00007ff88ab3a000 	C:\WINDOWS\SYSTEM32\DNSAPI.dll

dbghelp: loaded successfully - version: 4.0.5 - missing functions: none
symbol engine: initialized successfully - sym options: 0x614 - pdb path: .;C:\Program Files\Android\Android Studio\jre\bin;C:\WINDOWS\SYSTEM32;C:\WINDOWS\WinSxS\amd64_microsoft.windows.common-controls_6595b64144ccf1df_6.0.19041.1110_none_60b5254171f9507e;C:\Program Files\Android\Android Studio\jre\bin\server;C:\Users\1290743\.gradle\native\e1d6ef7f7dcc3fd88c89a11ec53ec762bb8ba0a96d01ffa2cd45eb1d1d8dd5c5\windows-amd64;C:\Users\1290743\.gradle\native\5664cfc778a61ccfe75a443a1ab52a65af34e5dc3c78e0209fed803814484fcb\windows-amd64

VM Arguments:
jvm_args: --add-opens=java.base/java.util=ALL-UNNAMED --add-opens=java.base/java.lang=ALL-UNNAMED --add-opens=java.base/java.lang.invoke=ALL-UNNAMED --add-opens=java.base/java.util=ALL-UNNAMED --add-opens=java.prefs/java.util.prefs=ALL-UNNAMED --add-opens=java.prefs/java.util.prefs=ALL-UNNAMED --add-opens=java.base/java.nio.charset=ALL-UNNAMED --add-opens=java.base/java.net=ALL-UNNAMED --add-opens=java.base/java.util.concurrent.atomic=ALL-UNNAMED -Xmx2048m -Dfile.encoding=UTF-8 -Duser.country=RU -Duser.language=ru -Duser.variant 
java_command: org.gradle.launcher.daemon.bootstrap.GradleDaemon 7.2
java_class_path (initial): C:\Users\1290743\.gradle\wrapper\dists\gradle-7.2-bin\2dnblmf4td7x66yl1d74lt32g\gradle-7.2\lib\gradle-launcher-7.2.jar
Launcher Type: SUN_STANDARD

[Global flags]
     intx CICompilerCount                          = 3                                         {product} {ergonomic}
     uint ConcGCThreads                            = 1                                         {product} {ergonomic}
     uint G1ConcRefinementThreads                  = 4                                         {product} {ergonomic}
   size_t G1HeapRegionSize                         = 1048576                                   {product} {ergonomic}
    uintx GCDrainStackTargetSize                   = 64                                        {product} {ergonomic}
   size_t InitialHeapSize                          = 134217728                                 {product} {ergonomic}
   size_t MarkStackSize                            = 4194304                                   {product} {ergonomic}
   size_t MaxHeapSize                              = 2147483648                                {product} {command line}
   size_t MaxNewSize                               = 1287651328                                {product} {ergonomic}
   size_t MinHeapDeltaBytes                        = 1048576                                   {product} {ergonomic}
    uintx NonNMethodCodeHeapSize                   = 5830732                                {pd product} {ergonomic}
    uintx NonProfiledCodeHeapSize                  = 122913754                              {pd product} {ergonomic}
    uintx ProfiledCodeHeapSize                     = 122913754                              {pd product} {ergonomic}
    uintx ReservedCodeCacheSize                    = 251658240                              {pd product} {ergonomic}
     bool SegmentedCodeCache                       = true                                      {product} {ergonomic}
     bool UseCompressedClassPointers               = true                                 {lp64_product} {ergonomic}
     bool UseCompressedOops                        = true                                 {lp64_product} {ergonomic}
     bool UseG1GC                                  = true                                      {product} {ergonomic}
     bool UseLargePagesIndividualAllocation        = false                                  {pd product} {ergonomic}

Logging:
Log output configuration:
 #0: stdout all=warning uptime,level,tags
 #1: stderr all=off uptime,level,tags

Environment Variables:
PATH=C:\Program Files\Common Files\Oracle\Java\javapath;C:\ProgramData\Oracle\Java\javapath;C:\Windows\system32;C:\Windows;C:\Windows\System32\Wbem;C:\Windows\System32\WindowsPowerShell\v1.0\;C:\Windows\System32\OpenSSH\;C:\Program Files (x86)\NVIDIA Corporation\PhysX\Common;C:\Program Files\dotnet\;C:\Program Files\NVIDIA Corporation\NVIDIA NvDLISR;C:\WINDOWS\system32;C:\WINDOWS;C:\WINDOWS\System32\Wbem;C:\WINDOWS\System32\WindowsPowerShell\v1.0\;C:\WINDOWS\System32\OpenSSH\;C:\Program Files (x86)\Microsoft SQL Server\150\DTS\Binn\;C:\Program Files\Azure Data Studio\bin;C:\Program Files\Microsoft SQL Server\Client SDK\ODBC\170\Tools\Binn\;C:\Program Files (x86)\Microsoft SQL Server\150\Tools\Binn\;C:\Program Files\Microsoft SQL Server\150\Tools\Binn\;C:\Program Files\Microsoft SQL Server\150\DTS\Binn\;C:\Program Files\Microsoft SQL Server\130\Tools\Binn\;C:\Program Files\Git\cmd;C:\Users\1290743\AppData\Local\Microsoft\WindowsApps;;C:\Users\1290743\AppData\Local\Programs\Microsoft VS Code\bin;C:\Users\1290743\.dotnet\tools;C:\Program Files\Azure Data Studio\bin
USERNAME=1290743
OS=Windows_NT
PROCESSOR_IDENTIFIER=Intel64 Family 6 Model 142 Stepping 10, GenuineIntel



---------------  S Y S T E M  ---------------

OS: Windows 10 , 64 bit Build 19041 (10.0.19041.1566)
OS uptime: 14 days 23:22 hours

CPU:total 4 (initial active 4) (2 cores per cpu, 2 threads per core) family 6 model 142 stepping 10 microcode 0xea, cmov, cx8, fxsr, mmx, sse, sse2, sse3, ssse3, sse4.1, sse4.2, popcnt, avx, avx2, aes, clmul, erms, 3dnowpref, lzcnt, ht, tsc, tscinvbit, bmi1, bmi2, adx, fma

Memory: 4k page, system-wide physical 8101M (1022M free)
TotalPageFile size 10117M (AvailPageFile size 7M)
current process WorkingSet (physical memory assigned to process): 232M, peak: 236M
current process commit charge ("private bytes"): 312M, peak: 318M

vm_info: OpenJDK 64-Bit Server VM (11.0.11+9-b60-7590822) for windows-amd64 JRE (11.0.11+9-b60-7590822), built on Jul 29 2021 21:43:44 by "builder" with MS VC++ 14.0 (VS2015)

END.
