#
# There is insufficient memory for the Java Runtime Environment to continue.
# Native memory allocation (malloc) failed to allocate 1370736 bytes for Chunk::new
# Possible reasons:
#   The system is out of physical RAM or swap space
#   The process is running with CompressedOops enabled, and the Java Heap may be blocking the growth of the native heap
# Possible solutions:
#   Reduce memory load on the system
#   Increase physical memory or swap space
#   Check if swap backing store is full
#   Decrease Java heap size (-Xmx/-Xms)
#   Decrease number of Java threads
#   Decrease Java thread stack sizes (-Xss)
#   Set larger code cache with -XX:ReservedCodeCacheSize=
#   JVM is running with Unscaled Compressed Oops mode in which the Java heap is
#     placed in the first 4GB address space. The Java Heap base address is the
#     maximum limit for the native heap growth. Please use -XX:HeapBaseMinAddress
#     to set the Java Heap base and to place the Java Heap above 4GB virtual address.
# This output file may be truncated or incomplete.
#
#  Out of Memory Error (./src/hotspot/share/memory/arena.cpp:197), pid=108, tid=15380
#
# JRE version: OpenJDK Runtime Environment (11.0.11+9) (build 11.0.11+9-b60-7590822)
# Java VM: OpenJDK 64-Bit Server VM (11.0.11+9-b60-7590822, mixed mode, tiered, compressed oops, g1 gc, windows-amd64)
# No core dump will be written. Minidumps are not enabled by default on client versions of Windows
#

---------------  S U M M A R Y ------------

Command Line: --add-opens=java.base/java.util=ALL-UNNAMED --add-opens=java.base/java.lang=ALL-UNNAMED --add-opens=java.base/java.lang.invoke=ALL-UNNAMED --add-opens=java.base/java.util=ALL-UNNAMED --add-opens=java.prefs/java.util.prefs=ALL-UNNAMED --add-opens=java.prefs/java.util.prefs=ALL-UNNAMED --add-opens=java.base/java.nio.charset=ALL-UNNAMED --add-opens=java.base/java.net=ALL-UNNAMED --add-opens=java.base/java.util.concurrent.atomic=ALL-UNNAMED -Xmx2048m -Dfile.encoding=UTF-8 -Duser.country=RU -Duser.language=ru -Duser.variant org.gradle.launcher.daemon.bootstrap.GradleDaemon 7.2

Host: Intel(R) Core(TM) i3-7020U CPU @ 2.30GHz, 4 cores, 7G,  Windows 10 , 64 bit Build 19041 (10.0.19041.1566)
Time: Mon Apr 11 21:30:51 2022 RTZ 2 (зима) elapsed time: 6.572189 seconds (0d 0h 0m 6s)

---------------  T H R E A D  ---------------

Current thread (0x000002756598f000):  JavaThread "C2 CompilerThread0" daemon [_thread_in_native, id=15380, stack(0x000000b006000000,0x000000b006100000)]


Current CompileTask:
C2:   6572 2521   !   4       java.net.URL::<init> (543 bytes)

Stack: [0x000000b006000000,0x000000b006100000]
Native frames: (J=compiled Java code, j=interpreted, Vv=VM code, C=native code)
V  [jvm.dll+0x5f214a]
V  [jvm.dll+0x726fb5]
V  [jvm.dll+0x7285cd]
V  [jvm.dll+0x728c83]
V  [jvm.dll+0x243278]
V  [jvm.dll+0xbc53c]
V  [jvm.dll+0xbca3c]
V  [jvm.dll+0x353e7d]
V  [jvm.dll+0x321893]
V  [jvm.dll+0x320d8a]
V  [jvm.dll+0x1fc1e2]
V  [jvm.dll+0x1fb3d4]
V  [jvm.dll+0x183d6c]
V  [jvm.dll+0x209a57]
V  [jvm.dll+0x2082a1]
V  [jvm.dll+0x6ef58f]
V  [jvm.dll+0x6e80b5]
V  [jvm.dll+0x5f1036]
C  [ucrtbase.dll+0x21bb2]
C  [KERNEL32.DLL+0x17034]
C  [ntdll.dll+0x52651]


---------------  P R O C E S S  ---------------

Threads class SMR info:
_java_thread_list=0x0000027569975640, length=33, elements={
0x0000027549ded000, 0x0000027565962800, 0x0000027565964000, 0x0000027565980000,
0x0000027565981000, 0x0000027565982000, 0x000002756598f000, 0x0000027565993800,
0x0000027565994800, 0x0000027566454000, 0x0000027567e8e800, 0x00000275687cd000,
0x00000275689d4000, 0x00000275688de800, 0x0000027567b27000, 0x00000275687d6000,
0x00000275688ef800, 0x00000275692ce800, 0x0000027568ee5000, 0x000002756856d000,
0x000002756856e800, 0x0000027568570800, 0x000002756856a800, 0x00000275685fd800,
0x000002756856c800, 0x000002756856e000, 0x000002756856b800, 0x000002756856f800,
0x0000027568571000, 0x0000027566853000, 0x0000027566853800, 0x0000027566856000,
0x0000027566855000
}

Java Threads: ( => current thread )
  0x0000027549ded000 JavaThread "main" [_thread_blocked, id=11424, stack(0x000000b005400000,0x000000b005500000)]
  0x0000027565962800 JavaThread "Reference Handler" daemon [_thread_blocked, id=5164, stack(0x000000b005b00000,0x000000b005c00000)]
  0x0000027565964000 JavaThread "Finalizer" daemon [_thread_blocked, id=7372, stack(0x000000b005c00000,0x000000b005d00000)]
  0x0000027565980000 JavaThread "Signal Dispatcher" daemon [_thread_blocked, id=14056, stack(0x000000b005d00000,0x000000b005e00000)]
  0x0000027565981000 JavaThread "Attach Listener" daemon [_thread_blocked, id=11156, stack(0x000000b005e00000,0x000000b005f00000)]
  0x0000027565982000 JavaThread "Service Thread" daemon [_thread_blocked, id=13248, stack(0x000000b005f00000,0x000000b006000000)]
=>0x000002756598f000 JavaThread "C2 CompilerThread0" daemon [_thread_in_native, id=15380, stack(0x000000b006000000,0x000000b006100000)]
  0x0000027565993800 JavaThread "C1 CompilerThread0" daemon [_thread_in_vm, id=3232, stack(0x000000b006100000,0x000000b006200000)]
  0x0000027565994800 JavaThread "Sweeper thread" daemon [_thread_blocked, id=14824, stack(0x000000b006200000,0x000000b006300000)]
  0x0000027566454000 JavaThread "Common-Cleaner" daemon [_thread_blocked, id=10584, stack(0x000000b006300000,0x000000b006400000)]
  0x0000027567e8e800 JavaThread "Daemon health stats" [_thread_blocked, id=14616, stack(0x000000b006800000,0x000000b006900000)]
  0x00000275687cd000 JavaThread "Incoming local TCP Connector on port 60679" [_thread_in_native, id=11436, stack(0x000000b006500000,0x000000b006600000)]
  0x00000275689d4000 JavaThread "Daemon periodic checks" [_thread_blocked, id=8004, stack(0x000000b006900000,0x000000b006a00000)]
  0x00000275688de800 JavaThread "Daemon" [_thread_blocked, id=8448, stack(0x000000b006a00000,0x000000b006b00000)]
  0x0000027567b27000 JavaThread "Handler for socket connection from /127.0.0.1:60679 to /127.0.0.1:60680" [_thread_in_native, id=12980, stack(0x000000b006b00000,0x000000b006c00000)]
  0x00000275687d6000 JavaThread "Cancel handler" [_thread_blocked, id=11328, stack(0x000000b006d00000,0x000000b006e00000)]
  0x00000275688ef800 JavaThread "Daemon worker" [_thread_in_vm, id=6104, stack(0x000000b006e00000,0x000000b006f00000)]
  0x00000275692ce800 JavaThread "Asynchronous log dispatcher for DefaultDaemonConnection: socket connection from /127.0.0.1:60679 to /127.0.0.1:60680" [_thread_blocked, id=16248, stack(0x000000b006f00000,0x000000b007000000)]
  0x0000027568ee5000 JavaThread "Stdin handler" [_thread_blocked, id=9440, stack(0x000000b007000000,0x000000b007100000)]
  0x000002756856d000 JavaThread "Daemon client event forwarder" [_thread_blocked, id=6476, stack(0x000000b007100000,0x000000b007200000)]
  0x000002756856e800 JavaThread "Cache worker for journal cache (C:\Users\1290743\.gradle\caches\journal-1)" [_thread_blocked, id=15820, stack(0x000000b006c00000,0x000000b006d00000)]
  0x0000027568570800 JavaThread "File lock request listener" [_thread_in_native, id=7464, stack(0x000000b007300000,0x000000b007400000)]
  0x000002756856a800 JavaThread "Cache worker for file hash cache (C:\Users\1290743\.gradle\caches\7.2\fileHashes)" [_thread_blocked, id=3992, stack(0x000000b007400000,0x000000b007500000)]
  0x00000275685fd800 JavaThread "C2 CompilerThread1" daemon [_thread_in_native, id=17376, stack(0x000000b007500000,0x000000b007600000)]
  0x000002756856c800 JavaThread "Cache worker for file hash cache (C:\Users\1290743\Desktop\Kalkulator\.gradle\7.2\fileHashes)" [_thread_blocked, id=15500, stack(0x000000b007600000,0x000000b007700000)]
  0x000002756856e000 JavaThread "File watcher server" daemon [_thread_in_native, id=10988, stack(0x000000b007700000,0x000000b007800000)]
  0x000002756856b800 JavaThread "File watcher consumer" daemon [_thread_blocked, id=16632, stack(0x000000b007800000,0x000000b007900000)]
  0x000002756856f800 JavaThread "jar transforms" [_thread_blocked, id=12124, stack(0x000000b007900000,0x000000b007a00000)]
  0x0000027568571000 JavaThread "jar transforms Thread 2" [_thread_blocked, id=10952, stack(0x000000b007a00000,0x000000b007b00000)]
  0x0000027566853000 JavaThread "jar transforms Thread 3" [_thread_blocked, id=8152, stack(0x000000b007b00000,0x000000b007c00000)]
  0x0000027566853800 JavaThread "jar transforms Thread 4" [_thread_blocked, id=7924, stack(0x000000b007c00000,0x000000b007d00000)]
  0x0000027566856000 JavaThread "Cache worker for checksums cache (C:\Users\1290743\Desktop\Kalkulator\.gradle\checksums)" [_thread_blocked, id=6384, stack(0x000000b007d00000,0x000000b007e00000)]
  0x0000027566855000 JavaThread "Cache worker for cache directory md-supplier (C:\Users\1290743\.gradle\caches\7.2\md-supplier)" [_thread_blocked, id=4368, stack(0x000000b007e00000,0x000000b007f00000)]

Other Threads:
  0x000002756595c800 VMThread "VM Thread" [stack: 0x000000b005a00000,0x000000b005b00000] [id=3684]
  0x000002756645d800 WatcherThread [stack: 0x000000b006400000,0x000000b006500000] [id=16100]
  0x0000027549e06800 GCTaskThread "GC Thread#0" [stack: 0x000000b005500000,0x000000b005600000] [id=7704]
  0x00000275670db000 GCTaskThread "GC Thread#1" [stack: 0x000000b006600000,0x000000b006700000] [id=9568]
  0x00000275667a9000 GCTaskThread "GC Thread#2" [stack: 0x000000b006700000,0x000000b006800000] [id=17400]
  0x0000027568579000 GCTaskThread "GC Thread#3" [stack: 0x000000b007200000,0x000000b007300000] [id=12748]
  0x0000027549e36800 ConcurrentGCThread "G1 Main Marker" [stack: 0x000000b005600000,0x000000b005700000] [id=14016]
  0x0000027549e39000 ConcurrentGCThread "G1 Conc#0" [stack: 0x000000b005700000,0x000000b005800000] [id=7444]
  0x0000027549ecc000 ConcurrentGCThread "G1 Refine#0" [stack: 0x000000b005800000,0x000000b005900000] [id=15256]
  0x0000027549ecd000 ConcurrentGCThread "G1 Young RemSet Sampling" [stack: 0x000000b005900000,0x000000b005a00000] [id=5624]

Threads with active compile tasks:
C2 CompilerThread0   6648 2521   !   4       java.net.URL::<init> (543 bytes)
C1 CompilerThread0   6648 2598       3       org.gradle.internal.instantiation.generator.AbstractClassGenerator$InjectionAnnotationValidator::validateMethod (502 bytes)
C2 CompilerThread1   6648 2531       4       java.net.URLClassLoader$1::run (5 bytes)

VM state:not at safepoint (normal execution)

VM Mutex/Monitor currently owned by a thread: None

Heap address: 0x0000000080000000, size: 2048 MB, Compressed Oops mode: 32-bit
Narrow klass base: 0x0000000000000000, Narrow klass shift: 3
Compressed class space size: 1073741824 Address: 0x0000000100000000

Heap:
 garbage-first heap   total 157696K, used 53833K [0x0000000080000000, 0x0000000100000000)
  region size 1024K, 29 young (29696K), 7 survivors (7168K)
 Metaspace       used 28707K, capacity 29543K, committed 29692K, reserved 1075200K
  class space    used 3804K, capacity 4101K, committed 4172K, reserved 1048576K
Heap Regions: E=young(eden), S=young(survivor), O=old, HS=humongous(starts), HC=humongous(continues), CS=collection set, F=free, A=archive, TAMS=top-at-mark-start (previous, next)
|   0|0x0000000080000000, 0x0000000080100000, 0x0000000080100000|100%| O|  |TAMS 0x0000000080100000, 0x0000000080000000| Untracked 
|   1|0x0000000080100000, 0x0000000080200000, 0x0000000080200000|100%| O|  |TAMS 0x0000000080200000, 0x0000000080100000| Untracked 
|   2|0x0000000080200000, 0x0000000080300000, 0x0000000080300000|100%| O|  |TAMS 0x0000000080300000, 0x0000000080200000| Untracked 
|   3|0x0000000080300000, 0x0000000080400000, 0x0000000080400000|100%|HS|  |TAMS 0x0000000080400000, 0x0000000080300000| Complete 
|   4|0x0000000080400000, 0x0000000080500000, 0x0000000080500000|100%|HC|  |TAMS 0x0000000080500000, 0x0000000080400000| Complete 
|   5|0x0000000080500000, 0x0000000080600000, 0x0000000080600000|100%|HC|  |TAMS 0x0000000080600000, 0x0000000080500000| Complete 
|   6|0x0000000080600000, 0x0000000080700000, 0x0000000080700000|100%| O|  |TAMS 0x0000000080700000, 0x0000000080600000| Untracked 
|   7|0x0000000080700000, 0x0000000080800000, 0x0000000080800000|100%| O|  |TAMS 0x0000000080800000, 0x0000000080700000| Untracked 
|   8|0x0000000080800000, 0x0000000080900000, 0x0000000080900000|100%| O|  |TAMS 0x0000000080900000, 0x0000000080800000| Untracked 
|   9|0x0000000080900000, 0x0000000080a00000, 0x0000000080a00000|100%| O|  |TAMS 0x0000000080a00000, 0x0000000080900000| Untracked 
|  10|0x0000000080a00000, 0x0000000080b00000, 0x0000000080b00000|100%| O|  |TAMS 0x0000000080b00000, 0x0000000080a00000| Untracked 
|  11|0x0000000080b00000, 0x0000000080c00000, 0x0000000080c00000|100%| O|  |TAMS 0x0000000080b7ba00, 0x0000000080b00000| Untracked 
|  12|0x0000000080c00000, 0x0000000080d00000, 0x0000000080d00000|100%|HS|  |TAMS 0x0000000080c00000, 0x0000000080c00000| Complete 
|  13|0x0000000080d00000, 0x0000000080e00000, 0x0000000080e00000|100%|HC|  |TAMS 0x0000000080d00000, 0x0000000080d00000| Complete 
|  14|0x0000000080e00000, 0x0000000080f00000, 0x0000000080f00000|100%|HS|  |TAMS 0x0000000080e00000, 0x0000000080e00000| Complete 
|  15|0x0000000080f00000, 0x0000000081000000, 0x0000000081000000|100%|HC|  |TAMS 0x0000000080f00000, 0x0000000080f00000| Complete 
|  16|0x0000000081000000, 0x0000000081100000, 0x0000000081100000|100%|HC|  |TAMS 0x0000000081000000, 0x0000000081000000| Complete 
|  17|0x0000000081100000, 0x0000000081200000, 0x0000000081200000|100%|HS|  |TAMS 0x0000000081100000, 0x0000000081100000| Complete 
|  18|0x0000000081200000, 0x0000000081300000, 0x0000000081300000|100%|HC|  |TAMS 0x0000000081200000, 0x0000000081200000| Complete 
|  19|0x0000000081300000, 0x0000000081400000, 0x0000000081400000|100%|HC|  |TAMS 0x0000000081300000, 0x0000000081300000| Complete 
|  20|0x0000000081400000, 0x0000000081500000, 0x0000000081500000|100%|HC|  |TAMS 0x0000000081400000, 0x0000000081400000| Complete 
|  21|0x0000000081500000, 0x0000000081600000, 0x0000000081600000|100%| O|  |TAMS 0x0000000081500000, 0x0000000081500000| Untracked 
|  22|0x0000000081600000, 0x0000000081700000, 0x0000000081700000|100%| O|  |TAMS 0x0000000081600000, 0x0000000081600000| Untracked 
|  23|0x0000000081700000, 0x0000000081800000, 0x0000000081800000|100%| O|  |TAMS 0x0000000081700000, 0x0000000081700000| Untracked 
|  24|0x0000000081800000, 0x00000000818eee00, 0x0000000081900000| 93%| O|  |TAMS 0x0000000081800000, 0x0000000081800000| Untracked 
|  25|0x0000000081900000, 0x0000000081900000, 0x0000000081a00000|  0%| F|  |TAMS 0x0000000081900000, 0x0000000081900000| Untracked 
|  26|0x0000000081a00000, 0x0000000081a00000, 0x0000000081b00000|  0%| F|  |TAMS 0x0000000081a00000, 0x0000000081a00000| Untracked 
|  27|0x0000000081b00000, 0x0000000081b00000, 0x0000000081c00000|  0%| F|  |TAMS 0x0000000081b00000, 0x0000000081b00000| Untracked 
|  28|0x0000000081c00000, 0x0000000081c00000, 0x0000000081d00000|  0%| F|  |TAMS 0x0000000081c00000, 0x0000000081c00000| Untracked 
|  29|0x0000000081d00000, 0x0000000081d00000, 0x0000000081e00000|  0%| F|  |TAMS 0x0000000081d00000, 0x0000000081d00000| Untracked 
|  30|0x0000000081e00000, 0x0000000081e00000, 0x0000000081f00000|  0%| F|  |TAMS 0x0000000081e00000, 0x0000000081e00000| Untracked 
|  31|0x0000000081f00000, 0x0000000081f00000, 0x0000000082000000|  0%| F|  |TAMS 0x0000000081f00000, 0x0000000081f00000| Untracked 
|  32|0x0000000082000000, 0x0000000082000000, 0x0000000082100000|  0%| F|  |TAMS 0x0000000082000000, 0x0000000082000000| Untracked 
|  33|0x0000000082100000, 0x0000000082100000, 0x0000000082200000|  0%| F|  |TAMS 0x0000000082100000, 0x0000000082100000| Untracked 
|  34|0x0000000082200000, 0x0000000082200000, 0x0000000082300000|  0%| F|  |TAMS 0x0000000082200000, 0x0000000082200000| Untracked 
|  35|0x0000000082300000, 0x0000000082300000, 0x0000000082400000|  0%| F|  |TAMS 0x0000000082300000, 0x0000000082300000| Untracked 
|  36|0x0000000082400000, 0x0000000082400000, 0x0000000082500000|  0%| F|  |TAMS 0x0000000082400000, 0x0000000082400000| Untracked 
|  37|0x0000000082500000, 0x0000000082500000, 0x0000000082600000|  0%| F|  |TAMS 0x0000000082500000, 0x0000000082500000| Untracked 
|  38|0x0000000082600000, 0x0000000082600000, 0x0000000082700000|  0%| F|  |TAMS 0x0000000082600000, 0x0000000082600000| Untracked 
|  39|0x0000000082700000, 0x0000000082700000, 0x0000000082800000|  0%| F|  |TAMS 0x0000000082700000, 0x0000000082700000| Untracked 
|  40|0x0000000082800000, 0x0000000082800000, 0x0000000082900000|  0%| F|  |TAMS 0x0000000082800000, 0x0000000082800000| Untracked 
|  41|0x0000000082900000, 0x0000000082900000, 0x0000000082a00000|  0%| F|  |TAMS 0x0000000082900000, 0x0000000082900000| Untracked 
|  42|0x0000000082a00000, 0x0000000082a00000, 0x0000000082b00000|  0%| F|  |TAMS 0x0000000082a00000, 0x0000000082a00000| Untracked 
|  43|0x0000000082b00000, 0x0000000082b00000, 0x0000000082c00000|  0%| F|  |TAMS 0x0000000082b00000, 0x0000000082b00000| Untracked 
|  44|0x0000000082c00000, 0x0000000082c00000, 0x0000000082d00000|  0%| F|  |TAMS 0x0000000082c00000, 0x0000000082c00000| Untracked 
|  45|0x0000000082d00000, 0x0000000082d00000, 0x0000000082e00000|  0%| F|  |TAMS 0x0000000082d00000, 0x0000000082d00000| Untracked 
|  46|0x0000000082e00000, 0x0000000082e00000, 0x0000000082f00000|  0%| F|  |TAMS 0x0000000082e00000, 0x0000000082e00000| Untracked 
|  47|0x0000000082f00000, 0x0000000082f00000, 0x0000000083000000|  0%| F|  |TAMS 0x0000000082f00000, 0x0000000082f00000| Untracked 
|  48|0x0000000083000000, 0x0000000083000000, 0x0000000083100000|  0%| F|  |TAMS 0x0000000083000000, 0x0000000083000000| Untracked 
|  49|0x0000000083100000, 0x0000000083100000, 0x0000000083200000|  0%| F|  |TAMS 0x0000000083100000, 0x0000000083100000| Untracked 
|  50|0x0000000083200000, 0x0000000083200000, 0x0000000083300000|  0%| F|  |TAMS 0x0000000083200000, 0x0000000083200000| Untracked 
|  51|0x0000000083300000, 0x0000000083300000, 0x0000000083400000|  0%| F|  |TAMS 0x0000000083300000, 0x0000000083300000| Untracked 
|  52|0x0000000083400000, 0x0000000083400000, 0x0000000083500000|  0%| F|  |TAMS 0x0000000083400000, 0x0000000083400000| Untracked 
|  53|0x0000000083500000, 0x0000000083500000, 0x0000000083600000|  0%| F|  |TAMS 0x0000000083500000, 0x0000000083500000| Untracked 
|  54|0x0000000083600000, 0x0000000083600000, 0x0000000083700000|  0%| F|  |TAMS 0x0000000083600000, 0x0000000083600000| Untracked 
|  55|0x0000000083700000, 0x0000000083700000, 0x0000000083800000|  0%| F|  |TAMS 0x0000000083700000, 0x0000000083700000| Untracked 
|  56|0x0000000083800000, 0x0000000083800000, 0x0000000083900000|  0%| F|  |TAMS 0x0000000083800000, 0x0000000083800000| Untracked 
|  57|0x0000000083900000, 0x0000000083900000, 0x0000000083a00000|  0%| F|  |TAMS 0x0000000083900000, 0x0000000083900000| Untracked 
|  58|0x0000000083a00000, 0x0000000083a00000, 0x0000000083b00000|  0%| F|  |TAMS 0x0000000083a00000, 0x0000000083a00000| Untracked 
|  59|0x0000000083b00000, 0x0000000083b00000, 0x0000000083c00000|  0%| F|  |TAMS 0x0000000083b00000, 0x0000000083b00000| Untracked 
|  60|0x0000000083c00000, 0x0000000083c00000, 0x0000000083d00000|  0%| F|  |TAMS 0x0000000083c00000, 0x0000000083c00000| Untracked 
|  61|0x0000000083d00000, 0x0000000083d00000, 0x0000000083e00000|  0%| F|  |TAMS 0x0000000083d00000, 0x0000000083d00000| Untracked 
|  62|0x0000000083e00000, 0x0000000083e00000, 0x0000000083f00000|  0%| F|  |TAMS 0x0000000083e00000, 0x0000000083e00000| Untracked 
|  63|0x0000000083f00000, 0x0000000083f00000, 0x0000000084000000|  0%| F|  |TAMS 0x0000000083f00000, 0x0000000083f00000| Untracked 
|  64|0x0000000084000000, 0x0000000084000000, 0x0000000084100000|  0%| F|  |TAMS 0x0000000084000000, 0x0000000084000000| Untracked 
|  65|0x0000000084100000, 0x0000000084100000, 0x0000000084200000|  0%| F|  |TAMS 0x0000000084100000, 0x0000000084100000| Untracked 
|  66|0x0000000084200000, 0x0000000084200000, 0x0000000084300000|  0%| F|  |TAMS 0x0000000084200000, 0x0000000084200000| Untracked 
|  67|0x0000000084300000, 0x0000000084300000, 0x0000000084400000|  0%| F|  |TAMS 0x0000000084300000, 0x0000000084300000| Untracked 
|  68|0x0000000084400000, 0x0000000084400000, 0x0000000084500000|  0%| F|  |TAMS 0x0000000084400000, 0x0000000084400000| Untracked 
|  69|0x0000000084500000, 0x0000000084500000, 0x0000000084600000|  0%| F|  |TAMS 0x0000000084500000, 0x0000000084500000| Untracked 
|  70|0x0000000084600000, 0x0000000084600000, 0x0000000084700000|  0%| F|  |TAMS 0x0000000084600000, 0x0000000084600000| Untracked 
|  71|0x0000000084700000, 0x0000000084700000, 0x0000000084800000|  0%| F|  |TAMS 0x0000000084700000, 0x0000000084700000| Untracked 
|  72|0x0000000084800000, 0x0000000084800000, 0x0000000084900000|  0%| F|  |TAMS 0x0000000084800000, 0x0000000084800000| Untracked 
|  73|0x0000000084900000, 0x0000000084900000, 0x0000000084a00000|  0%| F|  |TAMS 0x0000000084900000, 0x0000000084900000| Untracked 
|  74|0x0000000084a00000, 0x0000000084a00000, 0x0000000084b00000|  0%| F|  |TAMS 0x0000000084a00000, 0x0000000084a00000| Untracked 
|  75|0x0000000084b00000, 0x0000000084b00000, 0x0000000084c00000|  0%| F|  |TAMS 0x0000000084b00000, 0x0000000084b00000| Untracked 
|  76|0x0000000084c00000, 0x0000000084c00000, 0x0000000084d00000|  0%| F|  |TAMS 0x0000000084c00000, 0x0000000084c00000| Untracked 
|  77|0x0000000084d00000, 0x0000000084d00000, 0x0000000084e00000|  0%| F|  |TAMS 0x0000000084d00000, 0x0000000084d00000| Untracked 
|  78|0x0000000084e00000, 0x0000000084e00000, 0x0000000084f00000|  0%| F|  |TAMS 0x0000000084e00000, 0x0000000084e00000| Untracked 
|  79|0x0000000084f00000, 0x0000000084fa3980, 0x0000000085000000| 63%| S|CS|TAMS 0x0000000084f00000, 0x0000000084f00000| Complete 
|  80|0x0000000085000000, 0x0000000085100000, 0x0000000085100000|100%| S|CS|TAMS 0x0000000085000000, 0x0000000085000000| Complete 
|  81|0x0000000085100000, 0x0000000085200000, 0x0000000085200000|100%| S|CS|TAMS 0x0000000085100000, 0x0000000085100000| Complete 
|  82|0x0000000085200000, 0x0000000085300000, 0x0000000085300000|100%| S|CS|TAMS 0x0000000085200000, 0x0000000085200000| Complete 
|  83|0x0000000085300000, 0x0000000085400000, 0x0000000085400000|100%| S|CS|TAMS 0x0000000085300000, 0x0000000085300000| Complete 
|  84|0x0000000085400000, 0x0000000085500000, 0x0000000085500000|100%| S|CS|TAMS 0x0000000085400000, 0x0000000085400000| Complete 
|  85|0x0000000085500000, 0x0000000085600000, 0x0000000085600000|100%| S|CS|TAMS 0x0000000085500000, 0x0000000085500000| Complete 
|  86|0x0000000085600000, 0x0000000085600000, 0x0000000085700000|  0%| F|  |TAMS 0x0000000085600000, 0x0000000085600000| Untracked 
|  87|0x0000000085700000, 0x0000000085700000, 0x0000000085800000|  0%| F|  |TAMS 0x0000000085700000, 0x0000000085700000| Untracked 
|  88|0x0000000085800000, 0x0000000085800000, 0x0000000085900000|  0%| F|  |TAMS 0x0000000085800000, 0x0000000085800000| Untracked 
|  89|0x0000000085900000, 0x0000000085900000, 0x0000000085a00000|  0%| F|  |TAMS 0x0000000085900000, 0x0000000085900000| Untracked 
|  90|0x0000000085a00000, 0x0000000085a00000, 0x0000000085b00000|  0%| F|  |TAMS 0x0000000085a00000, 0x0000000085a00000| Untracked 
|  91|0x0000000085b00000, 0x0000000085b00000, 0x0000000085c00000|  0%| F|  |TAMS 0x0000000085b00000, 0x0000000085b00000| Untracked 
|  92|0x0000000085c00000, 0x0000000085c00000, 0x0000000085d00000|  0%| F|  |TAMS 0x0000000085c00000, 0x0000000085c00000| Untracked 
|  93|0x0000000085d00000, 0x0000000085d00000, 0x0000000085e00000|  0%| F|  |TAMS 0x0000000085d00000, 0x0000000085d00000| Untracked 
|  94|0x0000000085e00000, 0x0000000085e00000, 0x0000000085f00000|  0%| F|  |TAMS 0x0000000085e00000, 0x0000000085e00000| Untracked 
|  95|0x0000000085f00000, 0x0000000085f00000, 0x0000000086000000|  0%| F|  |TAMS 0x0000000085f00000, 0x0000000085f00000| Untracked 
|  96|0x0000000086000000, 0x0000000086000000, 0x0000000086100000|  0%| F|  |TAMS 0x0000000086000000, 0x0000000086000000| Untracked 
|  97|0x0000000086100000, 0x0000000086100000, 0x0000000086200000|  0%| F|  |TAMS 0x0000000086100000, 0x0000000086100000| Untracked 
|  98|0x0000000086200000, 0x0000000086200000, 0x0000000086300000|  0%| F|  |TAMS 0x0000000086200000, 0x0000000086200000| Untracked 
|  99|0x0000000086300000, 0x0000000086300000, 0x0000000086400000|  0%| F|  |TAMS 0x0000000086300000, 0x0000000086300000| Untracked 
| 100|0x0000000086400000, 0x0000000086400000, 0x0000000086500000|  0%| F|  |TAMS 0x0000000086400000, 0x0000000086400000| Untracked 
| 101|0x0000000086500000, 0x0000000086500000, 0x0000000086600000|  0%| F|  |TAMS 0x0000000086500000, 0x0000000086500000| Untracked 
| 102|0x0000000086600000, 0x0000000086600000, 0x0000000086700000|  0%| F|  |TAMS 0x0000000086600000, 0x0000000086600000| Untracked 
| 103|0x0000000086700000, 0x0000000086700000, 0x0000000086800000|  0%| F|  |TAMS 0x0000000086700000, 0x0000000086700000| Untracked 
| 104|0x0000000086800000, 0x0000000086800000, 0x0000000086900000|  0%| F|  |TAMS 0x0000000086800000, 0x0000000086800000| Untracked 
| 105|0x0000000086900000, 0x0000000086900000, 0x0000000086a00000|  0%| F|  |TAMS 0x0000000086900000, 0x0000000086900000| Untracked 
| 106|0x0000000086a00000, 0x0000000086a00000, 0x0000000086b00000|  0%| F|  |TAMS 0x0000000086a00000, 0x0000000086a00000| Untracked 
| 107|0x0000000086b00000, 0x0000000086b00000, 0x0000000086c00000|  0%| F|  |TAMS 0x0000000086b00000, 0x0000000086b00000| Untracked 
| 108|0x0000000086c00000, 0x0000000086c00000, 0x0000000086d00000|  0%| F|  |TAMS 0x0000000086c00000, 0x0000000086c00000| Untracked 
| 109|0x0000000086d00000, 0x0000000086d00000, 0x0000000086e00000|  0%| F|  |TAMS 0x0000000086d00000, 0x0000000086d00000| Untracked 
| 110|0x0000000086e00000, 0x0000000086e00000, 0x0000000086f00000|  0%| F|  |TAMS 0x0000000086e00000, 0x0000000086e00000| Untracked 
| 111|0x0000000086f00000, 0x0000000086f00000, 0x0000000087000000|  0%| F|  |TAMS 0x0000000086f00000, 0x0000000086f00000| Untracked 
| 112|0x0000000087000000, 0x0000000087000000, 0x0000000087100000|  0%| F|  |TAMS 0x0000000087000000, 0x0000000087000000| Untracked 
| 113|0x0000000087100000, 0x0000000087100000, 0x0000000087200000|  0%| F|  |TAMS 0x0000000087100000, 0x0000000087100000| Untracked 
| 114|0x0000000087200000, 0x0000000087200000, 0x0000000087300000|  0%| F|  |TAMS 0x0000000087200000, 0x0000000087200000| Untracked 
| 115|0x0000000087300000, 0x0000000087300000, 0x0000000087400000|  0%| F|  |TAMS 0x0000000087300000, 0x0000000087300000| Untracked 
| 116|0x0000000087400000, 0x0000000087400000, 0x0000000087500000|  0%| F|  |TAMS 0x0000000087400000, 0x0000000087400000| Untracked 
| 117|0x0000000087500000, 0x0000000087500000, 0x0000000087600000|  0%| F|  |TAMS 0x0000000087500000, 0x0000000087500000| Untracked 
| 118|0x0000000087600000, 0x0000000087600000, 0x0000000087700000|  0%| F|  |TAMS 0x0000000087600000, 0x0000000087600000| Untracked 
| 119|0x0000000087700000, 0x0000000087700000, 0x0000000087800000|  0%| F|  |TAMS 0x0000000087700000, 0x0000000087700000| Untracked 
| 120|0x0000000087800000, 0x0000000087800000, 0x0000000087900000|  0%| F|  |TAMS 0x0000000087800000, 0x0000000087800000| Untracked 
| 121|0x0000000087900000, 0x0000000087900000, 0x0000000087a00000|  0%| F|  |TAMS 0x0000000087900000, 0x0000000087900000| Untracked 
| 122|0x0000000087a00000, 0x0000000087a00000, 0x0000000087b00000|  0%| F|  |TAMS 0x0000000087a00000, 0x0000000087a00000| Untracked 
| 123|0x0000000087b00000, 0x0000000087b00000, 0x0000000087c00000|  0%| F|  |TAMS 0x0000000087b00000, 0x0000000087b00000| Untracked 
| 124|0x0000000087c00000, 0x0000000087c00000, 0x0000000087d00000|  0%| F|  |TAMS 0x0000000087c00000, 0x0000000087c00000| Untracked 
| 125|0x0000000087d00000, 0x0000000087d00000, 0x0000000087e00000|  0%| F|  |TAMS 0x0000000087d00000, 0x0000000087d00000| Untracked 
| 126|0x0000000087e00000, 0x0000000087e00000, 0x0000000087f00000|  0%| F|  |TAMS 0x0000000087e00000, 0x0000000087e00000| Untracked 
| 127|0x0000000087f00000, 0x0000000087f00000, 0x0000000088000000|  0%| F|  |TAMS 0x0000000087f00000, 0x0000000087f00000| Untracked 
| 128|0x0000000088000000, 0x0000000088000000, 0x0000000088100000|  0%| F|  |TAMS 0x0000000088000000, 0x0000000088000000| Untracked 
| 129|0x0000000088100000, 0x0000000088100000, 0x0000000088200000|  0%| F|  |TAMS 0x0000000088100000, 0x0000000088100000| Untracked 
| 130|0x0000000088200000, 0x0000000088200000, 0x0000000088300000|  0%| F|  |TAMS 0x0000000088200000, 0x0000000088200000| Untracked 
| 131|0x0000000088300000, 0x0000000088300000, 0x0000000088400000|  0%| F|  |TAMS 0x0000000088300000, 0x0000000088300000| Untracked 
| 132|0x0000000088400000, 0x000000008849f240, 0x0000000088500000| 62%| E|  |TAMS 0x0000000088400000, 0x0000000088400000| Complete 
| 133|0x0000000088500000, 0x0000000088600000, 0x0000000088600000|100%| E|CS|TAMS 0x0000000088500000, 0x0000000088500000| Complete 
| 134|0x0000000088600000, 0x0000000088700000, 0x0000000088700000|100%| E|CS|TAMS 0x0000000088600000, 0x0000000088600000| Complete 
| 135|0x0000000088700000, 0x0000000088800000, 0x0000000088800000|100%| E|CS|TAMS 0x0000000088700000, 0x0000000088700000| Complete 
| 136|0x0000000088800000, 0x0000000088900000, 0x0000000088900000|100%| E|CS|TAMS 0x0000000088800000, 0x0000000088800000| Complete 
| 137|0x0000000088900000, 0x0000000088a00000, 0x0000000088a00000|100%| E|CS|TAMS 0x0000000088900000, 0x0000000088900000| Complete 
| 138|0x0000000088a00000, 0x0000000088b00000, 0x0000000088b00000|100%| E|CS|TAMS 0x0000000088a00000, 0x0000000088a00000| Complete 
| 139|0x0000000088b00000, 0x0000000088c00000, 0x0000000088c00000|100%| E|CS|TAMS 0x0000000088b00000, 0x0000000088b00000| Complete 
| 140|0x0000000088c00000, 0x0000000088d00000, 0x0000000088d00000|100%| E|CS|TAMS 0x0000000088c00000, 0x0000000088c00000| Complete 
| 141|0x0000000088d00000, 0x0000000088e00000, 0x0000000088e00000|100%| E|CS|TAMS 0x0000000088d00000, 0x0000000088d00000| Complete 
| 142|0x0000000088e00000, 0x0000000088f00000, 0x0000000088f00000|100%| E|CS|TAMS 0x0000000088e00000, 0x0000000088e00000| Complete 
| 143|0x0000000088f00000, 0x0000000089000000, 0x0000000089000000|100%| E|CS|TAMS 0x0000000088f00000, 0x0000000088f00000| Complete 
| 144|0x0000000089000000, 0x0000000089100000, 0x0000000089100000|100%| E|CS|TAMS 0x0000000089000000, 0x0000000089000000| Complete 
| 145|0x0000000089100000, 0x0000000089200000, 0x0000000089200000|100%| E|CS|TAMS 0x0000000089100000, 0x0000000089100000| Complete 
| 146|0x0000000089200000, 0x0000000089300000, 0x0000000089300000|100%| E|CS|TAMS 0x0000000089200000, 0x0000000089200000| Complete 
| 147|0x0000000089300000, 0x0000000089400000, 0x0000000089400000|100%| E|CS|TAMS 0x0000000089300000, 0x0000000089300000| Complete 
| 148|0x0000000089400000, 0x0000000089500000, 0x0000000089500000|100%| E|CS|TAMS 0x0000000089400000, 0x0000000089400000| Complete 
| 149|0x0000000089500000, 0x0000000089600000, 0x0000000089600000|100%| E|CS|TAMS 0x0000000089500000, 0x0000000089500000| Complete 
| 150|0x0000000089600000, 0x0000000089700000, 0x0000000089700000|100%| E|CS|TAMS 0x0000000089600000, 0x0000000089600000| Complete 
| 151|0x0000000089700000, 0x0000000089800000, 0x0000000089800000|100%| E|CS|TAMS 0x0000000089700000, 0x0000000089700000| Complete 
| 152|0x0000000089800000, 0x0000000089900000, 0x0000000089900000|100%| E|CS|TAMS 0x0000000089800000, 0x0000000089800000| Complete 
| 153|0x0000000089900000, 0x0000000089a00000, 0x0000000089a00000|100%| E|CS|TAMS 0x0000000089900000, 0x0000000089900000| Complete 

Card table byte_map: [0x000002755eb20000,0x000002755ef20000] _byte_map_base: 0x000002755e720000

Marking Bits (Prev, Next): (CMBitMap*) 0x0000027549e2d9b0, (CMBitMap*) 0x0000027549e2d978
 Prev Bits: [0x0000027561320000, 0x0000027563320000)
 Next Bits: [0x000002755f320000, 0x0000027561320000)

Polling page: 0x0000027549ed0000

Metaspace:

Usage:
  Non-class:     24.85 MB capacity,    24.34 MB ( 98%) used,   453.53 KB (  2%) free+waste,    65.56 KB ( <1%) overhead. 
      Class:      4.00 MB capacity,     3.72 MB ( 93%) used,   257.25 KB (  6%) free+waste,    33.13 KB ( <1%) overhead. 
       Both:     28.85 MB capacity,    28.06 MB ( 97%) used,   710.78 KB (  2%) free+waste,    98.69 KB ( <1%) overhead. 

Virtual space:
  Non-class space:       26.00 MB reserved,      24.92 MB ( 96%) committed 
      Class space:        1.00 GB reserved,       4.07 MB ( <1%) committed 
             Both:        1.03 GB reserved,      29.00 MB (  3%) committed 

Chunk freelists:
   Non-Class:  14.00 KB
       Class:  27.00 KB
        Both:  41.00 KB

MaxMetaspaceSize: 17179869184.00 GB
CompressedClassSpaceSize: 1.00 GB

CodeHeap 'non-profiled nmethods': size=120064Kb used=1262Kb max_used=1262Kb free=118801Kb
 bounds [0x0000027556bb0000, 0x0000027556e20000, 0x000002755e0f0000]
CodeHeap 'profiled nmethods': size=120000Kb used=5610Kb max_used=5610Kb free=114389Kb
 bounds [0x000002754f680000, 0x000002754fc00000, 0x0000027556bb0000]
CodeHeap 'non-nmethods': size=5696Kb used=1161Kb max_used=1193Kb free=4534Kb
 bounds [0x000002754f0f0000, 0x000002754f360000, 0x000002754f680000]
 total_blobs=3103 nmethods=2599 adapters=415
 compilation: enabled
              stopped_count=0, restarted_count=0
 full_count=0

Compilation events (20 events):
Event: 6.483 Thread 0x0000027565993800 2553       3       java.lang.invoke.Invokers::checkCustomized (23 bytes)
Event: 6.484 Thread 0x0000027565993800 nmethod 2553 0x000002754fbd6210 code [0x000002754fbd63e0, 0x000002754fbd65a8]
Event: 6.498 Thread 0x0000027565993800 2555       3       sun.reflect.annotation.AnnotationInvocationHandler::invoke (178 bytes)
Event: 6.500 Thread 0x0000027565993800 nmethod 2555 0x000002754fbd6690 code [0x000002754fbd69a0, 0x000002754fbd7a08]
Event: 6.525 Thread 0x0000027565993800 2556       3       java.lang.invoke.MethodHandles$Lookup::lookupModes (8 bytes)
Event: 6.525 Thread 0x0000027565993800 nmethod 2556 0x000002754fbd7f90 code [0x000002754fbd8140, 0x000002754fbd8238]
Event: 6.536 Thread 0x0000027565993800 2557       3       com.google.common.cache.LongAdder::<init> (5 bytes)
Event: 6.536 Thread 0x0000027565993800 nmethod 2557 0x000002754fbd8310 code [0x000002754fbd84e0, 0x000002754fbd86f8]
Event: 6.536 Thread 0x0000027565993800 2558       3       com.google.common.cache.Striped64::<init> (5 bytes)
Event: 6.536 Thread 0x0000027565993800 nmethod 2558 0x000002754fbd8810 code [0x000002754fbd89c0, 0x000002754fbd8b78]
Event: 6.537 Thread 0x0000027565993800 2559       3       org.gradle.internal.logging.slf4j.OutputEventListenerBackedLogger::isLevelAtMost (20 bytes)
Event: 6.537 Thread 0x0000027565993800 nmethod 2559 0x000002754fbd8c90 code [0x000002754fbd8e60, 0x000002754fbd9188]
Event: 6.537 Thread 0x0000027565993800 2560       3       org.gradle.internal.logging.slf4j.OutputEventListenerBackedLoggerContext::getLevel (11 bytes)
Event: 6.538 Thread 0x0000027565993800 nmethod 2560 0x000002754fbd9310 code [0x000002754fbd94c0, 0x000002754fbd96d8]
Event: 6.554 Thread 0x0000027565993800 2562       1       org.gradle.internal.event.DefaultListenerManager::access$100 (5 bytes)
Event: 6.555 Thread 0x0000027565993800 nmethod 2562 0x0000027556cea010 code [0x0000027556cea1c0, 0x0000027556cea258]
Event: 6.555 Thread 0x0000027565993800 2564       3       java.lang.reflect.Constructor::acquireConstructorAccessor (44 bytes)
Event: 6.556 Thread 0x0000027565993800 nmethod 2564 0x000002754fbd9790 code [0x000002754fbd9980, 0x000002754fbd9e58]
Event: 6.559 Thread 0x0000027565993800 2565       3       java.lang.invoke.MethodHandles$Lookup::getDirectMethodNoSecurityManager (18 bytes)
Event: 6.560 Thread 0x0000027565993800 nmethod 2565 0x000002754fbda010 code [0x000002754fbda1c0, 0x000002754fbda308]

GC Heap History (12 events):
Event: 0.697 GC heap before
{Heap before GC invocations=0 (full 0):
 garbage-first heap   total 131072K, used 19456K [0x0000000080000000, 0x0000000100000000)
  region size 1024K, 14 young (14336K), 0 survivors (0K)
 Metaspace       used 6747K, capacity 6937K, committed 7168K, reserved 1056768K
  class space    used 584K, capacity 650K, committed 768K, reserved 1048576K
}
Event: 0.703 GC heap after
{Heap after GC invocations=1 (full 0):
 garbage-first heap   total 131072K, used 7558K [0x0000000080000000, 0x0000000100000000)
  region size 1024K, 2 young (2048K), 2 survivors (2048K)
 Metaspace       used 6747K, capacity 6937K, committed 7168K, reserved 1056768K
  class space    used 584K, capacity 650K, committed 768K, reserved 1048576K
}
Event: 1.123 GC heap before
{Heap before GC invocations=1 (full 0):
 garbage-first heap   total 131072K, used 18822K [0x0000000080000000, 0x0000000100000000)
  region size 1024K, 13 young (13312K), 2 survivors (2048K)
 Metaspace       used 10263K, capacity 10565K, committed 10624K, reserved 1058816K
  class space    used 1073K, capacity 1139K, committed 1152K, reserved 1048576K
}
Event: 1.129 GC heap after
{Heap after GC invocations=2 (full 0):
 garbage-first heap   total 131072K, used 9581K [0x0000000080000000, 0x0000000100000000)
  region size 1024K, 2 young (2048K), 2 survivors (2048K)
 Metaspace       used 10263K, capacity 10565K, committed 10624K, reserved 1058816K
  class space    used 1073K, capacity 1139K, committed 1152K, reserved 1048576K
}
Event: 1.765 GC heap before
{Heap before GC invocations=2 (full 0):
 garbage-first heap   total 131072K, used 35181K [0x0000000080000000, 0x0000000100000000)
  region size 1024K, 28 young (28672K), 2 survivors (2048K)
 Metaspace       used 11231K, capacity 11456K, committed 11520K, reserved 1058816K
  class space    used 1176K, capacity 1244K, committed 1280K, reserved 1048576K
}
Event: 1.770 GC heap after
{Heap after GC invocations=3 (full 0):
 garbage-first heap   total 131072K, used 10955K [0x0000000080000000, 0x0000000100000000)
  region size 1024K, 4 young (4096K), 4 survivors (4096K)
 Metaspace       used 11231K, capacity 11456K, committed 11520K, reserved 1058816K
  class space    used 1176K, capacity 1244K, committed 1280K, reserved 1048576K
}
Event: 4.560 GC heap before
{Heap before GC invocations=3 (full 0):
 garbage-first heap   total 131072K, used 52939K [0x0000000080000000, 0x0000000100000000)
  region size 1024K, 44 young (45056K), 4 survivors (4096K)
 Metaspace       used 17526K, capacity 17966K, committed 18048K, reserved 1064960K
  class space    used 2029K, capacity 2150K, committed 2176K, reserved 1048576K
}
Event: 4.570 GC heap after
{Heap after GC invocations=4 (full 0):
 garbage-first heap   total 131072K, used 15828K [0x0000000080000000, 0x0000000100000000)
  region size 1024K, 6 young (6144K), 6 survivors (6144K)
 Metaspace       used 17526K, capacity 17966K, committed 18048K, reserved 1064960K
  class space    used 2029K, capacity 2150K, committed 2176K, reserved 1048576K
}
Event: 5.016 GC heap before
{Heap before GC invocations=4 (full 0):
 garbage-first heap   total 131072K, used 45524K [0x0000000080000000, 0x0000000100000000)
  region size 1024K, 36 young (36864K), 6 survivors (6144K)
 Metaspace       used 20721K, capacity 21194K, committed 21296K, reserved 1069056K
  class space    used 2532K, capacity 2676K, committed 2688K, reserved 1048576K
}
Event: 5.028 GC heap after
{Heap after GC invocations=5 (full 0):
 garbage-first heap   total 157696K, used 17773K [0x0000000080000000, 0x0000000100000000)
  region size 1024K, 6 young (6144K), 6 survivors (6144K)
 Metaspace       used 20721K, capacity 21194K, committed 21296K, reserved 1069056K
  class space    used 2532K, capacity 2676K, committed 2688K, reserved 1048576K
}
Event: 6.308 GC heap before
{Heap before GC invocations=6 (full 0):
 garbage-first heap   total 157696K, used 89453K [0x0000000080000000, 0x0000000100000000)
  region size 1024K, 68 young (69632K), 6 survivors (6144K)
 Metaspace       used 27007K, capacity 27846K, committed 28156K, reserved 1073152K
  class space    used 3546K, capacity 3810K, committed 3916K, reserved 1048576K
}
Event: 6.321 GC heap after
{Heap after GC invocations=7 (full 0):
 garbage-first heap   total 157696K, used 32329K [0x0000000080000000, 0x0000000100000000)
  region size 1024K, 7 young (7168K), 7 survivors (7168K)
 Metaspace       used 27007K, capacity 27846K, committed 28156K, reserved 1073152K
  class space    used 3546K, capacity 3810K, committed 3916K, reserved 1048576K
}

Deoptimization events (20 events):
Event: 6.136 Thread 0x00000275688ef800 DEOPT PACKING pc=0x0000027556cb98d4 sp=0x000000b006ef8ca0
Event: 6.136 Thread 0x00000275688ef800 DEOPT UNPACKING pc=0x000002754f11662f sp=0x000000b006ef8cf0 mode 2
Event: 6.137 Thread 0x00000275688ef800 Uncommon trap: trap_request=0xffffffc6 fr.pc=0x0000027556cb98d4 relative=0x0000000000003ab4
Event: 6.137 Thread 0x00000275688ef800 Uncommon trap: reason=bimorphic_or_optimized_type_check action=maybe_recompile pc=0x0000027556cb98d4 method=java.lang.ClassLoader.loadClass(Ljava/lang/String;Z)Ljava/lang/Class; @ 38 c2
Event: 6.137 Thread 0x00000275688ef800 DEOPT PACKING pc=0x0000027556cb98d4 sp=0x000000b006efa350
Event: 6.137 Thread 0x00000275688ef800 DEOPT UNPACKING pc=0x000002754f11662f sp=0x000000b006efa3a0 mode 2
Event: 6.156 Thread 0x00000275688ef800 DEOPT PACKING pc=0x000002754f9c995a sp=0x000000b006ef63a0
Event: 6.156 Thread 0x00000275688ef800 DEOPT UNPACKING pc=0x000002754f116dde sp=0x000000b006ef5828 mode 0
Event: 6.165 Thread 0x00000275688ef800 Uncommon trap: trap_request=0xffffff4d fr.pc=0x0000027556c359e4 relative=0x00000000000019a4
Event: 6.165 Thread 0x00000275688ef800 Uncommon trap: reason=unstable_if action=reinterpret pc=0x0000027556c359e4 method=java.util.zip.ZipFile$Source.initCEN(ILjava/util/zip/ZipCoder;)V @ 582 c2
Event: 6.165 Thread 0x00000275688ef800 DEOPT PACKING pc=0x0000027556c359e4 sp=0x000000b006ef63e0
Event: 6.165 Thread 0x00000275688ef800 DEOPT UNPACKING pc=0x000002754f11662f sp=0x000000b006ef63c8 mode 2
Event: 6.180 Thread 0x00000275688ef800 DEOPT PACKING pc=0x000002754f9b92c9 sp=0x000000b006efa740
Event: 6.180 Thread 0x00000275688ef800 DEOPT UNPACKING pc=0x000002754f116dde sp=0x000000b006ef9bd0 mode 0
Event: 6.195 Thread 0x00000275688ef800 DEOPT PACKING pc=0x000002754f9b92c9 sp=0x000000b006ef8900
Event: 6.195 Thread 0x00000275688ef800 DEOPT UNPACKING pc=0x000002754f116dde sp=0x000000b006ef7d78 mode 0
Event: 6.243 Thread 0x00000275688ef800 DEOPT PACKING pc=0x000002754fb8b02a sp=0x000000b006ef5340
Event: 6.243 Thread 0x00000275688ef800 DEOPT UNPACKING pc=0x000002754f116dde sp=0x000000b006ef4930 mode 0
Event: 6.279 Thread 0x00000275688ef800 DEOPT PACKING pc=0x000002754fb8b02a sp=0x000000b006ef4390
Event: 6.279 Thread 0x00000275688ef800 DEOPT UNPACKING pc=0x000002754f116dde sp=0x000000b006ef3980 mode 0

Classes redefined (0 events):
No events

Internal exceptions (20 events):
Event: 6.274 Thread 0x00000275688ef800 Exception <a 'java/lang/NoSuchMethodError'{0x0000000085884d00}: <clinit>> (0x0000000085884d00) thrown at [./src/hotspot/share/prims/jni.cpp, line 1362]
Event: 6.275 Thread 0x00000275688ef800 Exception <a 'java/lang/NoSuchMethodError'{0x000000008588fd48}: <clinit>> (0x000000008588fd48) thrown at [./src/hotspot/share/prims/jni.cpp, line 1362]
Event: 6.288 Thread 0x00000275688ef800 Exception <a 'java/lang/NoSuchMethodError'{0x00000000857f3778}: <clinit>> (0x00000000857f3778) thrown at [./src/hotspot/share/prims/jni.cpp, line 1362]
Event: 6.290 Thread 0x00000275688ef800 Exception <a 'java/lang/NoSuchMethodError'{0x00000000857fd630}: <clinit>> (0x00000000857fd630) thrown at [./src/hotspot/share/prims/jni.cpp, line 1362]
Event: 6.291 Thread 0x00000275688ef800 Exception <a 'java/lang/NoSuchMethodError'{0x0000000085607bb0}: <clinit>> (0x0000000085607bb0) thrown at [./src/hotspot/share/prims/jni.cpp, line 1362]
Event: 6.292 Thread 0x00000275688ef800 Exception <a 'java/lang/NoSuchMethodError'{0x0000000085612078}: <clinit>> (0x0000000085612078) thrown at [./src/hotspot/share/prims/jni.cpp, line 1362]
Event: 6.306 Thread 0x00000275688ef800 Exception <a 'java/lang/NoSuchMethodError'{0x00000000856d2ff8}: <clinit>> (0x00000000856d2ff8) thrown at [./src/hotspot/share/prims/jni.cpp, line 1362]
Event: 6.306 Thread 0x00000275688ef800 Exception <a 'java/lang/NoSuchMethodError'{0x00000000856d5a30}: <clinit>> (0x00000000856d5a30) thrown at [./src/hotspot/share/prims/jni.cpp, line 1362]
Event: 6.306 Thread 0x00000275688ef800 Exception <a 'java/lang/NoSuchMethodError'{0x00000000856d7038}: <clinit>> (0x00000000856d7038) thrown at [./src/hotspot/share/prims/jni.cpp, line 1362]
Event: 6.306 Thread 0x00000275688ef800 Exception <a 'java/lang/NoSuchMethodError'{0x00000000856d85d0}: <clinit>> (0x00000000856d85d0) thrown at [./src/hotspot/share/prims/jni.cpp, line 1362]
Event: 6.306 Thread 0x00000275688ef800 Exception <a 'java/lang/NoSuchMethodError'{0x00000000856d9d30}: <clinit>> (0x00000000856d9d30) thrown at [./src/hotspot/share/prims/jni.cpp, line 1362]
Event: 6.307 Thread 0x00000275688ef800 Exception <a 'java/lang/NoSuchMethodError'{0x00000000856db3c8}: <clinit>> (0x00000000856db3c8) thrown at [./src/hotspot/share/prims/jni.cpp, line 1362]
Event: 6.307 Thread 0x00000275688ef800 Exception <a 'java/lang/NoSuchMethodError'{0x00000000856dc900}: <clinit>> (0x00000000856dc900) thrown at [./src/hotspot/share/prims/jni.cpp, line 1362]
Event: 6.452 Thread 0x00000275688ef800 Exception <a 'java/lang/NoSuchMethodError'{0x00000000890f2c10}: 'java.lang.Object java.lang.invoke.DirectMethodHandle$Holder.invokeSpecialIFC(java.lang.Object, java.lang.Object, java.lang.Object, java.lang.Object)'> (0x00000000890f2c10) thrown at [./src/hotspot/share/interpreter/linkResolver.cpp, line 773]
Event: 6.462 Thread 0x00000275688ef800 Exception <a 'java/lang/NoSuchMethodError'{0x0000000088fce2b8}: 'java.lang.Object java.lang.invoke.DirectMethodHandle$Holder.invokeSpecial(java.lang.Object, java.lang.Object, java.lang.Object, java.lang.Object, java.lang.Object, java.lang.Object, java.lang.Object, java.lang.Object, java.lang.Object, java.lang.Object, java.lang.Object, java.lang.Object, java.lang.Object)'> (0x0000000088fce2b8) thrown at [./src/hotspot/share/interpreter/linkResolver.cpp, line 773]
Event: 6.464 Thread 0x00000275688ef800 Exception <a 'java/lang/NoSuchMethodError'{0x0000000088fdf118}: 'java.lang.Object java.lang.invoke.DirectMethodHandle$Holder.invokeSpecial(java.lang.Object, java.lang.Object, java.lang.Object, java.lang.Object, java.lang.Object, java.lang.Object, java.lang.Object, java.lang.Object, java.lang.Object, java.lang.Object, java.lang.Object, java.lang.Object)'> (0x0000000088fdf118) thrown at [./src/hotspot/share/interpreter/linkResolver.cpp, line 773]
Event: 6.464 Thread 0x00000275688ef800 Exception <a 'java/lang/NoSuchMethodError'{0x0000000088fe4240}: 'java.lang.Object java.lang.invoke.Invokers$Holder.linkToTargetMethod(java.lang.Object, java.lang.Object, java.lang.Object, java.lang.Object, java.lang.Object, java.lang.Object, java.lang.Object, java.lang.Object, java.lang.Object, java.lang.Object, java.lang.Object)'> (0x0000000088fe4240) thrown at [./src/hotspot/share/interpreter/linkResolver.cpp, line 773]
Event: 6.483 Thread 0x00000275688ef800 Exception <a 'java/lang/NoSuchMethodError'{0x0000000088d24eb8}: 'java.lang.Object java.lang.invoke.DirectMethodHandle$Holder.invokeSpecial(java.lang.Object, java.lang.Object, java.lang.Object, java.lang.Object, java.lang.Object, java.lang.Object, java.lang.Object, java.lang.Object, java.lang.Object, java.lang.Object, java.lang.Object, java.lang.Object, java.lang.Object, java.lang.Object)'> (0x0000000088d24eb8) thrown at [./src/hotspot/share/interpreter/linkResolver.cpp, line 773]
Event: 6.484 Thread 0x00000275688ef800 Exception <a 'java/lang/NoSuchMethodError'{0x0000000088d36530}: 'java.lang.Object java.lang.invoke.Invokers$Holder.linkToTargetMethod(java.lang.Object, java.lang.Object, java.lang.Object, java.lang.Object, java.lang.Object, java.lang.Object, java.lang.Object, java.lang.Object, java.lang.Object, java.lang.Object, java.lang.Object, java.lang.Object)'> (0x0000000088d36530) thrown at [./src/hotspot/share/interpreter/linkResolver.cpp, line 773]
Event: 6.493 Thread 0x00000275688ef800 Exception <a 'java/lang/NoSuchMethodError'{0x0000000088dc81d8}: 'java.lang.Object java.lang.invoke.DirectMethodHandle$Holder.invokeStaticInit(java.lang.Object, java.lang.Object, java.lang.Object, java.lang.Object)'> (0x0000000088dc81d8) thrown at [./src/hotspot/share/interpreter/linkResolver.cpp, line 773]

Events (20 events):
Event: 6.564 loading class org/apache/ivy/util/MessageLogger
Event: 6.564 loading class org/apache/ivy/util/MessageLogger done
Event: 6.565 loading class org/gradle/api/internal/DefaultCollectionCallbackActionDecorator
Event: 6.565 loading class org/gradle/api/internal/DefaultCollectionCallbackActionDecorator done
Event: 6.566 loading class org/gradle/api/internal/provider/DefaultValueSourceProviderFactory
Event: 6.566 loading class org/gradle/api/internal/provider/DefaultValueSourceProviderFactory done
Event: 6.567 loading class org/gradle/api/internal/provider/ValueSourceProviderFactory$Listener$ObtainedValue
Event: 6.567 loading class org/gradle/api/internal/provider/ValueSourceProviderFactory$Listener$ObtainedValue done
Event: 6.568 loading class org/gradle/internal/isolated/IsolationScheme
Event: 6.568 loading class org/gradle/internal/isolated/IsolationScheme done
Event: 6.568 loading class org/gradle/api/provider/ValueSource
Event: 6.568 loading class org/gradle/api/provider/ValueSource done
Event: 6.569 loading class org/gradle/api/provider/ValueSourceParameters
Event: 6.569 loading class org/gradle/api/provider/ValueSourceParameters done
Event: 6.569 loading class org/gradle/api/provider/ValueSourceParameters$None
Event: 6.569 loading class org/gradle/api/provider/ValueSourceParameters$None done
Event: 6.569 loading class org/gradle/api/internal/provider/ValueSourceProviderFactory$Listener
Event: 6.569 loading class org/gradle/api/internal/provider/ValueSourceProviderFactory$Listener done
Event: 6.570 loading class org/gradle/api/internal/provider/DefaultProviderFactory
Event: 6.570 loading class org/gradle/api/internal/provider/DefaultProviderFactory done


Dynamic libraries:
0x00007ff727820000 - 0x00007ff72782a000 	C:\Program Files\Android\Android Studio\jre\bin\java.exe
0x00007ff88e1f0000 - 0x00007ff88e3e5000 	C:\WINDOWS\SYSTEM32\ntdll.dll
0x00007ff88c700000 - 0x00007ff88c7be000 	C:\WINDOWS\System32\KERNEL32.DLL
0x00007ff88bca0000 - 0x00007ff88bf68000 	C:\WINDOWS\System32\KERNELBASE.dll
0x00007ff88bf70000 - 0x00007ff88c070000 	C:\WINDOWS\System32\ucrtbase.dll
0x00007ff87ee00000 - 0x00007ff87ee17000 	C:\Program Files\Android\Android Studio\jre\bin\VCRUNTIME140.dll
0x00007ff87eab0000 - 0x00007ff87eac9000 	C:\Program Files\Android\Android Studio\jre\bin\jli.dll
0x00007ff88ded0000 - 0x00007ff88e070000 	C:\WINDOWS\System32\USER32.dll
0x00007ff88b8e0000 - 0x00007ff88b902000 	C:\WINDOWS\System32\win32u.dll
0x00007ff878b10000 - 0x00007ff878daa000 	C:\WINDOWS\WinSxS\amd64_microsoft.windows.common-controls_6595b64144ccf1df_6.0.19041.1110_none_60b5254171f9507e\COMCTL32.dll
0x00007ff88c460000 - 0x00007ff88c48b000 	C:\WINDOWS\System32\GDI32.dll
0x00007ff88d690000 - 0x00007ff88d72e000 	C:\WINDOWS\System32\msvcrt.dll
0x00007ff88c110000 - 0x00007ff88c21b000 	C:\WINDOWS\System32\gdi32full.dll
0x00007ff88b910000 - 0x00007ff88b9ad000 	C:\WINDOWS\System32\msvcp_win.dll
0x00007ff88d950000 - 0x00007ff88d980000 	C:\WINDOWS\System32\IMM32.DLL
0x00007ff85afc0000 - 0x00007ff85b05d000 	C:\Program Files\Android\Android Studio\jre\bin\msvcp140.dll
0x00007ff84bb10000 - 0x00007ff84c5e5000 	C:\Program Files\Android\Android Studio\jre\bin\server\jvm.dll
0x00007ff88c3b0000 - 0x00007ff88c45e000 	C:\WINDOWS\System32\ADVAPI32.dll
0x00007ff88c490000 - 0x00007ff88c52c000 	C:\WINDOWS\System32\sechost.dll
0x00007ff88d810000 - 0x00007ff88d935000 	C:\WINDOWS\System32\RPCRT4.dll
0x00007ff88ddf0000 - 0x00007ff88ddf8000 	C:\WINDOWS\System32\PSAPI.DLL
0x00007ff883d30000 - 0x00007ff883d3a000 	C:\WINDOWS\SYSTEM32\VERSION.dll
0x00007ff873900000 - 0x00007ff873927000 	C:\WINDOWS\SYSTEM32\WINMM.dll
0x00007ff873c00000 - 0x00007ff873c09000 	C:\WINDOWS\SYSTEM32\WSOCK32.dll
0x00007ff88e0f0000 - 0x00007ff88e15b000 	C:\WINDOWS\System32\WS2_32.dll
0x00007ff889500000 - 0x00007ff889512000 	C:\WINDOWS\SYSTEM32\kernel.appcore.dll
0x00007ff8857f0000 - 0x00007ff885801000 	C:\Program Files\Android\Android Studio\jre\bin\verify.dll
0x00007ff88b300000 - 0x00007ff88b4e4000 	C:\WINDOWS\SYSTEM32\DBGHELP.DLL
0x00007ff88a830000 - 0x00007ff88a85c000 	C:\WINDOWS\SYSTEM32\dbgcore.DLL
0x00007ff88b9b0000 - 0x00007ff88ba32000 	C:\WINDOWS\System32\bcryptPrimitives.dll
0x00007ff880690000 - 0x00007ff8806b9000 	C:\Program Files\Android\Android Studio\jre\bin\java.dll
0x00007ff888250000 - 0x00007ff88825b000 	C:\Program Files\Android\Android Studio\jre\bin\jimage.dll
0x00007ff881780000 - 0x00007ff881798000 	C:\Program Files\Android\Android Studio\jre\bin\zip.dll
0x00007ff88c9d0000 - 0x00007ff88d114000 	C:\WINDOWS\System32\SHELL32.dll
0x00007ff889670000 - 0x00007ff889e04000 	C:\WINDOWS\SYSTEM32\windows.storage.dll
0x00007ff88d120000 - 0x00007ff88d474000 	C:\WINDOWS\System32\combase.dll
0x00007ff88afc0000 - 0x00007ff88afec000 	C:\WINDOWS\SYSTEM32\Wldp.dll
0x00007ff88d570000 - 0x00007ff88d61d000 	C:\WINDOWS\System32\SHCORE.dll
0x00007ff88c7c0000 - 0x00007ff88c815000 	C:\WINDOWS\System32\shlwapi.dll
0x00007ff88b820000 - 0x00007ff88b83f000 	C:\WINDOWS\SYSTEM32\profapi.dll
0x00007ff880670000 - 0x00007ff88068a000 	C:\Program Files\Android\Android Studio\jre\bin\net.dll
0x00007ff8786e0000 - 0x00007ff8787e9000 	C:\WINDOWS\SYSTEM32\WINHTTP.dll
0x00007ff88ad40000 - 0x00007ff88adaa000 	C:\WINDOWS\system32\mswsock.dll
0x00007ff880650000 - 0x00007ff880664000 	C:\Program Files\Android\Android Studio\jre\bin\nio.dll
0x00007ff883d60000 - 0x00007ff883d87000 	C:\Users\1290743\.gradle\native\e1d6ef7f7dcc3fd88c89a11ec53ec762bb8ba0a96d01ffa2cd45eb1d1d8dd5c5\windows-amd64\native-platform.dll
0x00007ff85a400000 - 0x00007ff85a544000 	C:\Users\1290743\.gradle\native\5664cfc778a61ccfe75a443a1ab52a65af34e5dc3c78e0209fed803814484fcb\windows-amd64\native-platform-file-events.dll
0x00007ff887ac0000 - 0x00007ff887aca000 	C:\Program Files\Android\Android Studio\jre\bin\management.dll
0x00007ff8856d0000 - 0x00007ff8856dd000 	C:\Program Files\Android\Android Studio\jre\bin\management_ext.dll
0x00007ff88b660000 - 0x00007ff88b678000 	C:\WINDOWS\SYSTEM32\CRYPTSP.dll
0x00007ff88a5f0000 - 0x00007ff88a624000 	C:\WINDOWS\system32\rsaenh.dll
0x00007ff88c070000 - 0x00007ff88c097000 	C:\WINDOWS\System32\bcrypt.dll
0x00007ff88b7e0000 - 0x00007ff88b80e000 	C:\WINDOWS\SYSTEM32\USERENV.dll
0x00007ff88af30000 - 0x00007ff88af3c000 	C:\WINDOWS\SYSTEM32\CRYPTBASE.dll
0x00007ff88aa30000 - 0x00007ff88aa6b000 	C:\WINDOWS\SYSTEM32\IPHLPAPI.DLL
0x00007ff88d940000 - 0x00007ff88d948000 	C:\WINDOWS\System32\NSI.dll
0x00007ff87f580000 - 0x00007ff87f597000 	C:\WINDOWS\SYSTEM32\dhcpcsvc6.DLL
0x00007ff8811b0000 - 0x00007ff8811cd000 	C:\WINDOWS\SYSTEM32\dhcpcsvc.DLL
0x00007ff88aa70000 - 0x00007ff88ab3a000 	C:\WINDOWS\SYSTEM32\DNSAPI.dll

dbghelp: loaded successfully - version: 4.0.5 - missing functions: none
symbol engine: initialized successfully - sym options: 0x614 - pdb path: .;C:\Program Files\Android\Android Studio\jre\bin;C:\WINDOWS\SYSTEM32;C:\WINDOWS\WinSxS\amd64_microsoft.windows.common-controls_6595b64144ccf1df_6.0.19041.1110_none_60b5254171f9507e;C:\Program Files\Android\Android Studio\jre\bin\server;C:\Users\1290743\.gradle\native\e1d6ef7f7dcc3fd88c89a11ec53ec762bb8ba0a96d01ffa2cd45eb1d1d8dd5c5\windows-amd64;C:\Users\1290743\.gradle\native\5664cfc778a61ccfe75a443a1ab52a65af34e5dc3c78e0209fed803814484fcb\windows-amd64

VM Arguments:
jvm_args: --add-opens=java.base/java.util=ALL-UNNAMED --add-opens=java.base/java.lang=ALL-UNNAMED --add-opens=java.base/java.lang.invoke=ALL-UNNAMED --add-opens=java.base/java.util=ALL-UNNAMED --add-opens=java.prefs/java.util.prefs=ALL-UNNAMED --add-opens=java.prefs/java.util.prefs=ALL-UNNAMED --add-opens=java.base/java.nio.charset=ALL-UNNAMED --add-opens=java.base/java.net=ALL-UNNAMED --add-opens=java.base/java.util.concurrent.atomic=ALL-UNNAMED -Xmx2048m -Dfile.encoding=UTF-8 -Duser.country=RU -Duser.language=ru -Duser.variant 
java_command: org.gradle.launcher.daemon.bootstrap.GradleDaemon 7.2
java_class_path (initial): C:\Users\1290743\.gradle\wrapper\dists\gradle-7.2-bin\2dnblmf4td7x66yl1d74lt32g\gradle-7.2\lib\gradle-launcher-7.2.jar
Launcher Type: SUN_STANDARD

[Global flags]
     intx CICompilerCount                          = 3                                         {product} {ergonomic}
     uint ConcGCThreads                            = 1                                         {product} {ergonomic}
     uint G1ConcRefinementThreads                  = 4                                         {product} {ergonomic}
   size_t G1HeapRegionSize                         = 1048576                                   {product} {ergonomic}
    uintx GCDrainStackTargetSize                   = 64                                        {product} {ergonomic}
   size_t InitialHeapSize                          = 134217728                                 {product} {ergonomic}
   size_t MarkStackSize                            = 4194304                                   {product} {ergonomic}
   size_t MaxHeapSize                              = 2147483648                                {product} {command line}
   size_t MaxNewSize                               = 1287651328                                {product} {ergonomic}
   size_t MinHeapDeltaBytes                        = 1048576                                   {product} {ergonomic}
    uintx NonNMethodCodeHeapSize                   = 5830732                                {pd product} {ergonomic}
    uintx NonProfiledCodeHeapSize                  = 122913754                              {pd product} {ergonomic}
    uintx ProfiledCodeHeapSize                     = 122913754                              {pd product} {ergonomic}
    uintx ReservedCodeCacheSize                    = 251658240                              {pd product} {ergonomic}
     bool SegmentedCodeCache                       = true                                      {product} {ergonomic}
     bool UseCompressedClassPointers               = true                                 {lp64_product} {ergonomic}
     bool UseCompressedOops                        = true                                 {lp64_product} {ergonomic}
     bool UseG1GC                                  = true                                      {product} {ergonomic}
     bool UseLargePagesIndividualAllocation        = false                                  {pd product} {ergonomic}

Logging:
Log output configuration:
 #0: stdout all=warning uptime,level,tags
 #1: stderr all=off uptime,level,tags

Environment Variables:
PATH=C:\Program Files\Common Files\Oracle\Java\javapath;C:\ProgramData\Oracle\Java\javapath;C:\Windows\system32;C:\Windows;C:\Windows\System32\Wbem;C:\Windows\System32\WindowsPowerShell\v1.0\;C:\Windows\System32\OpenSSH\;C:\Program Files (x86)\NVIDIA Corporation\PhysX\Common;C:\Program Files\dotnet\;C:\Program Files\NVIDIA Corporation\NVIDIA NvDLISR;C:\WINDOWS\system32;C:\WINDOWS;C:\WINDOWS\System32\Wbem;C:\WINDOWS\System32\WindowsPowerShell\v1.0\;C:\WINDOWS\System32\OpenSSH\;C:\Program Files (x86)\Microsoft SQL Server\150\DTS\Binn\;C:\Program Files\Azure Data Studio\bin;C:\Program Files\Microsoft SQL Server\Client SDK\ODBC\170\Tools\Binn\;C:\Program Files (x86)\Microsoft SQL Server\150\Tools\Binn\;C:\Program Files\Microsoft SQL Server\150\Tools\Binn\;C:\Program Files\Microsoft SQL Server\150\DTS\Binn\;C:\Program Files\Microsoft SQL Server\130\Tools\Binn\;C:\Program Files\Git\cmd;C:\Users\1290743\AppData\Local\Microsoft\WindowsApps;;C:\Users\1290743\AppData\Local\Programs\Microsoft VS Code\bin;C:\Users\1290743\.dotnet\tools;C:\Program Files\Azure Data Studio\bin
USERNAME=1290743
OS=Windows_NT
PROCESSOR_IDENTIFIER=Intel64 Family 6 Model 142 Stepping 10, GenuineIntel



---------------  S Y S T E M  ---------------

OS: Windows 10 , 64 bit Build 19041 (10.0.19041.1566)
OS uptime: 14 days 23:22 hours

CPU:total 4 (initial active 4) (2 cores per cpu, 2 threads per core) family 6 model 142 stepping 10 microcode 0xea, cmov, cx8, fxsr, mmx, sse, sse2, sse3, ssse3, sse4.1, sse4.2, popcnt, avx, avx2, aes, clmul, erms, 3dnowpref, lzcnt, ht, tsc, tscinvbit, bmi1, bmi2, adx, fma

Memory: 4k page, system-wide physical 8101M (1033M free)
TotalPageFile size 10117M (AvailPageFile size 4M)
current process WorkingSet (physical memory assigned to process): 221M, peak: 221M
current process commit charge ("private bytes"): 307M, peak: 308M

vm_info: OpenJDK 64-Bit Server VM (11.0.11+9-b60-7590822) for windows-amd64 JRE (11.0.11+9-b60-7590822), built on Jul 29 2021 21:43:44 by "builder" with MS VC++ 14.0 (VS2015)

END.
